ğŸ§ª Mode 2 Test Suite - Wed Jun 18 10:53:16 AM +07 2025
ğŸ“Š Configuration:
   Proxy: true
   Proxy Host: 127.0.0.1:3128
   Verbose: true
   Container: velocitas-quick-proxy
   Timeout: 120s
   Output: test_results

ğŸ“‹ System Info:
   Docker: Docker version 28.2.2, build e6534b4
   OS: Linux HC-C-0057R 6.5.0-26-generic #26~22.04.1-Ubuntu SMP PREEMPT_DYNAMIC Tue Mar 12 10:22:43 UTC 2 x86_64 x86_64 x86_64 GNU/Linux
   Disk: /dev/mapper/ubuntu--vg-ubuntu--lv  935G  321G  567G  37% /

ğŸ”§ TEST 1: Container Build
Started: Wed Jun 18 10:53:16 AM +07 2025
#0 building with "default" instance using docker driver

#1 [internal] load build definition from Dockerfile.quick
#1 transferring dockerfile: 4.97kB done
#1 DONE 0.0s

#2 [auth] eclipse-velocitas/devcontainer-base-images/cpp:pull token for ghcr.io
#2 DONE 0.0s

#3 [internal] load metadata for ghcr.io/eclipse-velocitas/devcontainer-base-images/cpp:v0.4
#3 DONE 2.5s

#4 [internal] load .dockerignore
#4 transferring context: 126B done
#4 DONE 0.0s

#5 [ 1/21] FROM ghcr.io/eclipse-velocitas/devcontainer-base-images/cpp:v0.4@sha256:07b710143fc78143e744c932d2acb48ab71a8ae59ef95fcb1d20e4db59bf6a7c
#5 DONE 0.0s

#6 [internal] load build context
#6 transferring context: 701B done
#6 DONE 0.0s

#7 [18/21] RUN export PATH="$HOME/.local/bin:/usr/local/sbin:/usr/local/bin:/usr/sbin:/usr/bin:/sbin:/bin" &&     velocitas exec build-system build -r
#7 CACHED

#8 [10/21] COPY --chown=vscode:vscode templates/conanfile.txt /quickbuild/conanfile.txt
#8 CACHED

#9 [12/21] COPY --chown=vscode:vscode templates/app/ /quickbuild/app/
#9 CACHED

#10 [19/21] COPY --chown=vscode:vscode scripts/ /scripts/
#10 CACHED

#11 [11/21] COPY --chown=vscode:vscode templates/CMakeLists.txt /quickbuild/CMakeLists.txt
#11 CACHED

#12 [15/21] RUN pip install --user -r /tmp/requirements.txt &&     export PATH="$HOME/.local/bin:/usr/local/sbin:/usr/local/bin:/usr/sbin:/usr/bin:/sbin:/bin" &&     velocitas init -f -v
#12 CACHED

#13 [20/21] RUN chmod +x /scripts/*.sh
#13 CACHED

#14 [13/21] COPY --chown=vscode:vscode templates/app/src/VehicleApp.template.cpp /quickbuild/app/src/VehicleApp.cpp
#14 CACHED

#15 [ 4/21] RUN echo vscode ALL=(root) NOPASSWD:ALL > /etc/sudoers.d/vscode     && chmod 0440 /etc/sudoers.d/vscode
#15 CACHED

#16 [ 9/21] COPY --chown=vscode:vscode templates/AppManifest.json /quickbuild/app/AppManifest.json
#16 CACHED

#17 [ 7/21] RUN python3 -m pip install --user --upgrade pip &&     python3 -m pip install --user -r /tmp/requirements.txt
#17 CACHED

#18 [ 8/21] WORKDIR /quickbuild
#18 CACHED

#19 [14/21] COPY --chown=vscode:vscode .velocitas.json /quickbuild/.velocitas.json
#19 CACHED

#20 [16/21] RUN export PATH="$HOME/.local/bin:/usr/local/sbin:/usr/local/bin:/usr/sbin:/usr/bin:/sbin:/bin" &&     velocitas exec build-system install
#20 CACHED

#21 [ 2/21] RUN groupadd --gid 1000 vscode || true &&     useradd --uid 1000 --gid 1000 -m vscode || true
#21 CACHED

#22 [ 3/21] RUN apt-get update && apt-get install -y     curl     wget     git     sudo     build-essential     cmake     ninja-build     ccache     pkg-config     python3     python3-pip     netcat-openbsd     jq     && rm -rf /var/lib/apt/lists/*
#22 CACHED

#23 [ 6/21] COPY requirements.txt /tmp/requirements.txt
#23 CACHED

#24 [17/21] RUN export PATH="$HOME/.local/bin:/usr/local/sbin:/usr/local/bin:/usr/sbin:/usr/bin:/sbin:/bin" &&     velocitas exec vehicle-signal-interface download-vspec &&     velocitas exec vehicle-signal-interface generate-model
#24 CACHED

#25 [ 5/21] RUN mkdir -p /quickbuild && chown -R vscode:vscode /quickbuild
#25 CACHED

#26 [21/21] RUN echo '#!/bin/bash\nexport PATH="$HOME/.local/bin:$PATH"\n/scripts/quick-build.sh "$@"' > /usr/local/bin/build &&     echo '#!/bin/bash\nexport PATH="$HOME/.local/bin:$PATH"\n/scripts/quick-run.sh "$@"' > /usr/local/bin/run &&     echo '#!/bin/bash\nexport PATH="$HOME/.local/bin:$PATH"\n/scripts/validate-template.sh "$@"' > /usr/local/bin/validate &&     echo '#!/bin/bash\nexport PATH="$HOME/.local/bin:$PATH"\n/scripts/quick-build.sh gen-model "$@"' > /usr/local/bin/gen-model &&     echo '#!/bin/bash\nexport PATH="$HOME/.local/bin:$PATH"\n/scripts/quick-build.sh compile "$@"' > /usr/local/bin/compile &&     echo '#!/bin/bash\nexport PATH="$HOME/.local/bin:$PATH"\n/scripts/quick-build.sh finalize "$@"' > /usr/local/bin/finalize &&     chmod +x /usr/local/bin/build /usr/local/bin/run /usr/local/bin/validate /usr/local/bin/gen-model /usr/local/bin/compile /usr/local/bin/finalize
#26 CACHED

#27 exporting to image
#27 exporting layers done
#27 writing image sha256:1b2a71d975d5d491ff09c98a8331cae8866a4cc4852840271159d668a0372823 done
#27 naming to docker.io/library/velocitas-quick-proxy done
#27 DONE 0.0s
Completed: Wed Jun 18 10:53:19 AM +07 2025
Exit Code: 0
Duration: 3s

âœ… TEST 1 PASSED: Container Build
ğŸ”§ TEST 2: Help Command
Started: Wed Jun 18 10:53:19 AM +07 2025
â„¹ï¸  [INFO] Workspace: /quickbuild
Quick Build Script - Mode 2 Blackbox Utility

Usage:
  cat VehicleApp.cpp | docker run -i velocitas-quick
  docker run -v $(pwd)/app.cpp:/input velocitas-quick
  docker run -v $(pwd):/input velocitas-quick

Custom VSS Support:
  # Use custom VSS file
  docker run -v $(pwd)/my-vss.json:/vss.json -e VSS_SPEC_FILE=/vss.json -i velocitas-quick

  # Use custom VSS URL
  docker run -e VSS_SPEC_URL=https://company.com/vss.json -i velocitas-quick

Commands:
  build       - Build the application (default)
  run         - Build (if needed) and run application with live output
  rerun       - Run pre-built template (no input needed, fastest)
  validate    - Only validate VehicleApp.cpp

Granular Build Commands:
  gen-model   - Generate vehicle signal model from VSS (Step 3)
  model       - Alias for gen-model
  compile     - Compile C++ application only (Step 4)
  build-cpp   - Alias for compile
  finalize    - Build summary and finalization (Step 5)

  help        - Show this help message

Environment Variables:
  VSS_SPEC_FILE - Path to custom VSS JSON file
  VSS_SPEC_URL  - URL to custom VSS JSON specification
  VERBOSE_BUILD - Set to 1 to show detailed command output
Completed: Wed Jun 18 10:53:20 AM +07 2025
Exit Code: 0
Duration: 1s

âœ… TEST 2 PASSED: Help Command
ğŸ”§ TEST 3: Basic Build via Stdin
Started: Wed Jun 18 10:53:20 AM +07 2025
â„¹ï¸  [INFO] Workspace: /quickbuild

â„¹ï¸  [INFO] ğŸš€ Velocitas C++ Quick Build Utility
â„¹ï¸  [INFO] â”â”â”â”â”â”â”â”â”â”â”â”â”â”â”â”â”â”â”â”â”â”â”â”â”â”â”â”â”â”â”â”â”â”â”â”â”â”â”â”â”â”â”â”â”â”â”â”â”â”â”â”â”â”â”â”â”
â„¹ï¸  [INFO] ğŸ“¦ Zero-setup containerized build for Velocitas vehicle apps

â„¹ï¸  [INFO] ğŸ”§ STEP 1/5: Processing input...
â„¹ï¸  [INFO] Reading user VehicleApp.cpp...
â„¹ï¸  [INFO] Reading from stdin...
âœ… [SUCCESS] VehicleApp.cpp validation passed
âœ… [SUCCESS] VehicleApp.cpp loaded successfully (454 lines)

â„¹ï¸  [INFO] ğŸ”§ STEP 2/5: Preparing build workspace...
â„¹ï¸  [INFO] Preparing build workspace...
â„¹ï¸  [INFO] Configuring VSS specification...
â„¹ï¸  [INFO] Using default VSS 4.0 specification
â„¹ï¸  [INFO] Cleaning previous build artifacts...
âœ… [SUCCESS] Workspace prepared

â„¹ï¸  [INFO] ğŸ”§ STEP 3/5: Vehicle signal model preparation...
â„¹ï¸  [INFO] Generating vehicle model from VSS...
vspec_file_path='/home/vscode/.velocitas/projects/20c9e89591b7712bd6517500cc120486/vspec.json' >> VELOCITAS_CACHE
unit_file_path_list=["/home/vscode/.velocitas/packages/devenv-devcontainer-setup/v3.0.0/vehicle-model-lifecycle/units.yaml"] >> VELOCITAS_CACHE
âœ… [SUCCESS] VSS specification downloaded
Deleting old model at '/home/vscode/.velocitas/projects/20c9e89591b7712bd6517500cc120486/vehicle_model'
Invoking model generator for language cpp and file '/home/vscode/.velocitas/projects/20c9e89591b7712bd6517500cc120486/vspec.json' with units from ['/home/vscode/.velocitas/packages/devenv-devcontainer-setup/v3.0.0/vehicle-model-lifecycle/units.yaml']
Loading json...
Generating tree from json...
Recursing tree and creating c++ code...
All done.
Exporting Conan project
âœ… [SUCCESS] Vehicle model generated
âœ… [SUCCESS] Vehicle model generated

â„¹ï¸  [INFO] ğŸ”§ STEP 4/5: Building C++ application...
â„¹ï¸  [INFO] Building C++ application...
â„¹ï¸  [INFO] ğŸ”§ Configuring build environment...
â„¹ï¸  [INFO] ğŸ“¦ Installing dependencies (if needed)...
--> "MIXED" build type detected - preparing build for pure Release and "mixed" buid type:

--> Installing dependencies for "mixed" build: Dependencies in Release mode, local stuff in Debug mode ...
[1m[35m
======== Input profiles ========[0m
[1m[36mProfile host:[0m
[settings]
arch=x86_64
build_type=Release
compiler=gcc
compiler.cppstd=17
compiler.libcxx=libstdc++11
compiler.version=11
os=Linux
&:build_type=Debug
[buildenv]
CC=x86_64-linux-gnu-gcc-11
CXX=x86_64-linux-gnu-g++-11
LD=x86_64-linux-gnu-ld
[0m
[1m[36mProfile build:[0m
[settings]
arch=x86_64
build_type=Release
compiler=gcc
compiler.cppstd=17
compiler.libcxx=libstdc++11
compiler.version=11
os=Linux
[buildenv]
CC=x86_64-linux-gnu-gcc-11
CXX=x86_64-linux-gnu-g++-11
LD=x86_64-linux-gnu-ld
[0m
[1m[35m
======== Computing dependency graph ========[0m
[1m[33mGraph root[0m
[1m[36m    conanfile.txt: /quickbuild/conanfile.txt[0m
[1m[33mRequirements[0m
[1m[36m    abseil/20230802.1#cd8012e2f333d4008dcf43cb39b031b8 - Cache[0m
[1m[36m    c-ares/1.34.3#55aa867c731f23300cd544f6d90a794d - Cache[0m
[1m[36m    fmt/11.1.1#9d84ca70128ab4b84d80140b45d76b21 - Cache[0m
[1m[36m    grpc/1.50.1#11ca9ad5502889e7b32e5122a7000037 - Cache[0m
[1m[36m    nlohmann_json/3.11.3#45828be26eb619a2e04ca517bb7b828d - Cache[0m
[1m[36m    openssl/3.4.1#638c4c4df8ecdef1f7aa73fc0d07fde6 - Cache[0m
[1m[36m    paho-mqtt-c/1.3.13#398643eeb183ad7536157ea96b6fad52 - Cache[0m
[1m[36m    paho-mqtt-cpp/1.4.0#5faa2a31ae8c1c1acfd3ab6bcbecd9bc - Cache[0m
[1m[36m    protobuf/3.21.12#1815c278fa25d4447be035f7bb52ed7e - Cache[0m
[1m[36m    re2/20230301#e8d673155a0494f27c7589b611e8350d - Cache[0m
[1m[36m    vehicle-app-sdk/0.7.0#30d6b025245b59e189d5087e7a8aca26 - Cache[0m
[1m[36m    vehicle-model/generated#ea8604cd048ba7a3baeb82b505ca53da - Cache[0m
[1m[36m    zlib/1.3.1#b8bc2603263cf7eccbd6e17e66b0ed76 - Cache[0m
[1m[33mBuild requirements[0m
[1m[36m    abseil/20230802.1#cd8012e2f333d4008dcf43cb39b031b8 - Cache[0m
[1m[36m    c-ares/1.34.3#55aa867c731f23300cd544f6d90a794d - Cache[0m
[1m[36m    cmake/3.31.6#ed0e6c1d49bd564ce6fed1a19653b86d - Cache[0m
[1m[36m    grpc/1.50.1#11ca9ad5502889e7b32e5122a7000037 - Cache[0m
[1m[36m    openssl/3.4.1#638c4c4df8ecdef1f7aa73fc0d07fde6 - Cache[0m
[1m[36m    protobuf/3.21.12#1815c278fa25d4447be035f7bb52ed7e - Cache[0m
[1m[36m    re2/20230301#e8d673155a0494f27c7589b611e8350d - Cache[0m
[1m[36m    zlib/1.3.1#b8bc2603263cf7eccbd6e17e66b0ed76 - Cache[0m
[1m[33mResolved version ranges[0m
[1m[36m    abseil/[>=20230125.3 <=20230802.1]: abseil/20230802.1[0m
[1m[36m    c-ares/[>=1.19.1 <2]: c-ares/1.34.3[0m
[1m[36m    cmake/[>=3.25 <4]: cmake/3.31.6[0m
[1m[36m    openssl/[>=1.1 <4]: openssl/3.4.1[0m
[1m[36m    zlib/[>=1.2.11 <2]: zlib/1.3.1[0m
[1m[35m
======== Computing necessary packages ========[0m
Connecting to remote 'conancenter' anonymously[0m
[1m[33mRequirements[0m
[1m[36m    abseil/20230802.1#cd8012e2f333d4008dcf43cb39b031b8:13be611585c95453f1cbbd053cea04b3e64470ca#710166ef8f4cf03ced5fa2517919728f - Cache[0m
[1m[36m    c-ares/1.34.3#55aa867c731f23300cd544f6d90a794d:e3c52a2f5bd5dc2a32df2d25f9f70a04cfd7bea3#136a11d51eb02659d1e1a19d4f45d7b8 - Cache[0m
[1m[36m    fmt/11.1.1#9d84ca70128ab4b84d80140b45d76b21:29da3f322a17cc9826b294a7ab191c2f298a9f49#3e8d0a0786499b1f9a664774105eafbe - Cache[0m
[1m[36m    grpc/1.50.1#11ca9ad5502889e7b32e5122a7000037:d2f7e98507df6010002471e4759512a6304ca3c2#0d7784aef253040c205404081c2df3c7 - Cache[0m
[1m[36m    nlohmann_json/3.11.3#45828be26eb619a2e04ca517bb7b828d:da39a3ee5e6b4b0d3255bfef95601890afd80709#552828a2560333bcbeff9d087ce0af0f - Cache[0m
[1m[36m    openssl/3.4.1#638c4c4df8ecdef1f7aa73fc0d07fde6:ba0c965640dfc9185194d683d05bfbe6419b47a3#1d843347092982a7457076e20260b3dc - Cache[0m
[1m[36m    paho-mqtt-c/1.3.13#398643eeb183ad7536157ea96b6fad52:f54498ef9ce4a33155fd3c80a3636b5c0a2169cf#634ea5f932ada817bc79ab38b4fabe2f - Cache[0m
[1m[36m    paho-mqtt-cpp/1.4.0#5faa2a31ae8c1c1acfd3ab6bcbecd9bc:08e303d4ae4d38419fbedbffd216a4f52d185e37#454b0264b741d19e3d93d96dc26396d1 - Cache[0m
[1m[36m    protobuf/3.21.12#1815c278fa25d4447be035f7bb52ed7e:10670e90b03eb1607902ed190ae2fecdc52d69bb#b5324d4450284f61adacce3eb9c2aa90 - Cache[0m
[1m[36m    re2/20230301#e8d673155a0494f27c7589b611e8350d:81d35562505eb9186290237bea6e2684b0ba3cc8#9a7aa2fcdc3224b32df054cadb7a5439 - Cache[0m
[1m[36m    vehicle-app-sdk/0.7.0#30d6b025245b59e189d5087e7a8aca26:7ce7e38afed71a4b4ec561a41b36ad98baefe9ec#1d4a5ac661230b4cda78063b8c5fb7e7 - Cache[0m
[1m[36m    vehicle-model/generated#ea8604cd048ba7a3baeb82b505ca53da:8c358ded7a47c6b689964f9635606e1577e3ad39#004cfa2f7396a54b5955064f6cd86d0a - Cache[0m
[1m[36m    zlib/1.3.1#b8bc2603263cf7eccbd6e17e66b0ed76:b647c43bfefae3f830561ca202b6cfd935b56205#fee20b6da94c4580b0c84ca5ce203fdc - Cache[0m
[1m[33mBuild requirements[0m
[1m[33mSkipped binaries[0m
[1m[36m    abseil/20230802.1, c-ares/1.34.3, cmake/3.31.6, grpc/1.50.1, openssl/3.4.1, protobuf/3.21.12, re2/20230301, zlib/1.3.1[0m
[1m[35m
======== Installing packages ========[0m
[1m[32mabseil/20230802.1:[0m [1m[32mAlready installed! (1 of 13)[0m
[1m[32mc-ares/1.34.3:[0m [1m[32mAlready installed! (2 of 13)[0m
[1m[32mfmt/11.1.1:[0m [1m[32mAlready installed! (3 of 13)[0m
[1m[32mnlohmann_json/3.11.3:[0m [1m[32mAlready installed! (4 of 13)[0m
[1m[32mre2/20230301:[0m [1m[32mAlready installed! (5 of 13)[0m
[1m[32mzlib/1.3.1:[0m [1m[32mAlready installed! (6 of 13)[0m
[1m[32mopenssl/3.4.1:[0m [1m[32mAlready installed! (7 of 13)[0m
[1m[32mprotobuf/3.21.12:[0m [1m[32mAlready installed! (8 of 13)[0m
[1m[32mgrpc/1.50.1:[0m [1m[32mAlready installed! (9 of 13)[0m
[1m[32mpaho-mqtt-c/1.3.13:[0m [1m[32mAlready installed! (10 of 13)[0m
[1m[32mpaho-mqtt-cpp/1.4.0:[0m [1m[32mAlready installed! (11 of 13)[0m
[1m[32mvehicle-app-sdk/0.7.0:[0m [1m[32mAlready installed! (12 of 13)[0m
[1m[32mvehicle-model/generated:[0m [1m[32mAlready installed! (13 of 13)[0m
[33mWARN: deprecated: Usage of deprecated Conan 1.X features that will be removed in Conan 2.X:[0m
[33mWARN: deprecated:     'cpp_info.names' used in: abseil/20230802.1, paho-mqtt-cpp/1.4.0, c-ares/1.34.3, protobuf/3.21.12, zlib/1.3.1[0m
[33mWARN: deprecated:     'cpp_info.build_modules' used in: abseil/20230802.1, protobuf/3.21.12[0m
[33mWARN: deprecated:     'env_info' used in: c-ares/1.34.3, protobuf/3.21.12[0m
[33mWARN: deprecated:     'cpp_info.filenames' used in: protobuf/3.21.12[0m
[1m[35m
======== Finalizing install (deploy, generators) ========[0m
[1m[35mconanfile.txt:[0m [1m[35mWriting generators to /quickbuild/build-linux-x86_64/Debug/generators[0m
conanfile.txt:[0m Generator 'CMakeDeps' calling 'generate()'[0m
[36mconanfile.txt:[0m [36mCMakeDeps necessary find_package() and targets for your CMakeLists.txt
    find_package(vehicle-model)
    find_package(vehicle-app-sdk)
    find_package(fmt)
    find_package(nlohmann_json)
    target_link_libraries(... vehicle-model::vehicle-model vehicle-app-sdk::vehicle-app-sdk fmt::fmt nlohmann_json::nlohmann_json)[0m
conanfile.txt:[0m Generator 'CMakeToolchain' calling 'generate()'[0m
conanfile.txt:[0m CMakeToolchain generated: conan_toolchain.cmake[0m
[36mconanfile.txt:[0m [36mCMakeToolchain: Preset 'conan-debug' added to CMakePresets.json.
    (cmake>=3.23) cmake --preset conan-debug
    (cmake<3.23) cmake <path> -G "Unix Makefiles" -DCMAKE_TOOLCHAIN_FILE=conan_toolchain.cmake  -DCMAKE_POLICY_DEFAULT_CMP0091=NEW -DCMAKE_BUILD_TYPE=Debug[0m
conanfile.txt:[0m CMakeToolchain generated: /quickbuild/build-linux-x86_64/Debug/generators/CMakePresets.json[0m
conanfile.txt:[0m CMakeToolchain generated: /quickbuild/CMakeUserPresets.json[0m
[1m[35mconanfile.txt:[0m [1m[35mGenerating aggregated env files[0m
conanfile.txt:[0m Generated aggregated env files: ['conanbuild.sh', 'conanrun.sh'][0m
[1m[32mInstall finished successfully[0m
[0m
--> Installing dependencies for uniform build in Release mode ...
[1m[35m
======== Input profiles ========[0m
[1m[36mProfile host:[0m
[settings]
arch=x86_64
build_type=Release
compiler=gcc
compiler.cppstd=17
compiler.libcxx=libstdc++11
compiler.version=11
os=Linux
[buildenv]
CC=x86_64-linux-gnu-gcc-11
CXX=x86_64-linux-gnu-g++-11
LD=x86_64-linux-gnu-ld
[0m
[1m[36mProfile build:[0m
[settings]
arch=x86_64
build_type=Release
compiler=gcc
compiler.cppstd=17
compiler.libcxx=libstdc++11
compiler.version=11
os=Linux
[buildenv]
CC=x86_64-linux-gnu-gcc-11
CXX=x86_64-linux-gnu-g++-11
LD=x86_64-linux-gnu-ld
[0m
[1m[35m
======== Computing dependency graph ========[0m
[1m[33mGraph root[0m
[1m[36m    conanfile.txt: /quickbuild/conanfile.txt[0m
[1m[33mRequirements[0m
[1m[36m    abseil/20230802.1#cd8012e2f333d4008dcf43cb39b031b8 - Cache[0m
[1m[36m    c-ares/1.34.3#55aa867c731f23300cd544f6d90a794d - Cache[0m
[1m[36m    fmt/11.1.1#9d84ca70128ab4b84d80140b45d76b21 - Cache[0m
[1m[36m    grpc/1.50.1#11ca9ad5502889e7b32e5122a7000037 - Cache[0m
[1m[36m    nlohmann_json/3.11.3#45828be26eb619a2e04ca517bb7b828d - Cache[0m
[1m[36m    openssl/3.4.1#638c4c4df8ecdef1f7aa73fc0d07fde6 - Cache[0m
[1m[36m    paho-mqtt-c/1.3.13#398643eeb183ad7536157ea96b6fad52 - Cache[0m
[1m[36m    paho-mqtt-cpp/1.4.0#5faa2a31ae8c1c1acfd3ab6bcbecd9bc - Cache[0m
[1m[36m    protobuf/3.21.12#1815c278fa25d4447be035f7bb52ed7e - Cache[0m
[1m[36m    re2/20230301#e8d673155a0494f27c7589b611e8350d - Cache[0m
[1m[36m    vehicle-app-sdk/0.7.0#30d6b025245b59e189d5087e7a8aca26 - Cache[0m
[1m[36m    vehicle-model/generated#ea8604cd048ba7a3baeb82b505ca53da - Cache[0m
[1m[36m    zlib/1.3.1#b8bc2603263cf7eccbd6e17e66b0ed76 - Cache[0m
[1m[33mBuild requirements[0m
[1m[36m    abseil/20230802.1#cd8012e2f333d4008dcf43cb39b031b8 - Cache[0m
[1m[36m    c-ares/1.34.3#55aa867c731f23300cd544f6d90a794d - Cache[0m
[1m[36m    cmake/3.31.6#ed0e6c1d49bd564ce6fed1a19653b86d - Cache[0m
[1m[36m    grpc/1.50.1#11ca9ad5502889e7b32e5122a7000037 - Cache[0m
[1m[36m    openssl/3.4.1#638c4c4df8ecdef1f7aa73fc0d07fde6 - Cache[0m
[1m[36m    protobuf/3.21.12#1815c278fa25d4447be035f7bb52ed7e - Cache[0m
[1m[36m    re2/20230301#e8d673155a0494f27c7589b611e8350d - Cache[0m
[1m[36m    zlib/1.3.1#b8bc2603263cf7eccbd6e17e66b0ed76 - Cache[0m
[1m[33mResolved version ranges[0m
[1m[36m    abseil/[>=20230125.3 <=20230802.1]: abseil/20230802.1[0m
[1m[36m    c-ares/[>=1.19.1 <2]: c-ares/1.34.3[0m
[1m[36m    cmake/[>=3.25 <4]: cmake/3.31.6[0m
[1m[36m    openssl/[>=1.1 <4]: openssl/3.4.1[0m
[1m[36m    zlib/[>=1.2.11 <2]: zlib/1.3.1[0m
[1m[35m
======== Computing necessary packages ========[0m
Connecting to remote 'conancenter' anonymously[0m
[1m[33mRequirements[0m
[1m[36m    abseil/20230802.1#cd8012e2f333d4008dcf43cb39b031b8:13be611585c95453f1cbbd053cea04b3e64470ca#710166ef8f4cf03ced5fa2517919728f - Cache[0m
[1m[36m    c-ares/1.34.3#55aa867c731f23300cd544f6d90a794d:e3c52a2f5bd5dc2a32df2d25f9f70a04cfd7bea3#136a11d51eb02659d1e1a19d4f45d7b8 - Cache[0m
[1m[36m    fmt/11.1.1#9d84ca70128ab4b84d80140b45d76b21:29da3f322a17cc9826b294a7ab191c2f298a9f49#3e8d0a0786499b1f9a664774105eafbe - Cache[0m
[1m[36m    grpc/1.50.1#11ca9ad5502889e7b32e5122a7000037:d2f7e98507df6010002471e4759512a6304ca3c2#0d7784aef253040c205404081c2df3c7 - Cache[0m
[1m[36m    nlohmann_json/3.11.3#45828be26eb619a2e04ca517bb7b828d:da39a3ee5e6b4b0d3255bfef95601890afd80709#552828a2560333bcbeff9d087ce0af0f - Cache[0m
[1m[36m    openssl/3.4.1#638c4c4df8ecdef1f7aa73fc0d07fde6:ba0c965640dfc9185194d683d05bfbe6419b47a3#1d843347092982a7457076e20260b3dc - Cache[0m
[1m[36m    paho-mqtt-c/1.3.13#398643eeb183ad7536157ea96b6fad52:f54498ef9ce4a33155fd3c80a3636b5c0a2169cf#634ea5f932ada817bc79ab38b4fabe2f - Cache[0m
[1m[36m    paho-mqtt-cpp/1.4.0#5faa2a31ae8c1c1acfd3ab6bcbecd9bc:08e303d4ae4d38419fbedbffd216a4f52d185e37#454b0264b741d19e3d93d96dc26396d1 - Cache[0m
[1m[36m    protobuf/3.21.12#1815c278fa25d4447be035f7bb52ed7e:10670e90b03eb1607902ed190ae2fecdc52d69bb#b5324d4450284f61adacce3eb9c2aa90 - Cache[0m
[1m[36m    re2/20230301#e8d673155a0494f27c7589b611e8350d:81d35562505eb9186290237bea6e2684b0ba3cc8#9a7aa2fcdc3224b32df054cadb7a5439 - Cache[0m
[1m[36m    vehicle-app-sdk/0.7.0#30d6b025245b59e189d5087e7a8aca26:7ce7e38afed71a4b4ec561a41b36ad98baefe9ec#1d4a5ac661230b4cda78063b8c5fb7e7 - Cache[0m
[1m[36m    vehicle-model/generated#ea8604cd048ba7a3baeb82b505ca53da:8c358ded7a47c6b689964f9635606e1577e3ad39#004cfa2f7396a54b5955064f6cd86d0a - Cache[0m
[1m[36m    zlib/1.3.1#b8bc2603263cf7eccbd6e17e66b0ed76:b647c43bfefae3f830561ca202b6cfd935b56205#fee20b6da94c4580b0c84ca5ce203fdc - Cache[0m
[1m[33mBuild requirements[0m
[1m[33mSkipped binaries[0m
[1m[36m    abseil/20230802.1, c-ares/1.34.3, cmake/3.31.6, grpc/1.50.1, openssl/3.4.1, protobuf/3.21.12, re2/20230301, zlib/1.3.1[0m
[1m[35m
======== Installing packages ========[0m
[1m[32mabseil/20230802.1:[0m [1m[32mAlready installed! (1 of 13)[0m
[1m[32mc-ares/1.34.3:[0m [1m[32mAlready installed! (2 of 13)[0m
[1m[32mfmt/11.1.1:[0m [1m[32mAlready installed! (3 of 13)[0m
[1m[32mnlohmann_json/3.11.3:[0m [1m[32mAlready installed! (4 of 13)[0m
[1m[32mre2/20230301:[0m [1m[32mAlready installed! (5 of 13)[0m
[1m[32mzlib/1.3.1:[0m [1m[32mAlready installed! (6 of 13)[0m
[1m[32mopenssl/3.4.1:[0m [1m[32mAlready installed! (7 of 13)[0m
[1m[32mprotobuf/3.21.12:[0m [1m[32mAlready installed! (8 of 13)[0m
[1m[32mgrpc/1.50.1:[0m [1m[32mAlready installed! (9 of 13)[0m
[1m[32mpaho-mqtt-c/1.3.13:[0m [1m[32mAlready installed! (10 of 13)[0m
[1m[32mpaho-mqtt-cpp/1.4.0:[0m [1m[32mAlready installed! (11 of 13)[0m
[1m[32mvehicle-app-sdk/0.7.0:[0m [1m[32mAlready installed! (12 of 13)[0m
[1m[32mvehicle-model/generated:[0m [1m[32mAlready installed! (13 of 13)[0m
[33mWARN: deprecated: Usage of deprecated Conan 1.X features that will be removed in Conan 2.X:[0m
[33mWARN: deprecated:     'cpp_info.names' used in: c-ares/1.34.3, abseil/20230802.1, paho-mqtt-cpp/1.4.0, protobuf/3.21.12, zlib/1.3.1[0m
[33mWARN: deprecated:     'cpp_info.build_modules' used in: abseil/20230802.1, protobuf/3.21.12[0m
[33mWARN: deprecated:     'env_info' used in: c-ares/1.34.3, protobuf/3.21.12[0m
[33mWARN: deprecated:     'cpp_info.filenames' used in: protobuf/3.21.12[0m
[1m[35m
======== Finalizing install (deploy, generators) ========[0m
[1m[35mconanfile.txt:[0m [1m[35mWriting generators to /quickbuild/build-linux-x86_64/Release/generators[0m
conanfile.txt:[0m Generator 'CMakeDeps' calling 'generate()'[0m
[36mconanfile.txt:[0m [36mCMakeDeps necessary find_package() and targets for your CMakeLists.txt
    find_package(vehicle-model)
    find_package(vehicle-app-sdk)
    find_package(fmt)
    find_package(nlohmann_json)
    target_link_libraries(... vehicle-model::vehicle-model vehicle-app-sdk::vehicle-app-sdk fmt::fmt nlohmann_json::nlohmann_json)[0m
conanfile.txt:[0m Generator 'CMakeToolchain' calling 'generate()'[0m
conanfile.txt:[0m CMakeToolchain generated: conan_toolchain.cmake[0m
[36mconanfile.txt:[0m [36mCMakeToolchain: Preset 'conan-release' added to CMakePresets.json.
    (cmake>=3.23) cmake --preset conan-release
    (cmake<3.23) cmake <path> -G "Unix Makefiles" -DCMAKE_TOOLCHAIN_FILE=conan_toolchain.cmake  -DCMAKE_POLICY_DEFAULT_CMP0091=NEW -DCMAKE_BUILD_TYPE=Release[0m
conanfile.txt:[0m CMakeToolchain generated: /quickbuild/build-linux-x86_64/Release/generators/CMakePresets.json[0m
conanfile.txt:[0m CMakeToolchain generated: /quickbuild/CMakeUserPresets.json[0m
[1m[35mconanfile.txt:[0m [1m[35mGenerating aggregated env files[0m
conanfile.txt:[0m Generated aggregated env files: ['conanbuild.sh', 'conanrun.sh'][0m
[1m[32mInstall finished successfully[0m
[0mâœ… [SUCCESS] Dependencies installed/verified successfully
â„¹ï¸  [INFO] ğŸ—ï¸  Starting compilation (Release mode for optimization)...
â„¹ï¸  [INFO]    This may take 60-90 seconds depending on code complexity...
CMake version      cmake version 3.22.1

CMake suite maintained and supported by Kitware (kitware.com/cmake).
Conan version      Conan version 2.15.1
Build arch         x86_64
Host arch          x86_64
Build type         Release
Build target       all
Static build       no
Coverage enabled   no
Not searching for unused variables given on the command line.
-- Using Conan toolchain: /quickbuild/build-linux-x86_64/Release/generators/conan_toolchain.cmake
-- Conan toolchain: Defining architecture flag: -m64
-- Conan toolchain: C++ Standard 17 with extensions OFF
-- Conan: Target declared 'vehicle-app-sdk::vehicle-app-sdk'
-- Conan: Component target declared 'fmt::fmt'
-- Conan: Component target declared 'gRPC::address_sorting'
-- Conan: Component target declared 'gRPC::gpr'
-- Conan: Component target declared 'gRPC::grpc_plugin_support'
-- Conan: Component target declared 'gRPC::upb'
-- Conan: Component target declared 'gRPC::grpc'
-- Conan: Component target declared 'gRPC::grpc_unsecure'
-- Conan: Component target declared 'gRPC::grpc++'
-- Conan: Component target declared 'gRPC::grpc++_unsecure'
-- Conan: Component target declared 'gRPC::grpc++_alts'
-- Conan: Component target declared 'gRPC::grpc++_error_details'
-- Conan: Component target declared 'gRPC::grpc++_reflection'
-- Conan: Component target declared 'gRPC::grpcpp_channelz'
-- Conan: Target declared 'grpc::grpc'
-- Conan: Component target declared 'absl::config'
-- Conan: Component target declared 'absl::pretty_function'
-- Conan: Component target declared 'absl::civil_time'
-- Conan: Component target declared 'absl::time_zone'
-- Conan: Component target declared 'absl::errno_saver'
-- Conan: Component target declared 'absl::dynamic_annotations'
-- Conan: Component target declared 'absl::core_headers'
-- Conan: Component target declared 'absl::fast_type_id'
-- Conan: Component target declared 'absl::algorithm'
-- Conan: Component target declared 'absl::counting_allocator'
-- Conan: Component target declared 'absl::hashtable_debug_hooks'
-- Conan: Component target declared 'absl::node_slot_policy'
-- Conan: Component target declared 'absl::non_temporal_arm_intrinsics'
-- Conan: Component target declared 'absl::log_internal_voidify'
-- Conan: Component target declared 'absl::numeric_representation'
-- Conan: Component target declared 'absl::random_seed_gen_exception'
-- Conan: Component target declared 'absl::random_internal_traits'
-- Conan: Component target declared 'absl::random_internal_fast_uniform_bits'
-- Conan: Component target declared 'absl::random_internal_platform'
-- Conan: Component target declared 'absl::cordz_update_tracker'
-- Conan: Component target declared 'absl::if_constexpr'
-- Conan: Component target declared 'absl::atomic_hook'
-- Conan: Component target declared 'absl::log_severity'
-- Conan: Component target declared 'absl::strerror'
-- Conan: Component target declared 'absl::prefetch'
-- Conan: Component target declared 'absl::hashtable_debug'
-- Conan: Component target declared 'absl::non_temporal_memcpy'
-- Conan: Component target declared 'absl::leak_check'
-- Conan: Component target declared 'absl::flags_commandlineflag_internal'
-- Conan: Component target declared 'absl::log_internal_config'
-- Conan: Component target declared 'absl::log_internal_nullguard'
-- Conan: Component target declared 'absl::type_traits'
-- Conan: Component target declared 'absl::bits'
-- Conan: Component target declared 'absl::exponential_biased'
-- Conan: Component target declared 'absl::random_internal_randen_slow'
-- Conan: Component target declared 'absl::random_internal_randen_hwaes_impl'
-- Conan: Component target declared 'absl::nullability'
-- Conan: Component target declared 'absl::raw_logging_internal'
-- Conan: Component target declared 'absl::base_internal'
-- Conan: Component target declared 'absl::container_common'
-- Conan: Component target declared 'absl::meta'
-- Conan: Component target declared 'absl::int128'
-- Conan: Component target declared 'absl::periodic_sampler'
-- Conan: Component target declared 'absl::random_internal_fastmath'
-- Conan: Component target declared 'absl::random_internal_randen_hwaes'
-- Conan: Component target declared 'absl::random_internal_uniform_helper'
-- Conan: Component target declared 'absl::compare'
-- Conan: Component target declared 'absl::spinlock_wait'
-- Conan: Component target declared 'absl::throw_delegate'
-- Conan: Component target declared 'absl::scoped_set_env'
-- Conan: Component target declared 'absl::algorithm_container'
-- Conan: Component target declared 'absl::common_policy_traits'
-- Conan: Component target declared 'absl::debugging_internal'
-- Conan: Component target declared 'absl::memory'
-- Conan: Component target declared 'absl::numeric'
-- Conan: Component target declared 'absl::random_internal_iostream_state_saver'
-- Conan: Component target declared 'absl::random_internal_generate_real'
-- Conan: Component target declared 'absl::random_internal_wide_multiply'
-- Conan: Component target declared 'absl::random_internal_randen'
-- Conan: Component target declared 'absl::cordz_functions'
-- Conan: Component target declared 'absl::bad_any_cast_impl'
-- Conan: Component target declared 'absl::bad_optional_access'
-- Conan: Component target declared 'absl::bad_variant_access'
-- Conan: Component target declared 'absl::utility'
-- Conan: Component target declared 'absl::base'
-- Conan: Component target declared 'absl::cleanup_internal'
-- Conan: Component target declared 'absl::compressed_tuple'
-- Conan: Component target declared 'absl::container_memory'
-- Conan: Component target declared 'absl::hash_policy_traits'
-- Conan: Component target declared 'absl::stacktrace'
-- Conan: Component target declared 'absl::any_invocable'
-- Conan: Component target declared 'absl::random_internal_distribution_caller'
-- Conan: Component target declared 'absl::random_internal_pcg_engine'
-- Conan: Component target declared 'absl::bad_any_cast'
-- Conan: Component target declared 'absl::span'
-- Conan: Component target declared 'absl::optional'
-- Conan: Component target declared 'absl::variant'
-- Conan: Component target declared 'absl::malloc_internal'
-- Conan: Component target declared 'absl::endian'
-- Conan: Component target declared 'absl::cleanup'
-- Conan: Component target declared 'absl::fixed_array'
-- Conan: Component target declared 'absl::inlined_vector_internal'
-- Conan: Component target declared 'absl::crc_cpu_detect'
-- Conan: Component target declared 'absl::demangle_internal'
-- Conan: Component target declared 'absl::debugging'
-- Conan: Component target declared 'absl::bind_front'
-- Conan: Component target declared 'absl::function_ref'
-- Conan: Component target declared 'absl::log_internal_conditions'
-- Conan: Component target declared 'absl::random_bit_gen_ref'
-- Conan: Component target declared 'absl::random_internal_mock_helpers'
-- Conan: Component target declared 'absl::string_view'
-- Conan: Component target declared 'absl::any'
-- Conan: Component target declared 'absl::inlined_vector'
-- Conan: Component target declared 'absl::crc_internal'
-- Conan: Component target declared 'absl::city'
-- Conan: Component target declared 'absl::low_level_hash'
-- Conan: Component target declared 'absl::random_internal_randen_engine'
-- Conan: Component target declared 'absl::strings_internal'
-- Conan: Component target declared 'absl::graphcycles_internal'
-- Conan: Component target declared 'absl::strings'
-- Conan: Component target declared 'absl::layout'
-- Conan: Component target declared 'absl::symbolize'
-- Conan: Component target declared 'absl::flags_path_util'
-- Conan: Component target declared 'absl::flags_commandlineflag'
-- Conan: Component target declared 'absl::hash'
-- Conan: Component target declared 'absl::log_internal_proto'
-- Conan: Component target declared 'absl::log_internal_nullstream'
-- Conan: Component target declared 'absl::log_internal_append_truncated'
-- Conan: Component target declared 'absl::random_distributions'
-- Conan: Component target declared 'absl::random_internal_seed_material'
-- Conan: Component target declared 'absl::str_format_internal'
-- Conan: Component target declared 'absl::time'
-- Conan: Component target declared 'absl::examine_stack'
-- Conan: Component target declared 'absl::flags_private_handle_accessor'
-- Conan: Component target declared 'absl::log_internal_globals'
-- Conan: Component target declared 'absl::log_globals'
-- Conan: Component target declared 'absl::log_entry'
-- Conan: Component target declared 'absl::random_internal_pool_urbg'
-- Conan: Component target declared 'absl::random_internal_salted_seed_seq'
-- Conan: Component target declared 'absl::str_format'
-- Conan: Component target declared 'absl::kernel_timeout_internal'
-- Conan: Component target declared 'absl::crc32c'
-- Conan: Component target declared 'absl::failure_signal_handler'
-- Conan: Component target declared 'absl::flags_marshalling'
-- Conan: Component target declared 'absl::log_internal_format'
-- Conan: Component target declared 'absl::log_initialize'
-- Conan: Component target declared 'absl::log_sink'
-- Conan: Component target declared 'absl::random_seed_sequences'
-- Conan: Component target declared 'absl::random_internal_nonsecure_base'
-- Conan: Component target declared 'absl::random_internal_distribution_test_util'
-- Conan: Component target declared 'absl::synchronization'
-- Conan: Component target declared 'absl::crc_cord_state'
-- Conan: Component target declared 'absl::flags_program_name'
-- Conan: Component target declared 'absl::log_internal_log_sink_set'
-- Conan: Component target declared 'absl::sample_recorder'
-- Conan: Component target declared 'absl::random_random'
-- Conan: Component target declared 'absl::cordz_statistics'
-- Conan: Component target declared 'absl::cordz_handle'
-- Conan: Component target declared 'absl::hashtablez_sampler'
-- Conan: Component target declared 'absl::flags_config'
-- Conan: Component target declared 'absl::log_sink_registry'
-- Conan: Component target declared 'absl::cord_internal'
-- Conan: Component target declared 'absl::raw_hash_set'
-- Conan: Component target declared 'absl::flags_internal'
-- Conan: Component target declared 'absl::log_internal_message'
-- Conan: Component target declared 'absl::cordz_info'
-- Conan: Component target declared 'absl::raw_hash_map'
-- Conan: Component target declared 'absl::log_internal_strip'
-- Conan: Component target declared 'absl::log_internal_structured'
-- Conan: Component target declared 'absl::cordz_sample_token'
-- Conan: Component target declared 'absl::cordz_update_scope'
-- Conan: Component target declared 'absl::log_internal_check_op'
-- Conan: Component target declared 'absl::log_internal_log_impl'
-- Conan: Component target declared 'absl::log_structured'
-- Conan: Component target declared 'absl::cord'
-- Conan: Component target declared 'absl::btree'
-- Conan: Component target declared 'absl::hash_function_defaults'
-- Conan: Component target declared 'absl::log_internal_check_impl'
-- Conan: Component target declared 'absl::absl_log'
-- Conan: Component target declared 'absl::log'
-- Conan: Component target declared 'absl::status'
-- Conan: Component target declared 'absl::flat_hash_map'
-- Conan: Component target declared 'absl::flat_hash_set'
-- Conan: Component target declared 'absl::node_hash_map'
-- Conan: Component target declared 'absl::node_hash_set'
-- Conan: Component target declared 'absl::absl_check'
-- Conan: Component target declared 'absl::check'
-- Conan: Component target declared 'absl::die_if_null'
-- Conan: Component target declared 'absl::log_streamer'
-- Conan: Component target declared 'absl::statusor'
-- Conan: Component target declared 'absl::flags_reflection'
-- Conan: Component target declared 'absl::flags'
-- Conan: Component target declared 'absl::flags_usage_internal'
-- Conan: Component target declared 'absl::log_internal_flags'
-- Conan: Component target declared 'absl::flags_usage'
-- Conan: Component target declared 'absl::log_flags'
-- Conan: Component target declared 'absl::flags_parse'
-- Conan: Target declared 'abseil::abseil'
-- Conan: Including build module from '/home/vscode/.conan2/p/absei72989cb28aac1/p/lib/cmake/conan_trick/cxx_std.cmake'
-- Conan: Component target declared 'protobuf::libprotobuf'
-- Conan: Component target declared 'protobuf::libprotoc'
-- Conan: Target declared 'protobuf::protobuf'
-- Conan: Target declared 'ZLIB::ZLIB'
-- Conan: Including build module from '/home/vscode/.conan2/p/protof8266396c9bed/p/lib/cmake/protobuf/protobuf-generate.cmake'
-- Conan: Including build module from '/home/vscode/.conan2/p/protof8266396c9bed/p/lib/cmake/protobuf/protobuf-module.cmake'
-- Conan: Including build module from '/home/vscode/.conan2/p/protof8266396c9bed/p/lib/cmake/protobuf/protobuf-options.cmake'
-- Conan: Including build module from '/home/vscode/.conan2/p/protof8266396c9bed/p/lib/cmake/protobuf/protobuf-conan-protoc-target.cmake'
-- Conan: Component target declared 'c-ares::cares'
-- Conan: Target declared 're2::re2'
-- Conan: Component target declared 'OpenSSL::Crypto'
-- Conan: Component target declared 'OpenSSL::SSL'
-- Conan: Target declared 'openssl::openssl'
-- Conan: Including build module from '/home/vscode/.conan2/p/opensa9484b37acb9b/p/lib/cmake/conan-official-openssl-variables.cmake'
-- Conan: Including build module from '/home/vscode/.conan2/p/grpc43d6dda3fd901/p/lib/cmake/conan_trick/grpc_cpp_plugin.cmake'
-- Conan: Including build module from '/home/vscode/.conan2/p/grpc43d6dda3fd901/p/lib/cmake/conan_trick/grpc_csharp_plugin.cmake'
-- Conan: Including build module from '/home/vscode/.conan2/p/grpc43d6dda3fd901/p/lib/cmake/conan_trick/grpc_node_plugin.cmake'
-- Conan: Including build module from '/home/vscode/.conan2/p/grpc43d6dda3fd901/p/lib/cmake/conan_trick/grpc_objective_c_plugin.cmake'
-- Conan: Including build module from '/home/vscode/.conan2/p/grpc43d6dda3fd901/p/lib/cmake/conan_trick/grpc_php_plugin.cmake'
-- Conan: Including build module from '/home/vscode/.conan2/p/grpc43d6dda3fd901/p/lib/cmake/conan_trick/grpc_python_plugin.cmake'
-- Conan: Including build module from '/home/vscode/.conan2/p/grpc43d6dda3fd901/p/lib/cmake/conan_trick/grpc_ruby_plugin.cmake'
-- Conan: Target declared 'nlohmann_json::nlohmann_json'
-- Conan: Component target declared 'PahoMqttCpp::paho-mqttpp3-static'
-- Conan: Component target declared 'eclipse-paho-mqtt-c::paho-mqtt3as-static'
-- Conan: Target declared 'vehicle-model::vehicle-model'
[0mFound ccache installation[0m
-- Configuring done
-- Generating done
-- Build files have been written to: /quickbuild/build-linux-x86_64/Release
[0/2] Building CXX object app/src/CMakeFiles/app.dir/VehicleApp.cpp.o[K[1/2] Building CXX object app/src/CMakeFiles/app.dir/VehicleApp.cpp.o[K[1/2] Linking CXX executable bin/app[K[2/2] Linking CXX executable bin/app[K
âœ… [SUCCESS] C++ compilation completed successfully
â„¹ï¸  [INFO] ğŸ” Verifying build output...
âœ… [SUCCESS] Build completed successfully!
â„¹ï¸  [INFO] ğŸ“ Executable location: /quickbuild/build/bin/app
â„¹ï¸  [INFO] ğŸ“ Executable size: 14M
â„¹ï¸  [INFO] ğŸ” Permissions: -rwxr-xr-x

â„¹ï¸  [INFO] ğŸ”§ STEP 5/5: Finalizing build...
â„¹ï¸  [INFO] Build Summary:
============================================
âœ… VehicleApp.cpp: Validated and compiled
âœ… Dependencies: Pre-installed (cached)
âœ… Vehicle Model: Generated from VSS
âœ… Executable: /quickbuild/build/bin/app
ğŸ“Š Size: 13.3MiB
ğŸ• Completed: Wed Jun 18 03:53:37 UTC 2025
============================================

âœ… [SUCCESS] ğŸ‰ Quick build completed successfully!
â„¹ï¸  [INFO] ğŸ’¡ Your vehicle app is ready to run!
Completed: Wed Jun 18 10:53:37 AM +07 2025
Exit Code: 0
Duration: 17s

âœ… TEST 3 PASSED: Basic Build via Stdin
ğŸ”§ TEST 4: Validation Command
Started: Wed Jun 18 10:53:37 AM +07 2025
â„¹ï¸  [INFO] Workspace: /quickbuild
â„¹ï¸  [INFO] Reading user VehicleApp.cpp...
â„¹ï¸  [INFO] Reading from stdin...
âœ… [SUCCESS] VehicleApp.cpp validation passed
âœ… [SUCCESS] VehicleApp.cpp loaded successfully (454 lines)
âœ… [SUCCESS] Validation completed - VehicleApp.cpp is valid
Completed: Wed Jun 18 10:53:38 AM +07 2025
Exit Code: 0
Duration: 1s

âœ… TEST 4 PASSED: Validation Command
ğŸ”§ TEST 5: Custom VSS Support
Started: Wed Jun 18 10:53:38 AM +07 2025
â„¹ï¸  [INFO] Workspace: /quickbuild

â„¹ï¸  [INFO] ğŸš€ Velocitas C++ Quick Build Utility
â„¹ï¸  [INFO] â”â”â”â”â”â”â”â”â”â”â”â”â”â”â”â”â”â”â”â”â”â”â”â”â”â”â”â”â”â”â”â”â”â”â”â”â”â”â”â”â”â”â”â”â”â”â”â”â”â”â”â”â”â”â”â”â”
â„¹ï¸  [INFO] ğŸ“¦ Zero-setup containerized build for Velocitas vehicle apps

â„¹ï¸  [INFO] ğŸ”§ STEP 1/5: Processing input...
â„¹ï¸  [INFO] Reading user VehicleApp.cpp...
â„¹ï¸  [INFO] Reading from stdin...
âœ… [SUCCESS] VehicleApp.cpp validation passed
âœ… [SUCCESS] VehicleApp.cpp loaded successfully (454 lines)

â„¹ï¸  [INFO] ğŸ”§ STEP 2/5: Preparing build workspace...
â„¹ï¸  [INFO] Preparing build workspace...
â„¹ï¸  [INFO] Configuring VSS specification...
â„¹ï¸  [INFO] Using custom VSS URL: https://raw.githubusercontent.com/COVESA/vehicle_signal_specification/main/spec/VehicleSignalSpecification.json
âœ… [SUCCESS] VSS configuration updated
â„¹ï¸  [INFO] VSS source: https://raw.githubusercontent.com/COVESA/vehicle_signal_specification/main/spec/VehicleSignalSpecification.json
â„¹ï¸  [INFO] Cleaning previous build artifacts...
âœ… [SUCCESS] Workspace prepared

â„¹ï¸  [INFO] ğŸ”§ STEP 3/5: Vehicle signal model preparation...
â„¹ï¸  [INFO] Generating vehicle model from VSS...
âœ… [SUCCESS] VSS specification downloaded
âœ… [SUCCESS] Vehicle model generated
âœ… [SUCCESS] Vehicle model generated

â„¹ï¸  [INFO] ğŸ”§ STEP 4/5: Building C++ application...
â„¹ï¸  [INFO] Building C++ application...
â„¹ï¸  [INFO] ğŸ”§ Configuring build environment...
â„¹ï¸  [INFO] ğŸ“¦ Installing dependencies (if needed)...
âš ï¸  [WARNING] Dependency installation had issues, continuing with build...
â„¹ï¸  [INFO]    ğŸ’¡ Use VERBOSE_BUILD=1 to see detailed output
â„¹ï¸  [INFO] ğŸ—ï¸  Starting compilation (Release mode for optimization)...
â„¹ï¸  [INFO]    This may take 60-90 seconds depending on code complexity...
âœ… [SUCCESS] C++ compilation completed successfully
â„¹ï¸  [INFO] ğŸ” Verifying build output...
âœ… [SUCCESS] Build completed successfully!
â„¹ï¸  [INFO] ğŸ“ Executable location: /quickbuild/build/bin/app
â„¹ï¸  [INFO] ğŸ“ Executable size: 14M
â„¹ï¸  [INFO] ğŸ” Permissions: -rwxr-xr-x

â„¹ï¸  [INFO] ğŸ”§ STEP 5/5: Finalizing build...
â„¹ï¸  [INFO] Build Summary:
============================================
âœ… VehicleApp.cpp: Validated and compiled
âœ… Dependencies: Pre-installed (cached)
âœ… Vehicle Model: Generated from VSS
âœ… Executable: /quickbuild/build/bin/app
ğŸ“Š Size: 13.3MiB
ğŸ• Completed: Wed Jun 18 03:53:49 UTC 2025
============================================

âœ… [SUCCESS] ğŸ‰ Quick build completed successfully!
â„¹ï¸  [INFO] ğŸ’¡ Your vehicle app is ready to run!
Completed: Wed Jun 18 10:53:49 AM +07 2025
Exit Code: 0
Duration: 11s

âœ… TEST 5 PASSED: Custom VSS Support
ğŸ”§ TEST 6: Error Handling
Started: Wed Jun 18 10:53:49 AM +07 2025
â„¹ï¸  [INFO] Workspace: /quickbuild

â„¹ï¸  [INFO] ğŸš€ Velocitas C++ Quick Build Utility
â„¹ï¸  [INFO] â”â”â”â”â”â”â”â”â”â”â”â”â”â”â”â”â”â”â”â”â”â”â”â”â”â”â”â”â”â”â”â”â”â”â”â”â”â”â”â”â”â”â”â”â”â”â”â”â”â”â”â”â”â”â”â”â”
â„¹ï¸  [INFO] ğŸ“¦ Zero-setup containerized build for Velocitas vehicle apps

â„¹ï¸  [INFO] ğŸ”§ STEP 1/5: Processing input...
â„¹ï¸  [INFO] Reading user VehicleApp.cpp...
â„¹ï¸  [INFO] Reading from stdin...
âŒ [ERROR] Invalid VehicleApp.cpp: Missing VehicleApp class definition
Completed: Wed Jun 18 10:53:50 AM +07 2025
Exit Code: 0
Duration: 1s

âœ… TEST 6 PASSED: Error Handling
ğŸ”§ TEST 7: File Mount Input
Started: Wed Jun 18 10:53:50 AM +07 2025
â„¹ï¸  [INFO] Workspace: /quickbuild

â„¹ï¸  [INFO] ğŸš€ Velocitas C++ Quick Build Utility
â„¹ï¸  [INFO] â”â”â”â”â”â”â”â”â”â”â”â”â”â”â”â”â”â”â”â”â”â”â”â”â”â”â”â”â”â”â”â”â”â”â”â”â”â”â”â”â”â”â”â”â”â”â”â”â”â”â”â”â”â”â”â”â”
â„¹ï¸  [INFO] ğŸ“¦ Zero-setup containerized build for Velocitas vehicle apps

â„¹ï¸  [INFO] ğŸ”§ STEP 1/5: Processing input...
â„¹ï¸  [INFO] Reading user VehicleApp.cpp...
â„¹ï¸  [INFO] Reading from mounted file: /input
âœ… [SUCCESS] VehicleApp.cpp validation passed
âœ… [SUCCESS] VehicleApp.cpp loaded successfully (454 lines)

â„¹ï¸  [INFO] ğŸ”§ STEP 2/5: Preparing build workspace...
â„¹ï¸  [INFO] Preparing build workspace...
â„¹ï¸  [INFO] Configuring VSS specification...
â„¹ï¸  [INFO] Using default VSS 4.0 specification
â„¹ï¸  [INFO] Cleaning previous build artifacts...
âœ… [SUCCESS] Workspace prepared

â„¹ï¸  [INFO] ğŸ”§ STEP 3/5: Vehicle signal model preparation...
â„¹ï¸  [INFO] Generating vehicle model from VSS...
âœ… [SUCCESS] VSS specification downloaded
âœ… [SUCCESS] Vehicle model generated
âœ… [SUCCESS] Vehicle model generated

â„¹ï¸  [INFO] ğŸ”§ STEP 4/5: Building C++ application...
â„¹ï¸  [INFO] Building C++ application...
â„¹ï¸  [INFO] ğŸ”§ Configuring build environment...
â„¹ï¸  [INFO] ğŸ“¦ Installing dependencies (if needed)...
âš ï¸  [WARNING] Dependency installation had issues, continuing with build...
â„¹ï¸  [INFO]    ğŸ’¡ Use VERBOSE_BUILD=1 to see detailed output
â„¹ï¸  [INFO] ğŸ—ï¸  Starting compilation (Release mode for optimization)...
â„¹ï¸  [INFO]    This may take 60-90 seconds depending on code complexity...
âœ… [SUCCESS] C++ compilation completed successfully
â„¹ï¸  [INFO] ğŸ” Verifying build output...
âœ… [SUCCESS] Build completed successfully!
â„¹ï¸  [INFO] ğŸ“ Executable location: /quickbuild/build/bin/app
â„¹ï¸  [INFO] ğŸ“ Executable size: 14M
â„¹ï¸  [INFO] ğŸ” Permissions: -rwxr-xr-x

â„¹ï¸  [INFO] ğŸ”§ STEP 5/5: Finalizing build...
â„¹ï¸  [INFO] Build Summary:
============================================
âœ… VehicleApp.cpp: Validated and compiled
âœ… Dependencies: Pre-installed (cached)
âœ… Vehicle Model: Generated from VSS
âœ… Executable: /quickbuild/build/bin/app
ğŸ“Š Size: 13.3MiB
ğŸ• Completed: Wed Jun 18 03:54:01 UTC 2025
============================================

âœ… [SUCCESS] ğŸ‰ Quick build completed successfully!
â„¹ï¸  [INFO] ğŸ’¡ Your vehicle app is ready to run!
Completed: Wed Jun 18 10:54:01 AM +07 2025
Exit Code: 0
Duration: 11s

âœ… TEST 7 PASSED: File Mount Input
ğŸ”§ TEST 8: Directory Mount Input
Started: Wed Jun 18 10:54:01 AM +07 2025
â„¹ï¸  [INFO] Workspace: /quickbuild

â„¹ï¸  [INFO] ğŸš€ Velocitas C++ Quick Build Utility
â„¹ï¸  [INFO] â”â”â”â”â”â”â”â”â”â”â”â”â”â”â”â”â”â”â”â”â”â”â”â”â”â”â”â”â”â”â”â”â”â”â”â”â”â”â”â”â”â”â”â”â”â”â”â”â”â”â”â”â”â”â”â”â”
â„¹ï¸  [INFO] ğŸ“¦ Zero-setup containerized build for Velocitas vehicle apps

â„¹ï¸  [INFO] ğŸ”§ STEP 1/5: Processing input...
â„¹ï¸  [INFO] Reading user VehicleApp.cpp...
â„¹ï¸  [INFO] Reading from mounted directory: /input/VehicleApp.cpp
âœ… [SUCCESS] VehicleApp.cpp validation passed
âœ… [SUCCESS] VehicleApp.cpp loaded successfully (454 lines)

â„¹ï¸  [INFO] ğŸ”§ STEP 2/5: Preparing build workspace...
â„¹ï¸  [INFO] Preparing build workspace...
â„¹ï¸  [INFO] Configuring VSS specification...
â„¹ï¸  [INFO] Using default VSS 4.0 specification
â„¹ï¸  [INFO] Cleaning previous build artifacts...
âœ… [SUCCESS] Workspace prepared

â„¹ï¸  [INFO] ğŸ”§ STEP 3/5: Vehicle signal model preparation...
â„¹ï¸  [INFO] Generating vehicle model from VSS...
âœ… [SUCCESS] VSS specification downloaded
âœ… [SUCCESS] Vehicle model generated
âœ… [SUCCESS] Vehicle model generated

â„¹ï¸  [INFO] ğŸ”§ STEP 4/5: Building C++ application...
â„¹ï¸  [INFO] Building C++ application...
â„¹ï¸  [INFO] ğŸ”§ Configuring build environment...
â„¹ï¸  [INFO] ğŸ“¦ Installing dependencies (if needed)...
âš ï¸  [WARNING] Dependency installation had issues, continuing with build...
â„¹ï¸  [INFO]    ğŸ’¡ Use VERBOSE_BUILD=1 to see detailed output
â„¹ï¸  [INFO] ğŸ—ï¸  Starting compilation (Release mode for optimization)...
â„¹ï¸  [INFO]    This may take 60-90 seconds depending on code complexity...
âœ… [SUCCESS] C++ compilation completed successfully
â„¹ï¸  [INFO] ğŸ” Verifying build output...
âœ… [SUCCESS] Build completed successfully!
â„¹ï¸  [INFO] ğŸ“ Executable location: /quickbuild/build/bin/app
â„¹ï¸  [INFO] ğŸ“ Executable size: 14M
â„¹ï¸  [INFO] ğŸ” Permissions: -rwxr-xr-x

â„¹ï¸  [INFO] ğŸ”§ STEP 5/5: Finalizing build...
â„¹ï¸  [INFO] Build Summary:
============================================
âœ… VehicleApp.cpp: Validated and compiled
âœ… Dependencies: Pre-installed (cached)
âœ… Vehicle Model: Generated from VSS
âœ… Executable: /quickbuild/build/bin/app
ğŸ“Š Size: 13.3MiB
ğŸ• Completed: Wed Jun 18 03:54:12 UTC 2025
============================================

âœ… [SUCCESS] ğŸ‰ Quick build completed successfully!
â„¹ï¸  [INFO] ğŸ’¡ Your vehicle app is ready to run!
Completed: Wed Jun 18 10:54:12 AM +07 2025
Exit Code: 0
Duration: 11s

âœ… TEST 8 PASSED: Directory Mount Input
ğŸ”§ TEST 9: Granular Command - gen-model
Started: Wed Jun 18 10:54:12 AM +07 2025
â„¹ï¸  [INFO] Workspace: /quickbuild

â„¹ï¸  [INFO] ğŸš€ Velocitas C++ Model Generation Utility
â„¹ï¸  [INFO] â”â”â”â”â”â”â”â”â”â”â”â”â”â”â”â”â”â”â”â”â”â”â”â”â”â”â”â”â”â”â”â”â”â”â”â”â”â”â”â”â”â”â”â”â”â”â”â”â”â”â”â”â”â”â”â”â”
â„¹ï¸  [INFO] ğŸ”§ STEP 3: Vehicle signal model preparation

â„¹ï¸  [INFO] Preparing build workspace...
â„¹ï¸  [INFO] Configuring VSS specification...
â„¹ï¸  [INFO] Using default VSS 4.0 specification
â„¹ï¸  [INFO] Cleaning previous build artifacts...
âœ… [SUCCESS] Workspace prepared

â„¹ï¸  [INFO] Generating vehicle model from VSS...
âœ… [SUCCESS] VSS specification downloaded
âœ… [SUCCESS] Vehicle model generated
âœ… [SUCCESS] Vehicle model generated
âœ… [SUCCESS] Model generation completed successfully!
Completed: Wed Jun 18 10:54:18 AM +07 2025
Exit Code: 0
Duration: 6s

âœ… TEST 9 PASSED: Granular Command - gen-model
ğŸ”§ TEST 10: Granular Command - model (alias)
Started: Wed Jun 18 10:54:18 AM +07 2025
â„¹ï¸  [INFO] Workspace: /quickbuild

â„¹ï¸  [INFO] ğŸš€ Velocitas C++ Model Generation Utility
â„¹ï¸  [INFO] â”â”â”â”â”â”â”â”â”â”â”â”â”â”â”â”â”â”â”â”â”â”â”â”â”â”â”â”â”â”â”â”â”â”â”â”â”â”â”â”â”â”â”â”â”â”â”â”â”â”â”â”â”â”â”â”â”
â„¹ï¸  [INFO] ğŸ”§ STEP 3: Vehicle signal model preparation

â„¹ï¸  [INFO] Preparing build workspace...
â„¹ï¸  [INFO] Configuring VSS specification...
â„¹ï¸  [INFO] Using default VSS 4.0 specification
â„¹ï¸  [INFO] Cleaning previous build artifacts...
âœ… [SUCCESS] Workspace prepared

â„¹ï¸  [INFO] Generating vehicle model from VSS...
âœ… [SUCCESS] VSS specification downloaded
âœ… [SUCCESS] Vehicle model generated
âœ… [SUCCESS] Vehicle model generated
âœ… [SUCCESS] Model generation completed successfully!
Completed: Wed Jun 18 10:54:23 AM +07 2025
Exit Code: 0
Duration: 5s

âœ… TEST 10 PASSED: Granular Command - model (alias)
ğŸ”§ TEST 11: Granular Command - compile
Started: Wed Jun 18 10:54:23 AM +07 2025
â„¹ï¸  [INFO] Workspace: /quickbuild

â„¹ï¸  [INFO] ğŸš€ Velocitas C++ Compilation Utility
â„¹ï¸  [INFO] â”â”â”â”â”â”â”â”â”â”â”â”â”â”â”â”â”â”â”â”â”â”â”â”â”â”â”â”â”â”â”â”â”â”â”â”â”â”â”â”â”â”â”â”â”â”â”â”â”â”â”â”â”â”â”â”â”
â„¹ï¸  [INFO] ğŸ”§ STEP 4: C++ application building

â„¹ï¸  [INFO] Reading user VehicleApp.cpp...
â„¹ï¸  [INFO] Reading from stdin...
âœ… [SUCCESS] VehicleApp.cpp validation passed
âœ… [SUCCESS] VehicleApp.cpp loaded successfully (454 lines)

â„¹ï¸  [INFO] Building C++ application...
â„¹ï¸  [INFO] ğŸ”§ Configuring build environment...
â„¹ï¸  [INFO] ğŸ“¦ Installing dependencies (if needed)...
--> "MIXED" build type detected - preparing build for pure Release and "mixed" buid type:

--> Installing dependencies for "mixed" build: Dependencies in Release mode, local stuff in Debug mode ...
[1m[35m
======== Input profiles ========[0m
[1m[36mProfile host:[0m
[settings]
arch=x86_64
build_type=Release
compiler=gcc
compiler.cppstd=17
compiler.libcxx=libstdc++11
compiler.version=11
os=Linux
&:build_type=Debug
[buildenv]
CC=x86_64-linux-gnu-gcc-11
CXX=x86_64-linux-gnu-g++-11
LD=x86_64-linux-gnu-ld
[0m
[1m[36mProfile build:[0m
[settings]
arch=x86_64
build_type=Release
compiler=gcc
compiler.cppstd=17
compiler.libcxx=libstdc++11
compiler.version=11
os=Linux
[buildenv]
CC=x86_64-linux-gnu-gcc-11
CXX=x86_64-linux-gnu-g++-11
LD=x86_64-linux-gnu-ld
[0m
[1m[35m
======== Computing dependency graph ========[0m
[1m[33mGraph root[0m
[1m[36m    conanfile.txt: /quickbuild/conanfile.txt[0m
[1m[33mRequirements[0m
[1m[36m    abseil/20230802.1#cd8012e2f333d4008dcf43cb39b031b8 - Cache[0m
[1m[36m    c-ares/1.34.3#55aa867c731f23300cd544f6d90a794d - Cache[0m
[1m[36m    fmt/11.1.1#9d84ca70128ab4b84d80140b45d76b21 - Cache[0m
[1m[36m    grpc/1.50.1#11ca9ad5502889e7b32e5122a7000037 - Cache[0m
[1m[36m    nlohmann_json/3.11.3#45828be26eb619a2e04ca517bb7b828d - Cache[0m
[1m[36m    openssl/3.4.1#638c4c4df8ecdef1f7aa73fc0d07fde6 - Cache[0m
[1m[36m    paho-mqtt-c/1.3.13#398643eeb183ad7536157ea96b6fad52 - Cache[0m
[1m[36m    paho-mqtt-cpp/1.4.0#5faa2a31ae8c1c1acfd3ab6bcbecd9bc - Cache[0m
[1m[36m    protobuf/3.21.12#1815c278fa25d4447be035f7bb52ed7e - Cache[0m
[1m[36m    re2/20230301#e8d673155a0494f27c7589b611e8350d - Cache[0m
[1m[36m    vehicle-app-sdk/0.7.0#30d6b025245b59e189d5087e7a8aca26 - Cache[0m
[1m[36m    vehicle-model/generated#ea8604cd048ba7a3baeb82b505ca53da - Cache[0m
[1m[36m    zlib/1.3.1#b8bc2603263cf7eccbd6e17e66b0ed76 - Cache[0m
[1m[33mBuild requirements[0m
[1m[36m    abseil/20230802.1#cd8012e2f333d4008dcf43cb39b031b8 - Cache[0m
[1m[36m    c-ares/1.34.3#55aa867c731f23300cd544f6d90a794d - Cache[0m
[1m[36m    cmake/3.31.6#ed0e6c1d49bd564ce6fed1a19653b86d - Cache[0m
[1m[36m    grpc/1.50.1#11ca9ad5502889e7b32e5122a7000037 - Cache[0m
[1m[36m    openssl/3.4.1#638c4c4df8ecdef1f7aa73fc0d07fde6 - Cache[0m
[1m[36m    protobuf/3.21.12#1815c278fa25d4447be035f7bb52ed7e - Cache[0m
[1m[36m    re2/20230301#e8d673155a0494f27c7589b611e8350d - Cache[0m
[1m[36m    zlib/1.3.1#b8bc2603263cf7eccbd6e17e66b0ed76 - Cache[0m
[1m[33mResolved version ranges[0m
[1m[36m    abseil/[>=20230125.3 <=20230802.1]: abseil/20230802.1[0m
[1m[36m    c-ares/[>=1.19.1 <2]: c-ares/1.34.3[0m
[1m[36m    cmake/[>=3.25 <4]: cmake/3.31.6[0m
[1m[36m    openssl/[>=1.1 <4]: openssl/3.4.1[0m
[1m[36m    zlib/[>=1.2.11 <2]: zlib/1.3.1[0m
[1m[35m
======== Computing necessary packages ========[0m
Connecting to remote 'conancenter' anonymously[0m
[1m[33mRequirements[0m
[1m[36m    abseil/20230802.1#cd8012e2f333d4008dcf43cb39b031b8:13be611585c95453f1cbbd053cea04b3e64470ca#710166ef8f4cf03ced5fa2517919728f - Cache[0m
[1m[36m    c-ares/1.34.3#55aa867c731f23300cd544f6d90a794d:e3c52a2f5bd5dc2a32df2d25f9f70a04cfd7bea3#136a11d51eb02659d1e1a19d4f45d7b8 - Cache[0m
[1m[36m    fmt/11.1.1#9d84ca70128ab4b84d80140b45d76b21:29da3f322a17cc9826b294a7ab191c2f298a9f49#3e8d0a0786499b1f9a664774105eafbe - Cache[0m
[1m[36m    grpc/1.50.1#11ca9ad5502889e7b32e5122a7000037:d2f7e98507df6010002471e4759512a6304ca3c2#0d7784aef253040c205404081c2df3c7 - Cache[0m
[1m[36m    nlohmann_json/3.11.3#45828be26eb619a2e04ca517bb7b828d:da39a3ee5e6b4b0d3255bfef95601890afd80709#552828a2560333bcbeff9d087ce0af0f - Cache[0m
[1m[36m    openssl/3.4.1#638c4c4df8ecdef1f7aa73fc0d07fde6:ba0c965640dfc9185194d683d05bfbe6419b47a3#1d843347092982a7457076e20260b3dc - Cache[0m
[1m[36m    paho-mqtt-c/1.3.13#398643eeb183ad7536157ea96b6fad52:f54498ef9ce4a33155fd3c80a3636b5c0a2169cf#634ea5f932ada817bc79ab38b4fabe2f - Cache[0m
[1m[36m    paho-mqtt-cpp/1.4.0#5faa2a31ae8c1c1acfd3ab6bcbecd9bc:08e303d4ae4d38419fbedbffd216a4f52d185e37#454b0264b741d19e3d93d96dc26396d1 - Cache[0m
[1m[36m    protobuf/3.21.12#1815c278fa25d4447be035f7bb52ed7e:10670e90b03eb1607902ed190ae2fecdc52d69bb#b5324d4450284f61adacce3eb9c2aa90 - Cache[0m
[1m[36m    re2/20230301#e8d673155a0494f27c7589b611e8350d:81d35562505eb9186290237bea6e2684b0ba3cc8#9a7aa2fcdc3224b32df054cadb7a5439 - Cache[0m
[1m[36m    vehicle-app-sdk/0.7.0#30d6b025245b59e189d5087e7a8aca26:7ce7e38afed71a4b4ec561a41b36ad98baefe9ec#1d4a5ac661230b4cda78063b8c5fb7e7 - Cache[0m
[1m[36m    vehicle-model/generated#ea8604cd048ba7a3baeb82b505ca53da:8c358ded7a47c6b689964f9635606e1577e3ad39#004cfa2f7396a54b5955064f6cd86d0a - Cache[0m
[1m[36m    zlib/1.3.1#b8bc2603263cf7eccbd6e17e66b0ed76:b647c43bfefae3f830561ca202b6cfd935b56205#fee20b6da94c4580b0c84ca5ce203fdc - Cache[0m
[1m[33mBuild requirements[0m
[1m[33mSkipped binaries[0m
[1m[36m    abseil/20230802.1, c-ares/1.34.3, cmake/3.31.6, grpc/1.50.1, openssl/3.4.1, protobuf/3.21.12, re2/20230301, zlib/1.3.1[0m
[1m[35m
======== Installing packages ========[0m
[1m[32mabseil/20230802.1:[0m [1m[32mAlready installed! (1 of 13)[0m
[1m[32mc-ares/1.34.3:[0m [1m[32mAlready installed! (2 of 13)[0m
[1m[32mfmt/11.1.1:[0m [1m[32mAlready installed! (3 of 13)[0m
[1m[32mnlohmann_json/3.11.3:[0m [1m[32mAlready installed! (4 of 13)[0m
[1m[32mre2/20230301:[0m [1m[32mAlready installed! (5 of 13)[0m
[1m[32mzlib/1.3.1:[0m [1m[32mAlready installed! (6 of 13)[0m
[1m[32mopenssl/3.4.1:[0m [1m[32mAlready installed! (7 of 13)[0m
[1m[32mprotobuf/3.21.12:[0m [1m[32mAlready installed! (8 of 13)[0m
[1m[32mgrpc/1.50.1:[0m [1m[32mAlready installed! (9 of 13)[0m
[1m[32mpaho-mqtt-c/1.3.13:[0m [1m[32mAlready installed! (10 of 13)[0m
[1m[32mpaho-mqtt-cpp/1.4.0:[0m [1m[32mAlready installed! (11 of 13)[0m
[1m[32mvehicle-app-sdk/0.7.0:[0m [1m[32mAlready installed! (12 of 13)[0m
[1m[32mvehicle-model/generated:[0m [1m[32mAlready installed! (13 of 13)[0m
[33mWARN: deprecated: Usage of deprecated Conan 1.X features that will be removed in Conan 2.X:[0m
[33mWARN: deprecated:     'cpp_info.names' used in: protobuf/3.21.12, paho-mqtt-cpp/1.4.0, abseil/20230802.1, c-ares/1.34.3, zlib/1.3.1[0m
[33mWARN: deprecated:     'cpp_info.build_modules' used in: protobuf/3.21.12, abseil/20230802.1[0m
[33mWARN: deprecated:     'env_info' used in: protobuf/3.21.12, c-ares/1.34.3[0m
[33mWARN: deprecated:     'cpp_info.filenames' used in: protobuf/3.21.12[0m
[1m[35m
======== Finalizing install (deploy, generators) ========[0m
[1m[35mconanfile.txt:[0m [1m[35mWriting generators to /quickbuild/build-linux-x86_64/Debug/generators[0m
conanfile.txt:[0m Generator 'CMakeDeps' calling 'generate()'[0m
[36mconanfile.txt:[0m [36mCMakeDeps necessary find_package() and targets for your CMakeLists.txt
    find_package(vehicle-model)
    find_package(vehicle-app-sdk)
    find_package(fmt)
    find_package(nlohmann_json)
    target_link_libraries(... vehicle-model::vehicle-model vehicle-app-sdk::vehicle-app-sdk fmt::fmt nlohmann_json::nlohmann_json)[0m
conanfile.txt:[0m Generator 'CMakeToolchain' calling 'generate()'[0m
conanfile.txt:[0m CMakeToolchain generated: conan_toolchain.cmake[0m
[36mconanfile.txt:[0m [36mCMakeToolchain: Preset 'conan-debug' added to CMakePresets.json.
    (cmake>=3.23) cmake --preset conan-debug
    (cmake<3.23) cmake <path> -G "Unix Makefiles" -DCMAKE_TOOLCHAIN_FILE=conan_toolchain.cmake  -DCMAKE_POLICY_DEFAULT_CMP0091=NEW -DCMAKE_BUILD_TYPE=Debug[0m
conanfile.txt:[0m CMakeToolchain generated: /quickbuild/build-linux-x86_64/Debug/generators/CMakePresets.json[0m
conanfile.txt:[0m CMakeToolchain generated: /quickbuild/CMakeUserPresets.json[0m
[1m[35mconanfile.txt:[0m [1m[35mGenerating aggregated env files[0m
conanfile.txt:[0m Generated aggregated env files: ['conanbuild.sh', 'conanrun.sh'][0m
[1m[32mInstall finished successfully[0m
[0m
--> Installing dependencies for uniform build in Release mode ...
[1m[35m
======== Input profiles ========[0m
[1m[36mProfile host:[0m
[settings]
arch=x86_64
build_type=Release
compiler=gcc
compiler.cppstd=17
compiler.libcxx=libstdc++11
compiler.version=11
os=Linux
[buildenv]
CC=x86_64-linux-gnu-gcc-11
CXX=x86_64-linux-gnu-g++-11
LD=x86_64-linux-gnu-ld
[0m
[1m[36mProfile build:[0m
[settings]
arch=x86_64
build_type=Release
compiler=gcc
compiler.cppstd=17
compiler.libcxx=libstdc++11
compiler.version=11
os=Linux
[buildenv]
CC=x86_64-linux-gnu-gcc-11
CXX=x86_64-linux-gnu-g++-11
LD=x86_64-linux-gnu-ld
[0m
[1m[35m
======== Computing dependency graph ========[0m
[1m[33mGraph root[0m
[1m[36m    conanfile.txt: /quickbuild/conanfile.txt[0m
[1m[33mRequirements[0m
[1m[36m    abseil/20230802.1#cd8012e2f333d4008dcf43cb39b031b8 - Cache[0m
[1m[36m    c-ares/1.34.3#55aa867c731f23300cd544f6d90a794d - Cache[0m
[1m[36m    fmt/11.1.1#9d84ca70128ab4b84d80140b45d76b21 - Cache[0m
[1m[36m    grpc/1.50.1#11ca9ad5502889e7b32e5122a7000037 - Cache[0m
[1m[36m    nlohmann_json/3.11.3#45828be26eb619a2e04ca517bb7b828d - Cache[0m
[1m[36m    openssl/3.4.1#638c4c4df8ecdef1f7aa73fc0d07fde6 - Cache[0m
[1m[36m    paho-mqtt-c/1.3.13#398643eeb183ad7536157ea96b6fad52 - Cache[0m
[1m[36m    paho-mqtt-cpp/1.4.0#5faa2a31ae8c1c1acfd3ab6bcbecd9bc - Cache[0m
[1m[36m    protobuf/3.21.12#1815c278fa25d4447be035f7bb52ed7e - Cache[0m
[1m[36m    re2/20230301#e8d673155a0494f27c7589b611e8350d - Cache[0m
[1m[36m    vehicle-app-sdk/0.7.0#30d6b025245b59e189d5087e7a8aca26 - Cache[0m
[1m[36m    vehicle-model/generated#ea8604cd048ba7a3baeb82b505ca53da - Cache[0m
[1m[36m    zlib/1.3.1#b8bc2603263cf7eccbd6e17e66b0ed76 - Cache[0m
[1m[33mBuild requirements[0m
[1m[36m    abseil/20230802.1#cd8012e2f333d4008dcf43cb39b031b8 - Cache[0m
[1m[36m    c-ares/1.34.3#55aa867c731f23300cd544f6d90a794d - Cache[0m
[1m[36m    cmake/3.31.6#ed0e6c1d49bd564ce6fed1a19653b86d - Cache[0m
[1m[36m    grpc/1.50.1#11ca9ad5502889e7b32e5122a7000037 - Cache[0m
[1m[36m    openssl/3.4.1#638c4c4df8ecdef1f7aa73fc0d07fde6 - Cache[0m
[1m[36m    protobuf/3.21.12#1815c278fa25d4447be035f7bb52ed7e - Cache[0m
[1m[36m    re2/20230301#e8d673155a0494f27c7589b611e8350d - Cache[0m
[1m[36m    zlib/1.3.1#b8bc2603263cf7eccbd6e17e66b0ed76 - Cache[0m
[1m[33mResolved version ranges[0m
[1m[36m    abseil/[>=20230125.3 <=20230802.1]: abseil/20230802.1[0m
[1m[36m    c-ares/[>=1.19.1 <2]: c-ares/1.34.3[0m
[1m[36m    cmake/[>=3.25 <4]: cmake/3.31.6[0m
[1m[36m    openssl/[>=1.1 <4]: openssl/3.4.1[0m
[1m[36m    zlib/[>=1.2.11 <2]: zlib/1.3.1[0m
[1m[35m
======== Computing necessary packages ========[0m
Connecting to remote 'conancenter' anonymously[0m
[1m[33mRequirements[0m
[1m[36m    abseil/20230802.1#cd8012e2f333d4008dcf43cb39b031b8:13be611585c95453f1cbbd053cea04b3e64470ca#710166ef8f4cf03ced5fa2517919728f - Cache[0m
[1m[36m    c-ares/1.34.3#55aa867c731f23300cd544f6d90a794d:e3c52a2f5bd5dc2a32df2d25f9f70a04cfd7bea3#136a11d51eb02659d1e1a19d4f45d7b8 - Cache[0m
[1m[36m    fmt/11.1.1#9d84ca70128ab4b84d80140b45d76b21:29da3f322a17cc9826b294a7ab191c2f298a9f49#3e8d0a0786499b1f9a664774105eafbe - Cache[0m
[1m[36m    grpc/1.50.1#11ca9ad5502889e7b32e5122a7000037:d2f7e98507df6010002471e4759512a6304ca3c2#0d7784aef253040c205404081c2df3c7 - Cache[0m
[1m[36m    nlohmann_json/3.11.3#45828be26eb619a2e04ca517bb7b828d:da39a3ee5e6b4b0d3255bfef95601890afd80709#552828a2560333bcbeff9d087ce0af0f - Cache[0m
[1m[36m    openssl/3.4.1#638c4c4df8ecdef1f7aa73fc0d07fde6:ba0c965640dfc9185194d683d05bfbe6419b47a3#1d843347092982a7457076e20260b3dc - Cache[0m
[1m[36m    paho-mqtt-c/1.3.13#398643eeb183ad7536157ea96b6fad52:f54498ef9ce4a33155fd3c80a3636b5c0a2169cf#634ea5f932ada817bc79ab38b4fabe2f - Cache[0m
[1m[36m    paho-mqtt-cpp/1.4.0#5faa2a31ae8c1c1acfd3ab6bcbecd9bc:08e303d4ae4d38419fbedbffd216a4f52d185e37#454b0264b741d19e3d93d96dc26396d1 - Cache[0m
[1m[36m    protobuf/3.21.12#1815c278fa25d4447be035f7bb52ed7e:10670e90b03eb1607902ed190ae2fecdc52d69bb#b5324d4450284f61adacce3eb9c2aa90 - Cache[0m
[1m[36m    re2/20230301#e8d673155a0494f27c7589b611e8350d:81d35562505eb9186290237bea6e2684b0ba3cc8#9a7aa2fcdc3224b32df054cadb7a5439 - Cache[0m
[1m[36m    vehicle-app-sdk/0.7.0#30d6b025245b59e189d5087e7a8aca26:7ce7e38afed71a4b4ec561a41b36ad98baefe9ec#1d4a5ac661230b4cda78063b8c5fb7e7 - Cache[0m
[1m[36m    vehicle-model/generated#ea8604cd048ba7a3baeb82b505ca53da:8c358ded7a47c6b689964f9635606e1577e3ad39#004cfa2f7396a54b5955064f6cd86d0a - Cache[0m
[1m[36m    zlib/1.3.1#b8bc2603263cf7eccbd6e17e66b0ed76:b647c43bfefae3f830561ca202b6cfd935b56205#fee20b6da94c4580b0c84ca5ce203fdc - Cache[0m
[1m[33mBuild requirements[0m
[1m[33mSkipped binaries[0m
[1m[36m    abseil/20230802.1, c-ares/1.34.3, cmake/3.31.6, grpc/1.50.1, openssl/3.4.1, protobuf/3.21.12, re2/20230301, zlib/1.3.1[0m
[1m[35m
======== Installing packages ========[0m
[1m[32mabseil/20230802.1:[0m [1m[32mAlready installed! (1 of 13)[0m
[1m[32mc-ares/1.34.3:[0m [1m[32mAlready installed! (2 of 13)[0m
[1m[32mfmt/11.1.1:[0m [1m[32mAlready installed! (3 of 13)[0m
[1m[32mnlohmann_json/3.11.3:[0m [1m[32mAlready installed! (4 of 13)[0m
[1m[32mre2/20230301:[0m [1m[32mAlready installed! (5 of 13)[0m
[1m[32mzlib/1.3.1:[0m [1m[32mAlready installed! (6 of 13)[0m
[1m[32mopenssl/3.4.1:[0m [1m[32mAlready installed! (7 of 13)[0m
[1m[32mprotobuf/3.21.12:[0m [1m[32mAlready installed! (8 of 13)[0m
[1m[32mgrpc/1.50.1:[0m [1m[32mAlready installed! (9 of 13)[0m
[1m[32mpaho-mqtt-c/1.3.13:[0m [1m[32mAlready installed! (10 of 13)[0m
[1m[32mpaho-mqtt-cpp/1.4.0:[0m [1m[32mAlready installed! (11 of 13)[0m
[1m[32mvehicle-app-sdk/0.7.0:[0m [1m[32mAlready installed! (12 of 13)[0m
[1m[32mvehicle-model/generated:[0m [1m[32mAlready installed! (13 of 13)[0m
[33mWARN: deprecated: Usage of deprecated Conan 1.X features that will be removed in Conan 2.X:[0m
[33mWARN: deprecated:     'cpp_info.names' used in: c-ares/1.34.3, paho-mqtt-cpp/1.4.0, protobuf/3.21.12, zlib/1.3.1, abseil/20230802.1[0m
[33mWARN: deprecated:     'cpp_info.build_modules' used in: protobuf/3.21.12, abseil/20230802.1[0m
[33mWARN: deprecated:     'env_info' used in: protobuf/3.21.12, c-ares/1.34.3[0m
[33mWARN: deprecated:     'cpp_info.filenames' used in: protobuf/3.21.12[0m
[1m[35m
======== Finalizing install (deploy, generators) ========[0m
[1m[35mconanfile.txt:[0m [1m[35mWriting generators to /quickbuild/build-linux-x86_64/Release/generators[0m
conanfile.txt:[0m Generator 'CMakeDeps' calling 'generate()'[0m
[36mconanfile.txt:[0m [36mCMakeDeps necessary find_package() and targets for your CMakeLists.txt
    find_package(vehicle-model)
    find_package(vehicle-app-sdk)
    find_package(fmt)
    find_package(nlohmann_json)
    target_link_libraries(... vehicle-model::vehicle-model vehicle-app-sdk::vehicle-app-sdk fmt::fmt nlohmann_json::nlohmann_json)[0m
conanfile.txt:[0m Generator 'CMakeToolchain' calling 'generate()'[0m
conanfile.txt:[0m CMakeToolchain generated: conan_toolchain.cmake[0m
[36mconanfile.txt:[0m [36mCMakeToolchain: Preset 'conan-release' added to CMakePresets.json.
    (cmake>=3.23) cmake --preset conan-release
    (cmake<3.23) cmake <path> -G "Unix Makefiles" -DCMAKE_TOOLCHAIN_FILE=conan_toolchain.cmake  -DCMAKE_POLICY_DEFAULT_CMP0091=NEW -DCMAKE_BUILD_TYPE=Release[0m
conanfile.txt:[0m CMakeToolchain generated: /quickbuild/build-linux-x86_64/Release/generators/CMakePresets.json[0m
conanfile.txt:[0m CMakeToolchain generated: /quickbuild/CMakeUserPresets.json[0m
[1m[35mconanfile.txt:[0m [1m[35mGenerating aggregated env files[0m
conanfile.txt:[0m Generated aggregated env files: ['conanbuild.sh', 'conanrun.sh'][0m
[1m[32mInstall finished successfully[0m
[0mâœ… [SUCCESS] Dependencies installed/verified successfully
â„¹ï¸  [INFO] ğŸ—ï¸  Starting compilation (Release mode for optimization)...
â„¹ï¸  [INFO]    This may take 60-90 seconds depending on code complexity...
CMake version      cmake version 3.22.1

CMake suite maintained and supported by Kitware (kitware.com/cmake).
Conan version      Conan version 2.15.1
Build arch         x86_64
Host arch          x86_64
Build type         Release
Build target       all
Static build       no
Coverage enabled   no
Not searching for unused variables given on the command line.
-- Using Conan toolchain: /quickbuild/build-linux-x86_64/Release/generators/conan_toolchain.cmake
-- Conan toolchain: Defining architecture flag: -m64
-- Conan toolchain: C++ Standard 17 with extensions OFF
-- Conan: Target declared 'vehicle-app-sdk::vehicle-app-sdk'
-- Conan: Component target declared 'fmt::fmt'
-- Conan: Component target declared 'gRPC::address_sorting'
-- Conan: Component target declared 'gRPC::gpr'
-- Conan: Component target declared 'gRPC::grpc_plugin_support'
-- Conan: Component target declared 'gRPC::upb'
-- Conan: Component target declared 'gRPC::grpc'
-- Conan: Component target declared 'gRPC::grpc_unsecure'
-- Conan: Component target declared 'gRPC::grpc++'
-- Conan: Component target declared 'gRPC::grpc++_unsecure'
-- Conan: Component target declared 'gRPC::grpc++_alts'
-- Conan: Component target declared 'gRPC::grpc++_error_details'
-- Conan: Component target declared 'gRPC::grpc++_reflection'
-- Conan: Component target declared 'gRPC::grpcpp_channelz'
-- Conan: Target declared 'grpc::grpc'
-- Conan: Component target declared 'absl::config'
-- Conan: Component target declared 'absl::pretty_function'
-- Conan: Component target declared 'absl::civil_time'
-- Conan: Component target declared 'absl::time_zone'
-- Conan: Component target declared 'absl::errno_saver'
-- Conan: Component target declared 'absl::dynamic_annotations'
-- Conan: Component target declared 'absl::core_headers'
-- Conan: Component target declared 'absl::fast_type_id'
-- Conan: Component target declared 'absl::algorithm'
-- Conan: Component target declared 'absl::counting_allocator'
-- Conan: Component target declared 'absl::hashtable_debug_hooks'
-- Conan: Component target declared 'absl::node_slot_policy'
-- Conan: Component target declared 'absl::non_temporal_arm_intrinsics'
-- Conan: Component target declared 'absl::log_internal_voidify'
-- Conan: Component target declared 'absl::numeric_representation'
-- Conan: Component target declared 'absl::random_seed_gen_exception'
-- Conan: Component target declared 'absl::random_internal_traits'
-- Conan: Component target declared 'absl::random_internal_fast_uniform_bits'
-- Conan: Component target declared 'absl::random_internal_platform'
-- Conan: Component target declared 'absl::cordz_update_tracker'
-- Conan: Component target declared 'absl::if_constexpr'
-- Conan: Component target declared 'absl::atomic_hook'
-- Conan: Component target declared 'absl::log_severity'
-- Conan: Component target declared 'absl::strerror'
-- Conan: Component target declared 'absl::prefetch'
-- Conan: Component target declared 'absl::hashtable_debug'
-- Conan: Component target declared 'absl::non_temporal_memcpy'
-- Conan: Component target declared 'absl::leak_check'
-- Conan: Component target declared 'absl::flags_commandlineflag_internal'
-- Conan: Component target declared 'absl::log_internal_config'
-- Conan: Component target declared 'absl::log_internal_nullguard'
-- Conan: Component target declared 'absl::type_traits'
-- Conan: Component target declared 'absl::bits'
-- Conan: Component target declared 'absl::exponential_biased'
-- Conan: Component target declared 'absl::random_internal_randen_slow'
-- Conan: Component target declared 'absl::random_internal_randen_hwaes_impl'
-- Conan: Component target declared 'absl::nullability'
-- Conan: Component target declared 'absl::raw_logging_internal'
-- Conan: Component target declared 'absl::base_internal'
-- Conan: Component target declared 'absl::container_common'
-- Conan: Component target declared 'absl::meta'
-- Conan: Component target declared 'absl::int128'
-- Conan: Component target declared 'absl::periodic_sampler'
-- Conan: Component target declared 'absl::random_internal_fastmath'
-- Conan: Component target declared 'absl::random_internal_randen_hwaes'
-- Conan: Component target declared 'absl::random_internal_uniform_helper'
-- Conan: Component target declared 'absl::compare'
-- Conan: Component target declared 'absl::spinlock_wait'
-- Conan: Component target declared 'absl::throw_delegate'
-- Conan: Component target declared 'absl::scoped_set_env'
-- Conan: Component target declared 'absl::algorithm_container'
-- Conan: Component target declared 'absl::common_policy_traits'
-- Conan: Component target declared 'absl::debugging_internal'
-- Conan: Component target declared 'absl::memory'
-- Conan: Component target declared 'absl::numeric'
-- Conan: Component target declared 'absl::random_internal_iostream_state_saver'
-- Conan: Component target declared 'absl::random_internal_generate_real'
-- Conan: Component target declared 'absl::random_internal_wide_multiply'
-- Conan: Component target declared 'absl::random_internal_randen'
-- Conan: Component target declared 'absl::cordz_functions'
-- Conan: Component target declared 'absl::bad_any_cast_impl'
-- Conan: Component target declared 'absl::bad_optional_access'
-- Conan: Component target declared 'absl::bad_variant_access'
-- Conan: Component target declared 'absl::utility'
-- Conan: Component target declared 'absl::base'
-- Conan: Component target declared 'absl::cleanup_internal'
-- Conan: Component target declared 'absl::compressed_tuple'
-- Conan: Component target declared 'absl::container_memory'
-- Conan: Component target declared 'absl::hash_policy_traits'
-- Conan: Component target declared 'absl::stacktrace'
-- Conan: Component target declared 'absl::any_invocable'
-- Conan: Component target declared 'absl::random_internal_distribution_caller'
-- Conan: Component target declared 'absl::random_internal_pcg_engine'
-- Conan: Component target declared 'absl::bad_any_cast'
-- Conan: Component target declared 'absl::span'
-- Conan: Component target declared 'absl::optional'
-- Conan: Component target declared 'absl::variant'
-- Conan: Component target declared 'absl::malloc_internal'
-- Conan: Component target declared 'absl::endian'
-- Conan: Component target declared 'absl::cleanup'
-- Conan: Component target declared 'absl::fixed_array'
-- Conan: Component target declared 'absl::inlined_vector_internal'
-- Conan: Component target declared 'absl::crc_cpu_detect'
-- Conan: Component target declared 'absl::demangle_internal'
-- Conan: Component target declared 'absl::debugging'
-- Conan: Component target declared 'absl::bind_front'
-- Conan: Component target declared 'absl::function_ref'
-- Conan: Component target declared 'absl::log_internal_conditions'
-- Conan: Component target declared 'absl::random_bit_gen_ref'
-- Conan: Component target declared 'absl::random_internal_mock_helpers'
-- Conan: Component target declared 'absl::string_view'
-- Conan: Component target declared 'absl::any'
-- Conan: Component target declared 'absl::inlined_vector'
-- Conan: Component target declared 'absl::crc_internal'
-- Conan: Component target declared 'absl::city'
-- Conan: Component target declared 'absl::low_level_hash'
-- Conan: Component target declared 'absl::random_internal_randen_engine'
-- Conan: Component target declared 'absl::strings_internal'
-- Conan: Component target declared 'absl::graphcycles_internal'
-- Conan: Component target declared 'absl::strings'
-- Conan: Component target declared 'absl::layout'
-- Conan: Component target declared 'absl::symbolize'
-- Conan: Component target declared 'absl::flags_path_util'
-- Conan: Component target declared 'absl::flags_commandlineflag'
-- Conan: Component target declared 'absl::hash'
-- Conan: Component target declared 'absl::log_internal_proto'
-- Conan: Component target declared 'absl::log_internal_nullstream'
-- Conan: Component target declared 'absl::log_internal_append_truncated'
-- Conan: Component target declared 'absl::random_distributions'
-- Conan: Component target declared 'absl::random_internal_seed_material'
-- Conan: Component target declared 'absl::str_format_internal'
-- Conan: Component target declared 'absl::time'
-- Conan: Component target declared 'absl::examine_stack'
-- Conan: Component target declared 'absl::flags_private_handle_accessor'
-- Conan: Component target declared 'absl::log_internal_globals'
-- Conan: Component target declared 'absl::log_globals'
-- Conan: Component target declared 'absl::log_entry'
-- Conan: Component target declared 'absl::random_internal_pool_urbg'
-- Conan: Component target declared 'absl::random_internal_salted_seed_seq'
-- Conan: Component target declared 'absl::str_format'
-- Conan: Component target declared 'absl::kernel_timeout_internal'
-- Conan: Component target declared 'absl::crc32c'
-- Conan: Component target declared 'absl::failure_signal_handler'
-- Conan: Component target declared 'absl::flags_marshalling'
-- Conan: Component target declared 'absl::log_internal_format'
-- Conan: Component target declared 'absl::log_initialize'
-- Conan: Component target declared 'absl::log_sink'
-- Conan: Component target declared 'absl::random_seed_sequences'
-- Conan: Component target declared 'absl::random_internal_nonsecure_base'
-- Conan: Component target declared 'absl::random_internal_distribution_test_util'
-- Conan: Component target declared 'absl::synchronization'
-- Conan: Component target declared 'absl::crc_cord_state'
-- Conan: Component target declared 'absl::flags_program_name'
-- Conan: Component target declared 'absl::log_internal_log_sink_set'
-- Conan: Component target declared 'absl::sample_recorder'
-- Conan: Component target declared 'absl::random_random'
-- Conan: Component target declared 'absl::cordz_statistics'
-- Conan: Component target declared 'absl::cordz_handle'
-- Conan: Component target declared 'absl::hashtablez_sampler'
-- Conan: Component target declared 'absl::flags_config'
-- Conan: Component target declared 'absl::log_sink_registry'
-- Conan: Component target declared 'absl::cord_internal'
-- Conan: Component target declared 'absl::raw_hash_set'
-- Conan: Component target declared 'absl::flags_internal'
-- Conan: Component target declared 'absl::log_internal_message'
-- Conan: Component target declared 'absl::cordz_info'
-- Conan: Component target declared 'absl::raw_hash_map'
-- Conan: Component target declared 'absl::log_internal_strip'
-- Conan: Component target declared 'absl::log_internal_structured'
-- Conan: Component target declared 'absl::cordz_sample_token'
-- Conan: Component target declared 'absl::cordz_update_scope'
-- Conan: Component target declared 'absl::log_internal_check_op'
-- Conan: Component target declared 'absl::log_internal_log_impl'
-- Conan: Component target declared 'absl::log_structured'
-- Conan: Component target declared 'absl::cord'
-- Conan: Component target declared 'absl::btree'
-- Conan: Component target declared 'absl::hash_function_defaults'
-- Conan: Component target declared 'absl::log_internal_check_impl'
-- Conan: Component target declared 'absl::absl_log'
-- Conan: Component target declared 'absl::log'
-- Conan: Component target declared 'absl::status'
-- Conan: Component target declared 'absl::flat_hash_map'
-- Conan: Component target declared 'absl::flat_hash_set'
-- Conan: Component target declared 'absl::node_hash_map'
-- Conan: Component target declared 'absl::node_hash_set'
-- Conan: Component target declared 'absl::absl_check'
-- Conan: Component target declared 'absl::check'
-- Conan: Component target declared 'absl::die_if_null'
-- Conan: Component target declared 'absl::log_streamer'
-- Conan: Component target declared 'absl::statusor'
-- Conan: Component target declared 'absl::flags_reflection'
-- Conan: Component target declared 'absl::flags'
-- Conan: Component target declared 'absl::flags_usage_internal'
-- Conan: Component target declared 'absl::log_internal_flags'
-- Conan: Component target declared 'absl::flags_usage'
-- Conan: Component target declared 'absl::log_flags'
-- Conan: Component target declared 'absl::flags_parse'
-- Conan: Target declared 'abseil::abseil'
-- Conan: Including build module from '/home/vscode/.conan2/p/absei72989cb28aac1/p/lib/cmake/conan_trick/cxx_std.cmake'
-- Conan: Component target declared 'protobuf::libprotobuf'
-- Conan: Component target declared 'protobuf::libprotoc'
-- Conan: Target declared 'protobuf::protobuf'
-- Conan: Target declared 'ZLIB::ZLIB'
-- Conan: Including build module from '/home/vscode/.conan2/p/protof8266396c9bed/p/lib/cmake/protobuf/protobuf-generate.cmake'
-- Conan: Including build module from '/home/vscode/.conan2/p/protof8266396c9bed/p/lib/cmake/protobuf/protobuf-module.cmake'
-- Conan: Including build module from '/home/vscode/.conan2/p/protof8266396c9bed/p/lib/cmake/protobuf/protobuf-options.cmake'
-- Conan: Including build module from '/home/vscode/.conan2/p/protof8266396c9bed/p/lib/cmake/protobuf/protobuf-conan-protoc-target.cmake'
-- Conan: Component target declared 'c-ares::cares'
-- Conan: Target declared 're2::re2'
-- Conan: Component target declared 'OpenSSL::Crypto'
-- Conan: Component target declared 'OpenSSL::SSL'
-- Conan: Target declared 'openssl::openssl'
-- Conan: Including build module from '/home/vscode/.conan2/p/opensa9484b37acb9b/p/lib/cmake/conan-official-openssl-variables.cmake'
-- Conan: Including build module from '/home/vscode/.conan2/p/grpc43d6dda3fd901/p/lib/cmake/conan_trick/grpc_cpp_plugin.cmake'
-- Conan: Including build module from '/home/vscode/.conan2/p/grpc43d6dda3fd901/p/lib/cmake/conan_trick/grpc_csharp_plugin.cmake'
-- Conan: Including build module from '/home/vscode/.conan2/p/grpc43d6dda3fd901/p/lib/cmake/conan_trick/grpc_node_plugin.cmake'
-- Conan: Including build module from '/home/vscode/.conan2/p/grpc43d6dda3fd901/p/lib/cmake/conan_trick/grpc_objective_c_plugin.cmake'
-- Conan: Including build module from '/home/vscode/.conan2/p/grpc43d6dda3fd901/p/lib/cmake/conan_trick/grpc_php_plugin.cmake'
-- Conan: Including build module from '/home/vscode/.conan2/p/grpc43d6dda3fd901/p/lib/cmake/conan_trick/grpc_python_plugin.cmake'
-- Conan: Including build module from '/home/vscode/.conan2/p/grpc43d6dda3fd901/p/lib/cmake/conan_trick/grpc_ruby_plugin.cmake'
-- Conan: Target declared 'nlohmann_json::nlohmann_json'
-- Conan: Component target declared 'PahoMqttCpp::paho-mqttpp3-static'
-- Conan: Component target declared 'eclipse-paho-mqtt-c::paho-mqtt3as-static'
-- Conan: Target declared 'vehicle-model::vehicle-model'
[0mFound ccache installation[0m
-- Configuring done
-- Generating done
-- Build files have been written to: /quickbuild/build-linux-x86_64/Release
[0/2] Building CXX object app/src/CMakeFiles/app.dir/VehicleApp.cpp.o[K[1/2] Building CXX object app/src/CMakeFiles/app.dir/VehicleApp.cpp.o[K[1/2] Linking CXX executable bin/app[K[2/2] Linking CXX executable bin/app[K
âœ… [SUCCESS] C++ compilation completed successfully
â„¹ï¸  [INFO] ğŸ” Verifying build output...
âœ… [SUCCESS] Build completed successfully!
â„¹ï¸  [INFO] ğŸ“ Executable location: /quickbuild/build/bin/app
â„¹ï¸  [INFO] ğŸ“ Executable size: 14M
â„¹ï¸  [INFO] ğŸ” Permissions: -rwxr-xr-x
âœ… [SUCCESS] Compilation completed successfully!
Completed: Wed Jun 18 10:54:33 AM +07 2025
Exit Code: 0
Duration: 10s

âœ… TEST 11 PASSED: Granular Command - compile
ğŸ”§ TEST 12: Granular Command - build-cpp (alias)
Started: Wed Jun 18 10:54:33 AM +07 2025
â„¹ï¸  [INFO] Workspace: /quickbuild

â„¹ï¸  [INFO] ğŸš€ Velocitas C++ Compilation Utility
â„¹ï¸  [INFO] â”â”â”â”â”â”â”â”â”â”â”â”â”â”â”â”â”â”â”â”â”â”â”â”â”â”â”â”â”â”â”â”â”â”â”â”â”â”â”â”â”â”â”â”â”â”â”â”â”â”â”â”â”â”â”â”â”
â„¹ï¸  [INFO] ğŸ”§ STEP 4: C++ application building

â„¹ï¸  [INFO] Reading user VehicleApp.cpp...
â„¹ï¸  [INFO] Reading from stdin...
âœ… [SUCCESS] VehicleApp.cpp validation passed
âœ… [SUCCESS] VehicleApp.cpp loaded successfully (454 lines)

â„¹ï¸  [INFO] Building C++ application...
â„¹ï¸  [INFO] ğŸ”§ Configuring build environment...
â„¹ï¸  [INFO] ğŸ“¦ Installing dependencies (if needed)...
âš ï¸  [WARNING] Dependency installation had issues, continuing with build...
â„¹ï¸  [INFO]    ğŸ’¡ Use VERBOSE_BUILD=1 to see detailed output
â„¹ï¸  [INFO] ğŸ—ï¸  Starting compilation (Release mode for optimization)...
â„¹ï¸  [INFO]    This may take 60-90 seconds depending on code complexity...
âœ… [SUCCESS] C++ compilation completed successfully
â„¹ï¸  [INFO] ğŸ” Verifying build output...
âœ… [SUCCESS] Build completed successfully!
â„¹ï¸  [INFO] ğŸ“ Executable location: /quickbuild/build/bin/app
â„¹ï¸  [INFO] ğŸ“ Executable size: 14M
â„¹ï¸  [INFO] ğŸ” Permissions: -rwxr-xr-x
âœ… [SUCCESS] Compilation completed successfully!
Completed: Wed Jun 18 10:54:40 AM +07 2025
Exit Code: 0
Duration: 7s

âœ… TEST 12 PASSED: Granular Command - build-cpp (alias)
ğŸ”§ TEST 13: Granular Command - finalize
Started: Wed Jun 18 10:54:40 AM +07 2025
â„¹ï¸  [INFO] Workspace: /quickbuild

â„¹ï¸  [INFO] ğŸš€ Velocitas C++ Build Finalization Utility
â„¹ï¸  [INFO] â”â”â”â”â”â”â”â”â”â”â”â”â”â”â”â”â”â”â”â”â”â”â”â”â”â”â”â”â”â”â”â”â”â”â”â”â”â”â”â”â”â”â”â”â”â”â”â”â”â”â”â”â”â”â”â”â”
â„¹ï¸  [INFO] ğŸ”§ STEP 5: Finalizing build

â„¹ï¸  [INFO] Build Summary:
============================================
âœ… VehicleApp.cpp: Validated and compiled
âœ… Dependencies: Pre-installed (cached)
âœ… Vehicle Model: Generated from VSS
âœ… Executable: /quickbuild/build/bin/app
ğŸ“Š Size: 13.3MiB
ğŸ• Completed: Wed Jun 18 03:54:40 UTC 2025
============================================
âœ… [SUCCESS] Build finalization completed successfully!
Completed: Wed Jun 18 10:54:40 AM +07 2025
Exit Code: 0
Duration: 0s

âœ… TEST 13 PASSED: Granular Command - finalize
ğŸ”§ TEST 14: Run Command (build and run)
Started: Wed Jun 18 10:54:40 AM +07 2025
docker: network "host" is specified multiple times

Run 'docker run --help' for more information
Completed: Wed Jun 18 10:54:40 AM +07 2025
Exit Code: 125
Duration: 0s

âŒ TEST 14 FAILED: Run Command (build and run)
ğŸ”§ TEST 15: Rerun Command (pre-built template)
Started: Wed Jun 18 10:54:40 AM +07 2025
docker: network "host" is specified multiple times

Run 'docker run --help' for more information
Completed: Wed Jun 18 10:54:40 AM +07 2025
Exit Code: 125
Duration: 0s

âŒ TEST 15 FAILED: Rerun Command (pre-built template)
ğŸ”§ TEST 16: Granular Workflow (sequential steps)
Started: Wed Jun 18 10:54:40 AM +07 2025
Step 1: Generate model...
â„¹ï¸  [INFO] Workspace: /quickbuild

â„¹ï¸  [INFO] ğŸš€ Velocitas C++ Model Generation Utility
â„¹ï¸  [INFO] â”â”â”â”â”â”â”â”â”â”â”â”â”â”â”â”â”â”â”â”â”â”â”â”â”â”â”â”â”â”â”â”â”â”â”â”â”â”â”â”â”â”â”â”â”â”â”â”â”â”â”â”â”â”â”â”â”
â„¹ï¸  [INFO] ğŸ”§ STEP 3: Vehicle signal model preparation

â„¹ï¸  [INFO] Preparing build workspace...
â„¹ï¸  [INFO] Configuring VSS specification...
â„¹ï¸  [INFO] Using default VSS 4.0 specification
â„¹ï¸  [INFO] Cleaning previous build artifacts...
âœ… [SUCCESS] Workspace prepared

â„¹ï¸  [INFO] Generating vehicle model from VSS...
âœ… [SUCCESS] VSS specification downloaded
âœ… [SUCCESS] Vehicle model generated
âœ… [SUCCESS] Vehicle model generated
âœ… [SUCCESS] Model generation completed successfully!
Step 2: Compile application...
â„¹ï¸  [INFO] Workspace: /quickbuild

â„¹ï¸  [INFO] ğŸš€ Velocitas C++ Compilation Utility
â„¹ï¸  [INFO] â”â”â”â”â”â”â”â”â”â”â”â”â”â”â”â”â”â”â”â”â”â”â”â”â”â”â”â”â”â”â”â”â”â”â”â”â”â”â”â”â”â”â”â”â”â”â”â”â”â”â”â”â”â”â”â”â”
â„¹ï¸  [INFO] ğŸ”§ STEP 4: C++ application building

â„¹ï¸  [INFO] Reading user VehicleApp.cpp...
â„¹ï¸  [INFO] Reading from stdin...
âœ… [SUCCESS] VehicleApp.cpp validation passed
âœ… [SUCCESS] VehicleApp.cpp loaded successfully (454 lines)

â„¹ï¸  [INFO] Building C++ application...
â„¹ï¸  [INFO] ğŸ”§ Configuring build environment...
â„¹ï¸  [INFO] ğŸ“¦ Installing dependencies (if needed)...
âš ï¸  [WARNING] Dependency installation had issues, continuing with build...
â„¹ï¸  [INFO]    ğŸ’¡ Use VERBOSE_BUILD=1 to see detailed output
â„¹ï¸  [INFO] ğŸ—ï¸  Starting compilation (Release mode for optimization)...
â„¹ï¸  [INFO]    This may take 60-90 seconds depending on code complexity...
âœ… [SUCCESS] C++ compilation completed successfully
â„¹ï¸  [INFO] ğŸ” Verifying build output...
âœ… [SUCCESS] Build completed successfully!
â„¹ï¸  [INFO] ğŸ“ Executable location: /quickbuild/build/bin/app
â„¹ï¸  [INFO] ğŸ“ Executable size: 14M
â„¹ï¸  [INFO] ğŸ” Permissions: -rwxr-xr-x
âœ… [SUCCESS] Compilation completed successfully!
Step 3: Finalize build...
â„¹ï¸  [INFO] Workspace: /quickbuild

â„¹ï¸  [INFO] ğŸš€ Velocitas C++ Build Finalization Utility
â„¹ï¸  [INFO] â”â”â”â”â”â”â”â”â”â”â”â”â”â”â”â”â”â”â”â”â”â”â”â”â”â”â”â”â”â”â”â”â”â”â”â”â”â”â”â”â”â”â”â”â”â”â”â”â”â”â”â”â”â”â”â”â”
â„¹ï¸  [INFO] ğŸ”§ STEP 5: Finalizing build

â„¹ï¸  [INFO] Build Summary:
============================================
âœ… VehicleApp.cpp: Validated and compiled
âœ… Dependencies: Pre-installed (cached)
âœ… Vehicle Model: Generated from VSS
âœ… Executable: /quickbuild/build/bin/app
ğŸ“Š Size: 13.3MiB
ğŸ• Completed: Wed Jun 18 03:54:53 UTC 2025
============================================
âœ… [SUCCESS] Build finalization completed successfully!
Completed: Wed Jun 18 10:54:54 AM +07 2025
Exit Code: 0
Duration: 14s

âœ… TEST 16 PASSED: Granular Workflow (sequential steps)
ğŸ”§ TEST 17: Verbose Build Mode
Started: Wed Jun 18 10:54:54 AM +07 2025
â„¹ï¸  [INFO] Workspace: /quickbuild

â„¹ï¸  [INFO] ğŸš€ Velocitas C++ Quick Build Utility
â„¹ï¸  [INFO] â”â”â”â”â”â”â”â”â”â”â”â”â”â”â”â”â”â”â”â”â”â”â”â”â”â”â”â”â”â”â”â”â”â”â”â”â”â”â”â”â”â”â”â”â”â”â”â”â”â”â”â”â”â”â”â”â”
â„¹ï¸  [INFO] ğŸ“¦ Zero-setup containerized build for Velocitas vehicle apps

â„¹ï¸  [INFO] ğŸ”§ STEP 1/5: Processing input...
â„¹ï¸  [INFO] Reading user VehicleApp.cpp...
â„¹ï¸  [INFO] Reading from stdin...
âœ… [SUCCESS] VehicleApp.cpp validation passed
âœ… [SUCCESS] VehicleApp.cpp loaded successfully (454 lines)

â„¹ï¸  [INFO] ğŸ”§ STEP 2/5: Preparing build workspace...
â„¹ï¸  [INFO] Preparing build workspace...
â„¹ï¸  [INFO] Configuring VSS specification...
â„¹ï¸  [INFO] Using default VSS 4.0 specification
â„¹ï¸  [INFO] Cleaning previous build artifacts...
âœ… [SUCCESS] Workspace prepared

â„¹ï¸  [INFO] ğŸ”§ STEP 3/5: Vehicle signal model preparation...
â„¹ï¸  [INFO] Generating vehicle model from VSS...
[WARING] No internet connection -> using cached file /home/vscode/.velocitas/projects/20c9e89591b7712bd6517500cc120486/vspec.json
vspec_file_path='/home/vscode/.velocitas/projects/20c9e89591b7712bd6517500cc120486/vspec.json' >> VELOCITAS_CACHE
unit_file_path_list=["/home/vscode/.velocitas/packages/devenv-devcontainer-setup/v3.0.0/vehicle-model-lifecycle/units.yaml"] >> VELOCITAS_CACHE
âœ… [SUCCESS] VSS specification downloaded
Deleting old model at '/home/vscode/.velocitas/projects/20c9e89591b7712bd6517500cc120486/vehicle_model'
Invoking model generator for language cpp and file '/home/vscode/.velocitas/projects/20c9e89591b7712bd6517500cc120486/vspec.json' with units from ['/home/vscode/.velocitas/packages/devenv-devcontainer-setup/v3.0.0/vehicle-model-lifecycle/units.yaml']
Loading json...
Generating tree from json...
Recursing tree and creating c++ code...
All done.
Exporting Conan project
âœ… [SUCCESS] Vehicle model generated
âœ… [SUCCESS] Vehicle model generated

â„¹ï¸  [INFO] ğŸ”§ STEP 4/5: Building C++ application...
â„¹ï¸  [INFO] Building C++ application...
â„¹ï¸  [INFO] ğŸ”§ Configuring build environment...
â„¹ï¸  [INFO] ğŸ“¦ Installing dependencies (if needed)...
--> "MIXED" build type detected - preparing build for pure Release and "mixed" buid type:

--> Installing dependencies for "mixed" build: Dependencies in Release mode, local stuff in Debug mode ...
[1m[35m
======== Input profiles ========[0m
[1m[36mProfile host:[0m
[settings]
arch=x86_64
build_type=Release
compiler=gcc
compiler.cppstd=17
compiler.libcxx=libstdc++11
compiler.version=11
os=Linux
&:build_type=Debug
[buildenv]
CC=x86_64-linux-gnu-gcc-11
CXX=x86_64-linux-gnu-g++-11
LD=x86_64-linux-gnu-ld
[0m
[1m[36mProfile build:[0m
[settings]
arch=x86_64
build_type=Release
compiler=gcc
compiler.cppstd=17
compiler.libcxx=libstdc++11
compiler.version=11
os=Linux
[buildenv]
CC=x86_64-linux-gnu-gcc-11
CXX=x86_64-linux-gnu-g++-11
LD=x86_64-linux-gnu-ld
[0m
[1m[35m
======== Computing dependency graph ========[0m
[1m[33mGraph root[0m
[1m[36m    conanfile.txt: /quickbuild/conanfile.txt[0m
[1m[33mRequirements[0m
[1m[36m    abseil/20230802.1#cd8012e2f333d4008dcf43cb39b031b8 - Cache[0m
[1m[36m    c-ares/1.34.3#55aa867c731f23300cd544f6d90a794d - Cache[0m
[1m[36m    fmt/11.1.1#9d84ca70128ab4b84d80140b45d76b21 - Cache[0m
[1m[36m    grpc/1.50.1#11ca9ad5502889e7b32e5122a7000037 - Cache[0m
[1m[36m    nlohmann_json/3.11.3#45828be26eb619a2e04ca517bb7b828d - Cache[0m
[1m[36m    openssl/3.4.1#638c4c4df8ecdef1f7aa73fc0d07fde6 - Cache[0m
[1m[36m    paho-mqtt-c/1.3.13#398643eeb183ad7536157ea96b6fad52 - Cache[0m
[1m[36m    paho-mqtt-cpp/1.4.0#5faa2a31ae8c1c1acfd3ab6bcbecd9bc - Cache[0m
[1m[36m    protobuf/3.21.12#1815c278fa25d4447be035f7bb52ed7e - Cache[0m
[1m[36m    re2/20230301#e8d673155a0494f27c7589b611e8350d - Cache[0m
[1m[36m    vehicle-app-sdk/0.7.0#30d6b025245b59e189d5087e7a8aca26 - Cache[0m
[1m[36m    vehicle-model/generated#ea8604cd048ba7a3baeb82b505ca53da - Cache[0m
[1m[36m    zlib/1.3.1#b8bc2603263cf7eccbd6e17e66b0ed76 - Cache[0m
[1m[33mBuild requirements[0m
[1m[36m    abseil/20230802.1#cd8012e2f333d4008dcf43cb39b031b8 - Cache[0m
[1m[36m    c-ares/1.34.3#55aa867c731f23300cd544f6d90a794d - Cache[0m
[1m[36m    cmake/3.31.6#ed0e6c1d49bd564ce6fed1a19653b86d - Cache[0m
[1m[36m    grpc/1.50.1#11ca9ad5502889e7b32e5122a7000037 - Cache[0m
[1m[36m    openssl/3.4.1#638c4c4df8ecdef1f7aa73fc0d07fde6 - Cache[0m
[1m[36m    protobuf/3.21.12#1815c278fa25d4447be035f7bb52ed7e - Cache[0m
[1m[36m    re2/20230301#e8d673155a0494f27c7589b611e8350d - Cache[0m
[1m[36m    zlib/1.3.1#b8bc2603263cf7eccbd6e17e66b0ed76 - Cache[0m
[1m[33mResolved version ranges[0m
[1m[36m    abseil/[>=20230125.3 <=20230802.1]: abseil/20230802.1[0m
[1m[36m    c-ares/[>=1.19.1 <2]: c-ares/1.34.3[0m
[1m[36m    cmake/[>=3.25 <4]: cmake/3.31.6[0m
[1m[36m    openssl/[>=1.1 <4]: openssl/3.4.1[0m
[1m[36m    zlib/[>=1.2.11 <2]: zlib/1.3.1[0m
[1m[35m
======== Computing necessary packages ========[0m
Connecting to remote 'conancenter' anonymously[0m
[31mERROR: Failed checking for binary 'cmake/3.31.6:63fead0844576fc02943e16909f08fcdddd6f44b' in remote 'conancenter': remote not available[0m
[31mERROR: HTTPSConnectionPool(host='center2.conan.io', port=443): Max retries exceeded with url: /v1/ping (Caused by ProxyError('Unable to connect to proxy', NewConnectionError('<urllib3.connection.HTTPSConnection object at 0x72b5a2066c50>: Failed to establish a new connection: [Errno 111] Connection refused')))

Unable to connect to remote conancenter=https://center2.conan.io
1. Make sure the remote is reachable or,
2. Disable it with 'conan remote disable <remote>' or,
3. Use the '-nr/--no-remote' argument
Then try again.[0m
[0mTraceback (most recent call last):
  File "/home/vscode/.velocitas/packages/devenv-devcontainer-setup/v3.0.0/build-system/./cpp-cmake-conan/src/install_deps.py", line 162, in <module>
    cli()
  File "/home/vscode/.velocitas/packages/devenv-devcontainer-setup/v3.0.0/build-system/./cpp-cmake-conan/src/install_deps.py", line 158, in cli
    install_deps_via_conan(build_arch, host_arch, build_type, args.build_all_deps)
  File "/home/vscode/.velocitas/packages/devenv-devcontainer-setup/v3.0.0/build-system/./cpp-cmake-conan/src/install_deps.py", line 75, in install_deps_via_conan
    subprocess.check_call(
  File "/usr/lib/python3.10/subprocess.py", line 369, in check_call
    raise CalledProcessError(retcode, cmd)
subprocess.CalledProcessError: Command '['conan', 'install', '-pr:h', PosixPath('/home/vscode/.velocitas/packages/devenv-devcontainer-setup/v3.0.0/build-system/cpp-cmake-conan/src/.conan/profiles/linux-x86_64'), '-pr:b', PosixPath('/home/vscode/.velocitas/packages/devenv-devcontainer-setup/v3.0.0/build-system/cpp-cmake-conan/src/.conan/profiles/linux-x86_64'), '-s:a=build_type=Release', '-s:h=&:build_type=Debug', '--build', 'missing', '-of', '/quickbuild/build-linux-x86_64/Debug/generators', '/quickbuild']' returned non-zero exit status 1.
 â€º   Error: Program returned exit code: 1
âœ… [SUCCESS] Dependencies installed/verified successfully
â„¹ï¸  [INFO] ğŸ—ï¸  Starting compilation (Release mode for optimization)...
â„¹ï¸  [INFO]    This may take 60-90 seconds depending on code complexity...
CMake version      cmake version 3.22.1

CMake suite maintained and supported by Kitware (kitware.com/cmake).
Conan version      Conan version 2.15.1
Build arch         x86_64
Host arch          x86_64
Build type         Release
Build target       all
Static build       no
Coverage enabled   no
Not searching for unused variables given on the command line.
-- Using Conan toolchain: /quickbuild/build-linux-x86_64/Release/generators/conan_toolchain.cmake
-- Conan toolchain: Defining architecture flag: -m64
-- Conan toolchain: C++ Standard 17 with extensions OFF
-- Conan: Target declared 'vehicle-app-sdk::vehicle-app-sdk'
-- Conan: Component target declared 'fmt::fmt'
-- Conan: Component target declared 'gRPC::address_sorting'
-- Conan: Component target declared 'gRPC::gpr'
-- Conan: Component target declared 'gRPC::grpc_plugin_support'
-- Conan: Component target declared 'gRPC::upb'
-- Conan: Component target declared 'gRPC::grpc'
-- Conan: Component target declared 'gRPC::grpc_unsecure'
-- Conan: Component target declared 'gRPC::grpc++'
-- Conan: Component target declared 'gRPC::grpc++_unsecure'
-- Conan: Component target declared 'gRPC::grpc++_alts'
-- Conan: Component target declared 'gRPC::grpc++_error_details'
-- Conan: Component target declared 'gRPC::grpc++_reflection'
-- Conan: Component target declared 'gRPC::grpcpp_channelz'
-- Conan: Target declared 'grpc::grpc'
-- Conan: Component target declared 'absl::config'
-- Conan: Component target declared 'absl::pretty_function'
-- Conan: Component target declared 'absl::civil_time'
-- Conan: Component target declared 'absl::time_zone'
-- Conan: Component target declared 'absl::errno_saver'
-- Conan: Component target declared 'absl::dynamic_annotations'
-- Conan: Component target declared 'absl::core_headers'
-- Conan: Component target declared 'absl::fast_type_id'
-- Conan: Component target declared 'absl::algorithm'
-- Conan: Component target declared 'absl::counting_allocator'
-- Conan: Component target declared 'absl::hashtable_debug_hooks'
-- Conan: Component target declared 'absl::node_slot_policy'
-- Conan: Component target declared 'absl::non_temporal_arm_intrinsics'
-- Conan: Component target declared 'absl::log_internal_voidify'
-- Conan: Component target declared 'absl::numeric_representation'
-- Conan: Component target declared 'absl::random_seed_gen_exception'
-- Conan: Component target declared 'absl::random_internal_traits'
-- Conan: Component target declared 'absl::random_internal_fast_uniform_bits'
-- Conan: Component target declared 'absl::random_internal_platform'
-- Conan: Component target declared 'absl::cordz_update_tracker'
-- Conan: Component target declared 'absl::if_constexpr'
-- Conan: Component target declared 'absl::atomic_hook'
-- Conan: Component target declared 'absl::log_severity'
-- Conan: Component target declared 'absl::strerror'
-- Conan: Component target declared 'absl::prefetch'
-- Conan: Component target declared 'absl::hashtable_debug'
-- Conan: Component target declared 'absl::non_temporal_memcpy'
-- Conan: Component target declared 'absl::leak_check'
-- Conan: Component target declared 'absl::flags_commandlineflag_internal'
-- Conan: Component target declared 'absl::log_internal_config'
-- Conan: Component target declared 'absl::log_internal_nullguard'
-- Conan: Component target declared 'absl::type_traits'
-- Conan: Component target declared 'absl::bits'
-- Conan: Component target declared 'absl::exponential_biased'
-- Conan: Component target declared 'absl::random_internal_randen_slow'
-- Conan: Component target declared 'absl::random_internal_randen_hwaes_impl'
-- Conan: Component target declared 'absl::nullability'
-- Conan: Component target declared 'absl::raw_logging_internal'
-- Conan: Component target declared 'absl::base_internal'
-- Conan: Component target declared 'absl::container_common'
-- Conan: Component target declared 'absl::meta'
-- Conan: Component target declared 'absl::int128'
-- Conan: Component target declared 'absl::periodic_sampler'
-- Conan: Component target declared 'absl::random_internal_fastmath'
-- Conan: Component target declared 'absl::random_internal_randen_hwaes'
-- Conan: Component target declared 'absl::random_internal_uniform_helper'
-- Conan: Component target declared 'absl::compare'
-- Conan: Component target declared 'absl::spinlock_wait'
-- Conan: Component target declared 'absl::throw_delegate'
-- Conan: Component target declared 'absl::scoped_set_env'
-- Conan: Component target declared 'absl::algorithm_container'
-- Conan: Component target declared 'absl::common_policy_traits'
-- Conan: Component target declared 'absl::debugging_internal'
-- Conan: Component target declared 'absl::memory'
-- Conan: Component target declared 'absl::numeric'
-- Conan: Component target declared 'absl::random_internal_iostream_state_saver'
-- Conan: Component target declared 'absl::random_internal_generate_real'
-- Conan: Component target declared 'absl::random_internal_wide_multiply'
-- Conan: Component target declared 'absl::random_internal_randen'
-- Conan: Component target declared 'absl::cordz_functions'
-- Conan: Component target declared 'absl::bad_any_cast_impl'
-- Conan: Component target declared 'absl::bad_optional_access'
-- Conan: Component target declared 'absl::bad_variant_access'
-- Conan: Component target declared 'absl::utility'
-- Conan: Component target declared 'absl::base'
-- Conan: Component target declared 'absl::cleanup_internal'
-- Conan: Component target declared 'absl::compressed_tuple'
-- Conan: Component target declared 'absl::container_memory'
-- Conan: Component target declared 'absl::hash_policy_traits'
-- Conan: Component target declared 'absl::stacktrace'
-- Conan: Component target declared 'absl::any_invocable'
-- Conan: Component target declared 'absl::random_internal_distribution_caller'
-- Conan: Component target declared 'absl::random_internal_pcg_engine'
-- Conan: Component target declared 'absl::bad_any_cast'
-- Conan: Component target declared 'absl::span'
-- Conan: Component target declared 'absl::optional'
-- Conan: Component target declared 'absl::variant'
-- Conan: Component target declared 'absl::malloc_internal'
-- Conan: Component target declared 'absl::endian'
-- Conan: Component target declared 'absl::cleanup'
-- Conan: Component target declared 'absl::fixed_array'
-- Conan: Component target declared 'absl::inlined_vector_internal'
-- Conan: Component target declared 'absl::crc_cpu_detect'
-- Conan: Component target declared 'absl::demangle_internal'
-- Conan: Component target declared 'absl::debugging'
-- Conan: Component target declared 'absl::bind_front'
-- Conan: Component target declared 'absl::function_ref'
-- Conan: Component target declared 'absl::log_internal_conditions'
-- Conan: Component target declared 'absl::random_bit_gen_ref'
-- Conan: Component target declared 'absl::random_internal_mock_helpers'
-- Conan: Component target declared 'absl::string_view'
-- Conan: Component target declared 'absl::any'
-- Conan: Component target declared 'absl::inlined_vector'
-- Conan: Component target declared 'absl::crc_internal'
-- Conan: Component target declared 'absl::city'
-- Conan: Component target declared 'absl::low_level_hash'
-- Conan: Component target declared 'absl::random_internal_randen_engine'
-- Conan: Component target declared 'absl::strings_internal'
-- Conan: Component target declared 'absl::graphcycles_internal'
-- Conan: Component target declared 'absl::strings'
-- Conan: Component target declared 'absl::layout'
-- Conan: Component target declared 'absl::symbolize'
-- Conan: Component target declared 'absl::flags_path_util'
-- Conan: Component target declared 'absl::flags_commandlineflag'
-- Conan: Component target declared 'absl::hash'
-- Conan: Component target declared 'absl::log_internal_proto'
-- Conan: Component target declared 'absl::log_internal_nullstream'
-- Conan: Component target declared 'absl::log_internal_append_truncated'
-- Conan: Component target declared 'absl::random_distributions'
-- Conan: Component target declared 'absl::random_internal_seed_material'
-- Conan: Component target declared 'absl::str_format_internal'
-- Conan: Component target declared 'absl::time'
-- Conan: Component target declared 'absl::examine_stack'
-- Conan: Component target declared 'absl::flags_private_handle_accessor'
-- Conan: Component target declared 'absl::log_internal_globals'
-- Conan: Component target declared 'absl::log_globals'
-- Conan: Component target declared 'absl::log_entry'
-- Conan: Component target declared 'absl::random_internal_pool_urbg'
-- Conan: Component target declared 'absl::random_internal_salted_seed_seq'
-- Conan: Component target declared 'absl::str_format'
-- Conan: Component target declared 'absl::kernel_timeout_internal'
-- Conan: Component target declared 'absl::crc32c'
-- Conan: Component target declared 'absl::failure_signal_handler'
-- Conan: Component target declared 'absl::flags_marshalling'
-- Conan: Component target declared 'absl::log_internal_format'
-- Conan: Component target declared 'absl::log_initialize'
-- Conan: Component target declared 'absl::log_sink'
-- Conan: Component target declared 'absl::random_seed_sequences'
-- Conan: Component target declared 'absl::random_internal_nonsecure_base'
-- Conan: Component target declared 'absl::random_internal_distribution_test_util'
-- Conan: Component target declared 'absl::synchronization'
-- Conan: Component target declared 'absl::crc_cord_state'
-- Conan: Component target declared 'absl::flags_program_name'
-- Conan: Component target declared 'absl::log_internal_log_sink_set'
-- Conan: Component target declared 'absl::sample_recorder'
-- Conan: Component target declared 'absl::random_random'
-- Conan: Component target declared 'absl::cordz_statistics'
-- Conan: Component target declared 'absl::cordz_handle'
-- Conan: Component target declared 'absl::hashtablez_sampler'
-- Conan: Component target declared 'absl::flags_config'
-- Conan: Component target declared 'absl::log_sink_registry'
-- Conan: Component target declared 'absl::cord_internal'
-- Conan: Component target declared 'absl::raw_hash_set'
-- Conan: Component target declared 'absl::flags_internal'
-- Conan: Component target declared 'absl::log_internal_message'
-- Conan: Component target declared 'absl::cordz_info'
-- Conan: Component target declared 'absl::raw_hash_map'
-- Conan: Component target declared 'absl::log_internal_strip'
-- Conan: Component target declared 'absl::log_internal_structured'
-- Conan: Component target declared 'absl::cordz_sample_token'
-- Conan: Component target declared 'absl::cordz_update_scope'
-- Conan: Component target declared 'absl::log_internal_check_op'
-- Conan: Component target declared 'absl::log_internal_log_impl'
-- Conan: Component target declared 'absl::log_structured'
-- Conan: Component target declared 'absl::cord'
-- Conan: Component target declared 'absl::btree'
-- Conan: Component target declared 'absl::hash_function_defaults'
-- Conan: Component target declared 'absl::log_internal_check_impl'
-- Conan: Component target declared 'absl::absl_log'
-- Conan: Component target declared 'absl::log'
-- Conan: Component target declared 'absl::status'
-- Conan: Component target declared 'absl::flat_hash_map'
-- Conan: Component target declared 'absl::flat_hash_set'
-- Conan: Component target declared 'absl::node_hash_map'
-- Conan: Component target declared 'absl::node_hash_set'
-- Conan: Component target declared 'absl::absl_check'
-- Conan: Component target declared 'absl::check'
-- Conan: Component target declared 'absl::die_if_null'
-- Conan: Component target declared 'absl::log_streamer'
-- Conan: Component target declared 'absl::statusor'
-- Conan: Component target declared 'absl::flags_reflection'
-- Conan: Component target declared 'absl::flags'
-- Conan: Component target declared 'absl::flags_usage_internal'
-- Conan: Component target declared 'absl::log_internal_flags'
-- Conan: Component target declared 'absl::flags_usage'
-- Conan: Component target declared 'absl::log_flags'
-- Conan: Component target declared 'absl::flags_parse'
-- Conan: Target declared 'abseil::abseil'
-- Conan: Including build module from '/home/vscode/.conan2/p/absei72989cb28aac1/p/lib/cmake/conan_trick/cxx_std.cmake'
-- Conan: Component target declared 'protobuf::libprotobuf'
-- Conan: Component target declared 'protobuf::libprotoc'
-- Conan: Target declared 'protobuf::protobuf'
-- Conan: Target declared 'ZLIB::ZLIB'
-- Conan: Including build module from '/home/vscode/.conan2/p/protof8266396c9bed/p/lib/cmake/protobuf/protobuf-generate.cmake'
-- Conan: Including build module from '/home/vscode/.conan2/p/protof8266396c9bed/p/lib/cmake/protobuf/protobuf-module.cmake'
-- Conan: Including build module from '/home/vscode/.conan2/p/protof8266396c9bed/p/lib/cmake/protobuf/protobuf-options.cmake'
-- Conan: Including build module from '/home/vscode/.conan2/p/protof8266396c9bed/p/lib/cmake/protobuf/protobuf-conan-protoc-target.cmake'
-- Conan: Component target declared 'c-ares::cares'
-- Conan: Target declared 're2::re2'
-- Conan: Component target declared 'OpenSSL::Crypto'
-- Conan: Component target declared 'OpenSSL::SSL'
-- Conan: Target declared 'openssl::openssl'
-- Conan: Including build module from '/home/vscode/.conan2/p/opensa9484b37acb9b/p/lib/cmake/conan-official-openssl-variables.cmake'
-- Conan: Including build module from '/home/vscode/.conan2/p/grpc43d6dda3fd901/p/lib/cmake/conan_trick/grpc_cpp_plugin.cmake'
-- Conan: Including build module from '/home/vscode/.conan2/p/grpc43d6dda3fd901/p/lib/cmake/conan_trick/grpc_csharp_plugin.cmake'
-- Conan: Including build module from '/home/vscode/.conan2/p/grpc43d6dda3fd901/p/lib/cmake/conan_trick/grpc_node_plugin.cmake'
-- Conan: Including build module from '/home/vscode/.conan2/p/grpc43d6dda3fd901/p/lib/cmake/conan_trick/grpc_objective_c_plugin.cmake'
-- Conan: Including build module from '/home/vscode/.conan2/p/grpc43d6dda3fd901/p/lib/cmake/conan_trick/grpc_php_plugin.cmake'
-- Conan: Including build module from '/home/vscode/.conan2/p/grpc43d6dda3fd901/p/lib/cmake/conan_trick/grpc_python_plugin.cmake'
-- Conan: Including build module from '/home/vscode/.conan2/p/grpc43d6dda3fd901/p/lib/cmake/conan_trick/grpc_ruby_plugin.cmake'
-- Conan: Target declared 'nlohmann_json::nlohmann_json'
-- Conan: Component target declared 'PahoMqttCpp::paho-mqttpp3-static'
-- Conan: Component target declared 'eclipse-paho-mqtt-c::paho-mqtt3as-static'
-- Conan: Target declared 'vehicle-model::vehicle-model'
[0mFound ccache installation[0m
-- Configuring done
-- Generating done
-- Build files have been written to: /quickbuild/build-linux-x86_64/Release
[0/2] Building CXX object app/src/CMakeFiles/app.dir/VehicleApp.cpp.o[K[1/2] Building CXX object app/src/CMakeFiles/app.dir/VehicleApp.cpp.o[K[1/2] Linking CXX executable bin/app[K[2/2] Linking CXX executable bin/app[K
âœ… [SUCCESS] C++ compilation completed successfully
â„¹ï¸  [INFO] ğŸ” Verifying build output...
âœ… [SUCCESS] Build completed successfully!
â„¹ï¸  [INFO] ğŸ“ Executable location: /quickbuild/build/bin/app
â„¹ï¸  [INFO] ğŸ“ Executable size: 14M
â„¹ï¸  [INFO] ğŸ” Permissions: -rwxr-xr-x

â„¹ï¸  [INFO] ğŸ”§ STEP 5/5: Finalizing build...
â„¹ï¸  [INFO] Build Summary:
============================================
âœ… VehicleApp.cpp: Validated and compiled
âœ… Dependencies: Pre-installed (cached)
âœ… Vehicle Model: Generated from VSS
âœ… Executable: /quickbuild/build/bin/app
ğŸ“Š Size: 13.3MiB
ğŸ• Completed: Wed Jun 18 03:55:05 UTC 2025
============================================

âœ… [SUCCESS] ğŸ‰ Quick build completed successfully!
â„¹ï¸  [INFO] ğŸ’¡ Your vehicle app is ready to run!
Completed: Wed Jun 18 10:55:06 AM +07 2025
Exit Code: 0
Duration: 12s

âœ… TEST 17 PASSED: Verbose Build Mode

ğŸ“Š TEST SUMMARY
============================================
Total Tests: 17
Passed: 15
Failed: 2
Success Rate: 88%
Completed: Wed Jun 18 10:55:06 AM +07 2025
