üß™ Mode 2 Test Suite - Wed Jun 18 10:36:48 AM +07 2025
üìä Configuration:
   Proxy: true
   Proxy Host: 127.0.0.1:3128
   Verbose: true
   Container: velocitas-quick-proxy
   Timeout: 120s
   Output: test_results

üìã System Info:
   Docker: Docker version 28.2.2, build e6534b4
   OS: Linux HC-C-0057R 6.5.0-26-generic #26~22.04.1-Ubuntu SMP PREEMPT_DYNAMIC Tue Mar 12 10:22:43 UTC 2 x86_64 x86_64 x86_64 GNU/Linux
   Disk: /dev/mapper/ubuntu--vg-ubuntu--lv  935G  321G  567G  37% /

üîß TEST 1: Container Build
Started: Wed Jun 18 10:36:48 AM +07 2025
#0 building with "default" instance using docker driver

#1 [internal] load build definition from Dockerfile.quick
#1 transferring dockerfile: 4.97kB done
#1 DONE 0.0s

#2 [auth] eclipse-velocitas/devcontainer-base-images/cpp:pull token for ghcr.io
#2 DONE 0.0s

#3 [internal] load metadata for ghcr.io/eclipse-velocitas/devcontainer-base-images/cpp:v0.4
#3 DONE 2.2s

#4 [internal] load .dockerignore
#4 transferring context: 126B done
#4 DONE 0.0s

#5 [ 1/21] FROM ghcr.io/eclipse-velocitas/devcontainer-base-images/cpp:v0.4@sha256:07b710143fc78143e744c932d2acb48ab71a8ae59ef95fcb1d20e4db59bf6a7c
#5 DONE 0.0s

#6 [internal] load build context
#6 transferring context: 16.87kB done
#6 DONE 0.0s

#7 [ 7/21] RUN python3 -m pip install --user --upgrade pip &&     python3 -m pip install --user -r /tmp/requirements.txt
#7 CACHED

#8 [ 4/21] RUN echo vscode ALL=(root) NOPASSWD:ALL > /etc/sudoers.d/vscode     && chmod 0440 /etc/sudoers.d/vscode
#8 CACHED

#9 [ 6/21] COPY requirements.txt /tmp/requirements.txt
#9 CACHED

#10 [10/21] COPY --chown=vscode:vscode templates/conanfile.txt /quickbuild/conanfile.txt
#10 CACHED

#11 [15/21] RUN pip install --user -r /tmp/requirements.txt &&     export PATH="$HOME/.local/bin:/usr/local/sbin:/usr/local/bin:/usr/sbin:/usr/bin:/sbin:/bin" &&     velocitas init -f -v
#11 CACHED

#12 [ 9/21] COPY --chown=vscode:vscode templates/AppManifest.json /quickbuild/app/AppManifest.json
#12 CACHED

#13 [ 5/21] RUN mkdir -p /quickbuild && chown -R vscode:vscode /quickbuild
#13 CACHED

#14 [ 8/21] WORKDIR /quickbuild
#14 CACHED

#15 [17/21] RUN export PATH="$HOME/.local/bin:/usr/local/sbin:/usr/local/bin:/usr/sbin:/usr/bin:/sbin:/bin" &&     velocitas exec vehicle-signal-interface download-vspec &&     velocitas exec vehicle-signal-interface generate-model
#15 CACHED

#16 [16/21] RUN export PATH="$HOME/.local/bin:/usr/local/sbin:/usr/local/bin:/usr/sbin:/usr/bin:/sbin:/bin" &&     velocitas exec build-system install
#16 CACHED

#17 [ 3/21] RUN apt-get update && apt-get install -y     curl     wget     git     sudo     build-essential     cmake     ninja-build     ccache     pkg-config     python3     python3-pip     netcat-openbsd     jq     && rm -rf /var/lib/apt/lists/*
#17 CACHED

#18 [ 2/21] RUN groupadd --gid 1000 vscode || true &&     useradd --uid 1000 --gid 1000 -m vscode || true
#18 CACHED

#19 [13/21] COPY --chown=vscode:vscode templates/app/src/VehicleApp.template.cpp /quickbuild/app/src/VehicleApp.cpp
#19 CACHED

#20 [14/21] COPY --chown=vscode:vscode .velocitas.json /quickbuild/.velocitas.json
#20 CACHED

#21 [11/21] COPY --chown=vscode:vscode templates/CMakeLists.txt /quickbuild/CMakeLists.txt
#21 CACHED

#22 [12/21] COPY --chown=vscode:vscode templates/app/ /quickbuild/app/
#22 CACHED

#23 [18/21] RUN export PATH="$HOME/.local/bin:/usr/local/sbin:/usr/local/bin:/usr/sbin:/usr/bin:/sbin:/bin" &&     velocitas exec build-system build -r
#23 CACHED

#24 [19/21] COPY --chown=vscode:vscode scripts/ /scripts/
#24 DONE 0.0s

#25 [20/21] RUN chmod +x /scripts/*.sh
#25 DONE 0.2s

#26 [21/21] RUN echo '#!/bin/bash\nexport PATH="$HOME/.local/bin:$PATH"\n/scripts/quick-build.sh "$@"' > /usr/local/bin/build &&     echo '#!/bin/bash\nexport PATH="$HOME/.local/bin:$PATH"\n/scripts/quick-run.sh "$@"' > /usr/local/bin/run &&     echo '#!/bin/bash\nexport PATH="$HOME/.local/bin:$PATH"\n/scripts/validate-template.sh "$@"' > /usr/local/bin/validate &&     echo '#!/bin/bash\nexport PATH="$HOME/.local/bin:$PATH"\n/scripts/quick-build.sh gen-model "$@"' > /usr/local/bin/gen-model &&     echo '#!/bin/bash\nexport PATH="$HOME/.local/bin:$PATH"\n/scripts/quick-build.sh compile "$@"' > /usr/local/bin/compile &&     echo '#!/bin/bash\nexport PATH="$HOME/.local/bin:$PATH"\n/scripts/quick-build.sh finalize "$@"' > /usr/local/bin/finalize &&     chmod +x /usr/local/bin/build /usr/local/bin/run /usr/local/bin/validate /usr/local/bin/gen-model /usr/local/bin/compile /usr/local/bin/finalize
#26 DONE 0.2s

#27 exporting to image
#27 exporting layers 0.1s done
#27 writing image sha256:1b2a71d975d5d491ff09c98a8331cae8866a4cc4852840271159d668a0372823 done
#27 naming to docker.io/library/velocitas-quick-proxy 0.0s done
#27 DONE 0.1s
Completed: Wed Jun 18 10:36:52 AM +07 2025
Exit Code: 0
Duration: 4s

‚úÖ TEST 1 PASSED: Container Build
üîß TEST 2: Help Command
Started: Wed Jun 18 10:36:52 AM +07 2025
‚ÑπÔ∏è  [INFO] Workspace: /quickbuild
Quick Build Script - Mode 2 Blackbox Utility

Usage:
  cat VehicleApp.cpp | docker run -i velocitas-quick
  docker run -v $(pwd)/app.cpp:/input velocitas-quick
  docker run -v $(pwd):/input velocitas-quick

Custom VSS Support:
  # Use custom VSS file
  docker run -v $(pwd)/my-vss.json:/vss.json -e VSS_SPEC_FILE=/vss.json -i velocitas-quick

  # Use custom VSS URL
  docker run -e VSS_SPEC_URL=https://company.com/vss.json -i velocitas-quick

Commands:
  build       - Build the application (default)
  run         - Build (if needed) and run application with live output
  rerun       - Run pre-built template (no input needed, fastest)
  validate    - Only validate VehicleApp.cpp

Granular Build Commands:
  gen-model   - Generate vehicle signal model from VSS (Step 3)
  model       - Alias for gen-model
  compile     - Compile C++ application only (Step 4)
  build-cpp   - Alias for compile
  finalize    - Build summary and finalization (Step 5)

  help        - Show this help message

Environment Variables:
  VSS_SPEC_FILE - Path to custom VSS JSON file
  VSS_SPEC_URL  - URL to custom VSS JSON specification
  VERBOSE_BUILD - Set to 1 to show detailed command output
Completed: Wed Jun 18 10:36:52 AM +07 2025
Exit Code: 0
Duration: 0s

‚úÖ TEST 2 PASSED: Help Command
üîß TEST 3: Basic Build via Stdin
Started: Wed Jun 18 10:36:52 AM +07 2025
‚ÑπÔ∏è  [INFO] Workspace: /quickbuild

‚ÑπÔ∏è  [INFO] üöÄ Velocitas C++ Quick Build Utility
‚ÑπÔ∏è  [INFO] ‚îÅ‚îÅ‚îÅ‚îÅ‚îÅ‚îÅ‚îÅ‚îÅ‚îÅ‚îÅ‚îÅ‚îÅ‚îÅ‚îÅ‚îÅ‚îÅ‚îÅ‚îÅ‚îÅ‚îÅ‚îÅ‚îÅ‚îÅ‚îÅ‚îÅ‚îÅ‚îÅ‚îÅ‚îÅ‚îÅ‚îÅ‚îÅ‚îÅ‚îÅ‚îÅ‚îÅ‚îÅ‚îÅ‚îÅ‚îÅ‚îÅ‚îÅ‚îÅ‚îÅ‚îÅ‚îÅ‚îÅ‚îÅ‚îÅ‚îÅ‚îÅ‚îÅ‚îÅ‚îÅ‚îÅ‚îÅ‚îÅ
‚ÑπÔ∏è  [INFO] üì¶ Zero-setup containerized build for Velocitas vehicle apps

‚ÑπÔ∏è  [INFO] üîß STEP 1/5: Processing input...
‚ÑπÔ∏è  [INFO] Reading user VehicleApp.cpp...
‚ÑπÔ∏è  [INFO] Reading from stdin...
‚úÖ [SUCCESS] VehicleApp.cpp validation passed
‚úÖ [SUCCESS] VehicleApp.cpp loaded successfully (454 lines)

‚ÑπÔ∏è  [INFO] üîß STEP 2/5: Preparing build workspace...
‚ÑπÔ∏è  [INFO] Preparing build workspace...
‚ÑπÔ∏è  [INFO] Configuring VSS specification...
‚ÑπÔ∏è  [INFO] Using default VSS 4.0 specification
‚ÑπÔ∏è  [INFO] Cleaning previous build artifacts...
‚úÖ [SUCCESS] Workspace prepared

‚ÑπÔ∏è  [INFO] üîß STEP 3/5: Vehicle signal model preparation...
‚ÑπÔ∏è  [INFO] Generating vehicle model from VSS...
[WARING] No internet connection -> using cached file /home/vscode/.velocitas/projects/20c9e89591b7712bd6517500cc120486/vspec.json
vspec_file_path='/home/vscode/.velocitas/projects/20c9e89591b7712bd6517500cc120486/vspec.json' >> VELOCITAS_CACHE
unit_file_path_list=["/home/vscode/.velocitas/packages/devenv-devcontainer-setup/v3.0.0/vehicle-model-lifecycle/units.yaml"] >> VELOCITAS_CACHE
‚úÖ [SUCCESS] VSS specification downloaded
Deleting old model at '/home/vscode/.velocitas/projects/20c9e89591b7712bd6517500cc120486/vehicle_model'
Invoking model generator for language cpp and file '/home/vscode/.velocitas/projects/20c9e89591b7712bd6517500cc120486/vspec.json' with units from ['/home/vscode/.velocitas/packages/devenv-devcontainer-setup/v3.0.0/vehicle-model-lifecycle/units.yaml']
Loading json...
Generating tree from json...
Recursing tree and creating c++ code...
All done.
Exporting Conan project
‚úÖ [SUCCESS] Vehicle model generated
‚úÖ [SUCCESS] Vehicle model generated

‚ÑπÔ∏è  [INFO] üîß STEP 4/5: Building C++ application...
‚ÑπÔ∏è  [INFO] Building C++ application...
‚ÑπÔ∏è  [INFO] üîß Configuring build environment...
‚ÑπÔ∏è  [INFO] üì¶ Installing dependencies (if needed)...
--> "MIXED" build type detected - preparing build for pure Release and "mixed" buid type:

--> Installing dependencies for "mixed" build: Dependencies in Release mode, local stuff in Debug mode ...
[1m[35m
======== Input profiles ========[0m
[1m[36mProfile host:[0m
[settings]
arch=x86_64
build_type=Release
compiler=gcc
compiler.cppstd=17
compiler.libcxx=libstdc++11
compiler.version=11
os=Linux
&:build_type=Debug
[buildenv]
CC=x86_64-linux-gnu-gcc-11
CXX=x86_64-linux-gnu-g++-11
LD=x86_64-linux-gnu-ld
[0m
[1m[36mProfile build:[0m
[settings]
arch=x86_64
build_type=Release
compiler=gcc
compiler.cppstd=17
compiler.libcxx=libstdc++11
compiler.version=11
os=Linux
[buildenv]
CC=x86_64-linux-gnu-gcc-11
CXX=x86_64-linux-gnu-g++-11
LD=x86_64-linux-gnu-ld
[0m
[1m[35m
======== Computing dependency graph ========[0m
[1m[33mGraph root[0m
[1m[36m    conanfile.txt: /quickbuild/conanfile.txt[0m
[1m[33mRequirements[0m
[1m[36m    abseil/20230802.1#cd8012e2f333d4008dcf43cb39b031b8 - Cache[0m
[1m[36m    c-ares/1.34.3#55aa867c731f23300cd544f6d90a794d - Cache[0m
[1m[36m    fmt/11.1.1#9d84ca70128ab4b84d80140b45d76b21 - Cache[0m
[1m[36m    grpc/1.50.1#11ca9ad5502889e7b32e5122a7000037 - Cache[0m
[1m[36m    nlohmann_json/3.11.3#45828be26eb619a2e04ca517bb7b828d - Cache[0m
[1m[36m    openssl/3.4.1#638c4c4df8ecdef1f7aa73fc0d07fde6 - Cache[0m
[1m[36m    paho-mqtt-c/1.3.13#398643eeb183ad7536157ea96b6fad52 - Cache[0m
[1m[36m    paho-mqtt-cpp/1.4.0#5faa2a31ae8c1c1acfd3ab6bcbecd9bc - Cache[0m
[1m[36m    protobuf/3.21.12#1815c278fa25d4447be035f7bb52ed7e - Cache[0m
[1m[36m    re2/20230301#e8d673155a0494f27c7589b611e8350d - Cache[0m
[1m[36m    vehicle-app-sdk/0.7.0#30d6b025245b59e189d5087e7a8aca26 - Cache[0m
[1m[36m    vehicle-model/generated#ea8604cd048ba7a3baeb82b505ca53da - Cache[0m
[1m[36m    zlib/1.3.1#b8bc2603263cf7eccbd6e17e66b0ed76 - Cache[0m
[1m[33mBuild requirements[0m
[1m[36m    abseil/20230802.1#cd8012e2f333d4008dcf43cb39b031b8 - Cache[0m
[1m[36m    c-ares/1.34.3#55aa867c731f23300cd544f6d90a794d - Cache[0m
[1m[36m    cmake/3.31.6#ed0e6c1d49bd564ce6fed1a19653b86d - Cache[0m
[1m[36m    grpc/1.50.1#11ca9ad5502889e7b32e5122a7000037 - Cache[0m
[1m[36m    openssl/3.4.1#638c4c4df8ecdef1f7aa73fc0d07fde6 - Cache[0m
[1m[36m    protobuf/3.21.12#1815c278fa25d4447be035f7bb52ed7e - Cache[0m
[1m[36m    re2/20230301#e8d673155a0494f27c7589b611e8350d - Cache[0m
[1m[36m    zlib/1.3.1#b8bc2603263cf7eccbd6e17e66b0ed76 - Cache[0m
[1m[33mResolved version ranges[0m
[1m[36m    abseil/[>=20230125.3 <=20230802.1]: abseil/20230802.1[0m
[1m[36m    c-ares/[>=1.19.1 <2]: c-ares/1.34.3[0m
[1m[36m    cmake/[>=3.25 <4]: cmake/3.31.6[0m
[1m[36m    openssl/[>=1.1 <4]: openssl/3.4.1[0m
[1m[36m    zlib/[>=1.2.11 <2]: zlib/1.3.1[0m
[1m[35m
======== Computing necessary packages ========[0m
Connecting to remote 'conancenter' anonymously[0m
[31mERROR: Failed checking for binary 'cmake/3.31.6:63fead0844576fc02943e16909f08fcdddd6f44b' in remote 'conancenter': remote not available[0m
[31mERROR: HTTPSConnectionPool(host='center2.conan.io', port=443): Max retries exceeded with url: /v1/ping (Caused by ProxyError('Unable to connect to proxy', NewConnectionError('<urllib3.connection.HTTPSConnection object at 0x7c2ee8522c50>: Failed to establish a new connection: [Errno 111] Connection refused')))

Unable to connect to remote conancenter=https://center2.conan.io
1. Make sure the remote is reachable or,
2. Disable it with 'conan remote disable <remote>' or,
3. Use the '-nr/--no-remote' argument
Then try again.[0m
[0mTraceback (most recent call last):
  File "/home/vscode/.velocitas/packages/devenv-devcontainer-setup/v3.0.0/build-system/./cpp-cmake-conan/src/install_deps.py", line 162, in <module>
    cli()
  File "/home/vscode/.velocitas/packages/devenv-devcontainer-setup/v3.0.0/build-system/./cpp-cmake-conan/src/install_deps.py", line 158, in cli
    install_deps_via_conan(build_arch, host_arch, build_type, args.build_all_deps)
  File "/home/vscode/.velocitas/packages/devenv-devcontainer-setup/v3.0.0/build-system/./cpp-cmake-conan/src/install_deps.py", line 75, in install_deps_via_conan
    subprocess.check_call(
  File "/usr/lib/python3.10/subprocess.py", line 369, in check_call
    raise CalledProcessError(retcode, cmd)
subprocess.CalledProcessError: Command '['conan', 'install', '-pr:h', PosixPath('/home/vscode/.velocitas/packages/devenv-devcontainer-setup/v3.0.0/build-system/cpp-cmake-conan/src/.conan/profiles/linux-x86_64'), '-pr:b', PosixPath('/home/vscode/.velocitas/packages/devenv-devcontainer-setup/v3.0.0/build-system/cpp-cmake-conan/src/.conan/profiles/linux-x86_64'), '-s:a=build_type=Release', '-s:h=&:build_type=Debug', '--build', 'missing', '-of', '/quickbuild/build-linux-x86_64/Debug/generators', '/quickbuild']' returned non-zero exit status 1.
 ‚Ä∫   Error: Program returned exit code: 1
‚úÖ [SUCCESS] Dependencies installed/verified successfully
‚ÑπÔ∏è  [INFO] üèóÔ∏è  Starting compilation (Release mode for optimization)...
‚ÑπÔ∏è  [INFO]    This may take 60-90 seconds depending on code complexity...
CMake version      cmake version 3.22.1

CMake suite maintained and supported by Kitware (kitware.com/cmake).
Conan version      Conan version 2.15.1
Build arch         x86_64
Host arch          x86_64
Build type         Release
Build target       all
Static build       no
Coverage enabled   no
Not searching for unused variables given on the command line.
-- Using Conan toolchain: /quickbuild/build-linux-x86_64/Release/generators/conan_toolchain.cmake
-- Conan toolchain: Defining architecture flag: -m64
-- Conan toolchain: C++ Standard 17 with extensions OFF
-- Conan: Target declared 'vehicle-app-sdk::vehicle-app-sdk'
-- Conan: Component target declared 'fmt::fmt'
-- Conan: Component target declared 'gRPC::address_sorting'
-- Conan: Component target declared 'gRPC::gpr'
-- Conan: Component target declared 'gRPC::grpc_plugin_support'
-- Conan: Component target declared 'gRPC::upb'
-- Conan: Component target declared 'gRPC::grpc'
-- Conan: Component target declared 'gRPC::grpc_unsecure'
-- Conan: Component target declared 'gRPC::grpc++'
-- Conan: Component target declared 'gRPC::grpc++_unsecure'
-- Conan: Component target declared 'gRPC::grpc++_alts'
-- Conan: Component target declared 'gRPC::grpc++_error_details'
-- Conan: Component target declared 'gRPC::grpc++_reflection'
-- Conan: Component target declared 'gRPC::grpcpp_channelz'
-- Conan: Target declared 'grpc::grpc'
-- Conan: Component target declared 'absl::config'
-- Conan: Component target declared 'absl::pretty_function'
-- Conan: Component target declared 'absl::civil_time'
-- Conan: Component target declared 'absl::time_zone'
-- Conan: Component target declared 'absl::errno_saver'
-- Conan: Component target declared 'absl::dynamic_annotations'
-- Conan: Component target declared 'absl::core_headers'
-- Conan: Component target declared 'absl::fast_type_id'
-- Conan: Component target declared 'absl::algorithm'
-- Conan: Component target declared 'absl::counting_allocator'
-- Conan: Component target declared 'absl::hashtable_debug_hooks'
-- Conan: Component target declared 'absl::node_slot_policy'
-- Conan: Component target declared 'absl::non_temporal_arm_intrinsics'
-- Conan: Component target declared 'absl::log_internal_voidify'
-- Conan: Component target declared 'absl::numeric_representation'
-- Conan: Component target declared 'absl::random_seed_gen_exception'
-- Conan: Component target declared 'absl::random_internal_traits'
-- Conan: Component target declared 'absl::random_internal_fast_uniform_bits'
-- Conan: Component target declared 'absl::random_internal_platform'
-- Conan: Component target declared 'absl::cordz_update_tracker'
-- Conan: Component target declared 'absl::if_constexpr'
-- Conan: Component target declared 'absl::atomic_hook'
-- Conan: Component target declared 'absl::log_severity'
-- Conan: Component target declared 'absl::strerror'
-- Conan: Component target declared 'absl::prefetch'
-- Conan: Component target declared 'absl::hashtable_debug'
-- Conan: Component target declared 'absl::non_temporal_memcpy'
-- Conan: Component target declared 'absl::leak_check'
-- Conan: Component target declared 'absl::flags_commandlineflag_internal'
-- Conan: Component target declared 'absl::log_internal_config'
-- Conan: Component target declared 'absl::log_internal_nullguard'
-- Conan: Component target declared 'absl::type_traits'
-- Conan: Component target declared 'absl::bits'
-- Conan: Component target declared 'absl::exponential_biased'
-- Conan: Component target declared 'absl::random_internal_randen_slow'
-- Conan: Component target declared 'absl::random_internal_randen_hwaes_impl'
-- Conan: Component target declared 'absl::nullability'
-- Conan: Component target declared 'absl::raw_logging_internal'
-- Conan: Component target declared 'absl::base_internal'
-- Conan: Component target declared 'absl::container_common'
-- Conan: Component target declared 'absl::meta'
-- Conan: Component target declared 'absl::int128'
-- Conan: Component target declared 'absl::periodic_sampler'
-- Conan: Component target declared 'absl::random_internal_fastmath'
-- Conan: Component target declared 'absl::random_internal_randen_hwaes'
-- Conan: Component target declared 'absl::random_internal_uniform_helper'
-- Conan: Component target declared 'absl::compare'
-- Conan: Component target declared 'absl::spinlock_wait'
-- Conan: Component target declared 'absl::throw_delegate'
-- Conan: Component target declared 'absl::scoped_set_env'
-- Conan: Component target declared 'absl::algorithm_container'
-- Conan: Component target declared 'absl::common_policy_traits'
-- Conan: Component target declared 'absl::debugging_internal'
-- Conan: Component target declared 'absl::memory'
-- Conan: Component target declared 'absl::numeric'
-- Conan: Component target declared 'absl::random_internal_iostream_state_saver'
-- Conan: Component target declared 'absl::random_internal_generate_real'
-- Conan: Component target declared 'absl::random_internal_wide_multiply'
-- Conan: Component target declared 'absl::random_internal_randen'
-- Conan: Component target declared 'absl::cordz_functions'
-- Conan: Component target declared 'absl::bad_any_cast_impl'
-- Conan: Component target declared 'absl::bad_optional_access'
-- Conan: Component target declared 'absl::bad_variant_access'
-- Conan: Component target declared 'absl::utility'
-- Conan: Component target declared 'absl::base'
-- Conan: Component target declared 'absl::cleanup_internal'
-- Conan: Component target declared 'absl::compressed_tuple'
-- Conan: Component target declared 'absl::container_memory'
-- Conan: Component target declared 'absl::hash_policy_traits'
-- Conan: Component target declared 'absl::stacktrace'
-- Conan: Component target declared 'absl::any_invocable'
-- Conan: Component target declared 'absl::random_internal_distribution_caller'
-- Conan: Component target declared 'absl::random_internal_pcg_engine'
-- Conan: Component target declared 'absl::bad_any_cast'
-- Conan: Component target declared 'absl::span'
-- Conan: Component target declared 'absl::optional'
-- Conan: Component target declared 'absl::variant'
-- Conan: Component target declared 'absl::malloc_internal'
-- Conan: Component target declared 'absl::endian'
-- Conan: Component target declared 'absl::cleanup'
-- Conan: Component target declared 'absl::fixed_array'
-- Conan: Component target declared 'absl::inlined_vector_internal'
-- Conan: Component target declared 'absl::crc_cpu_detect'
-- Conan: Component target declared 'absl::demangle_internal'
-- Conan: Component target declared 'absl::debugging'
-- Conan: Component target declared 'absl::bind_front'
-- Conan: Component target declared 'absl::function_ref'
-- Conan: Component target declared 'absl::log_internal_conditions'
-- Conan: Component target declared 'absl::random_bit_gen_ref'
-- Conan: Component target declared 'absl::random_internal_mock_helpers'
-- Conan: Component target declared 'absl::string_view'
-- Conan: Component target declared 'absl::any'
-- Conan: Component target declared 'absl::inlined_vector'
-- Conan: Component target declared 'absl::crc_internal'
-- Conan: Component target declared 'absl::city'
-- Conan: Component target declared 'absl::low_level_hash'
-- Conan: Component target declared 'absl::random_internal_randen_engine'
-- Conan: Component target declared 'absl::strings_internal'
-- Conan: Component target declared 'absl::graphcycles_internal'
-- Conan: Component target declared 'absl::strings'
-- Conan: Component target declared 'absl::layout'
-- Conan: Component target declared 'absl::symbolize'
-- Conan: Component target declared 'absl::flags_path_util'
-- Conan: Component target declared 'absl::flags_commandlineflag'
-- Conan: Component target declared 'absl::hash'
-- Conan: Component target declared 'absl::log_internal_proto'
-- Conan: Component target declared 'absl::log_internal_nullstream'
-- Conan: Component target declared 'absl::log_internal_append_truncated'
-- Conan: Component target declared 'absl::random_distributions'
-- Conan: Component target declared 'absl::random_internal_seed_material'
-- Conan: Component target declared 'absl::str_format_internal'
-- Conan: Component target declared 'absl::time'
-- Conan: Component target declared 'absl::examine_stack'
-- Conan: Component target declared 'absl::flags_private_handle_accessor'
-- Conan: Component target declared 'absl::log_internal_globals'
-- Conan: Component target declared 'absl::log_globals'
-- Conan: Component target declared 'absl::log_entry'
-- Conan: Component target declared 'absl::random_internal_pool_urbg'
-- Conan: Component target declared 'absl::random_internal_salted_seed_seq'
-- Conan: Component target declared 'absl::str_format'
-- Conan: Component target declared 'absl::kernel_timeout_internal'
-- Conan: Component target declared 'absl::crc32c'
-- Conan: Component target declared 'absl::failure_signal_handler'
-- Conan: Component target declared 'absl::flags_marshalling'
-- Conan: Component target declared 'absl::log_internal_format'
-- Conan: Component target declared 'absl::log_initialize'
-- Conan: Component target declared 'absl::log_sink'
-- Conan: Component target declared 'absl::random_seed_sequences'
-- Conan: Component target declared 'absl::random_internal_nonsecure_base'
-- Conan: Component target declared 'absl::random_internal_distribution_test_util'
-- Conan: Component target declared 'absl::synchronization'
-- Conan: Component target declared 'absl::crc_cord_state'
-- Conan: Component target declared 'absl::flags_program_name'
-- Conan: Component target declared 'absl::log_internal_log_sink_set'
-- Conan: Component target declared 'absl::sample_recorder'
-- Conan: Component target declared 'absl::random_random'
-- Conan: Component target declared 'absl::cordz_statistics'
-- Conan: Component target declared 'absl::cordz_handle'
-- Conan: Component target declared 'absl::hashtablez_sampler'
-- Conan: Component target declared 'absl::flags_config'
-- Conan: Component target declared 'absl::log_sink_registry'
-- Conan: Component target declared 'absl::cord_internal'
-- Conan: Component target declared 'absl::raw_hash_set'
-- Conan: Component target declared 'absl::flags_internal'
-- Conan: Component target declared 'absl::log_internal_message'
-- Conan: Component target declared 'absl::cordz_info'
-- Conan: Component target declared 'absl::raw_hash_map'
-- Conan: Component target declared 'absl::log_internal_strip'
-- Conan: Component target declared 'absl::log_internal_structured'
-- Conan: Component target declared 'absl::cordz_sample_token'
-- Conan: Component target declared 'absl::cordz_update_scope'
-- Conan: Component target declared 'absl::log_internal_check_op'
-- Conan: Component target declared 'absl::log_internal_log_impl'
-- Conan: Component target declared 'absl::log_structured'
-- Conan: Component target declared 'absl::cord'
-- Conan: Component target declared 'absl::btree'
-- Conan: Component target declared 'absl::hash_function_defaults'
-- Conan: Component target declared 'absl::log_internal_check_impl'
-- Conan: Component target declared 'absl::absl_log'
-- Conan: Component target declared 'absl::log'
-- Conan: Component target declared 'absl::status'
-- Conan: Component target declared 'absl::flat_hash_map'
-- Conan: Component target declared 'absl::flat_hash_set'
-- Conan: Component target declared 'absl::node_hash_map'
-- Conan: Component target declared 'absl::node_hash_set'
-- Conan: Component target declared 'absl::absl_check'
-- Conan: Component target declared 'absl::check'
-- Conan: Component target declared 'absl::die_if_null'
-- Conan: Component target declared 'absl::log_streamer'
-- Conan: Component target declared 'absl::statusor'
-- Conan: Component target declared 'absl::flags_reflection'
-- Conan: Component target declared 'absl::flags'
-- Conan: Component target declared 'absl::flags_usage_internal'
-- Conan: Component target declared 'absl::log_internal_flags'
-- Conan: Component target declared 'absl::flags_usage'
-- Conan: Component target declared 'absl::log_flags'
-- Conan: Component target declared 'absl::flags_parse'
-- Conan: Target declared 'abseil::abseil'
-- Conan: Including build module from '/home/vscode/.conan2/p/absei72989cb28aac1/p/lib/cmake/conan_trick/cxx_std.cmake'
-- Conan: Component target declared 'protobuf::libprotobuf'
-- Conan: Component target declared 'protobuf::libprotoc'
-- Conan: Target declared 'protobuf::protobuf'
-- Conan: Target declared 'ZLIB::ZLIB'
-- Conan: Including build module from '/home/vscode/.conan2/p/protof8266396c9bed/p/lib/cmake/protobuf/protobuf-generate.cmake'
-- Conan: Including build module from '/home/vscode/.conan2/p/protof8266396c9bed/p/lib/cmake/protobuf/protobuf-module.cmake'
-- Conan: Including build module from '/home/vscode/.conan2/p/protof8266396c9bed/p/lib/cmake/protobuf/protobuf-options.cmake'
-- Conan: Including build module from '/home/vscode/.conan2/p/protof8266396c9bed/p/lib/cmake/protobuf/protobuf-conan-protoc-target.cmake'
-- Conan: Component target declared 'c-ares::cares'
-- Conan: Target declared 're2::re2'
-- Conan: Component target declared 'OpenSSL::Crypto'
-- Conan: Component target declared 'OpenSSL::SSL'
-- Conan: Target declared 'openssl::openssl'
-- Conan: Including build module from '/home/vscode/.conan2/p/opensa9484b37acb9b/p/lib/cmake/conan-official-openssl-variables.cmake'
-- Conan: Including build module from '/home/vscode/.conan2/p/grpc43d6dda3fd901/p/lib/cmake/conan_trick/grpc_cpp_plugin.cmake'
-- Conan: Including build module from '/home/vscode/.conan2/p/grpc43d6dda3fd901/p/lib/cmake/conan_trick/grpc_csharp_plugin.cmake'
-- Conan: Including build module from '/home/vscode/.conan2/p/grpc43d6dda3fd901/p/lib/cmake/conan_trick/grpc_node_plugin.cmake'
-- Conan: Including build module from '/home/vscode/.conan2/p/grpc43d6dda3fd901/p/lib/cmake/conan_trick/grpc_objective_c_plugin.cmake'
-- Conan: Including build module from '/home/vscode/.conan2/p/grpc43d6dda3fd901/p/lib/cmake/conan_trick/grpc_php_plugin.cmake'
-- Conan: Including build module from '/home/vscode/.conan2/p/grpc43d6dda3fd901/p/lib/cmake/conan_trick/grpc_python_plugin.cmake'
-- Conan: Including build module from '/home/vscode/.conan2/p/grpc43d6dda3fd901/p/lib/cmake/conan_trick/grpc_ruby_plugin.cmake'
-- Conan: Target declared 'nlohmann_json::nlohmann_json'
-- Conan: Component target declared 'PahoMqttCpp::paho-mqttpp3-static'
-- Conan: Component target declared 'eclipse-paho-mqtt-c::paho-mqtt3as-static'
-- Conan: Target declared 'vehicle-model::vehicle-model'
[0mFound ccache installation[0m
-- Configuring done
-- Generating done
-- Build files have been written to: /quickbuild/build-linux-x86_64/Release
[0/2] Building CXX object app/src/CMakeFiles/app.dir/VehicleApp.cpp.o[K[1/2] Building CXX object app/src/CMakeFiles/app.dir/VehicleApp.cpp.o[K[1/2] Linking CXX executable bin/app[K[2/2] Linking CXX executable bin/app[K
‚úÖ [SUCCESS] C++ compilation completed successfully
‚ÑπÔ∏è  [INFO] üîç Verifying build output...
‚úÖ [SUCCESS] Build completed successfully!
‚ÑπÔ∏è  [INFO] üìç Executable location: /quickbuild/build/bin/app
‚ÑπÔ∏è  [INFO] üìè Executable size: 14M
‚ÑπÔ∏è  [INFO] üîê Permissions: -rwxr-xr-x

‚ÑπÔ∏è  [INFO] üîß STEP 5/5: Finalizing build...
‚ÑπÔ∏è  [INFO] Build Summary:
============================================
‚úÖ VehicleApp.cpp: Validated and compiled
‚úÖ Dependencies: Pre-installed (cached)
‚úÖ Vehicle Model: Generated from VSS
‚úÖ Executable: /quickbuild/build/bin/app
üìä Size: 13.3MiB
üïê Completed: Wed Jun 18 03:37:03 UTC 2025
============================================

‚úÖ [SUCCESS] üéâ Quick build completed successfully!
‚ÑπÔ∏è  [INFO] üí° Your vehicle app is ready to run!
Completed: Wed Jun 18 10:37:03 AM +07 2025
Exit Code: 0
Duration: 11s

‚úÖ TEST 3 PASSED: Basic Build via Stdin
üîß TEST 4: Validation Command
Started: Wed Jun 18 10:37:03 AM +07 2025
‚ÑπÔ∏è  [INFO] Workspace: /quickbuild
‚ÑπÔ∏è  [INFO] Reading user VehicleApp.cpp...
‚ÑπÔ∏è  [INFO] Reading from stdin...
‚úÖ [SUCCESS] VehicleApp.cpp validation passed
‚úÖ [SUCCESS] VehicleApp.cpp loaded successfully (454 lines)
‚úÖ [SUCCESS] Validation completed - VehicleApp.cpp is valid
Completed: Wed Jun 18 10:37:04 AM +07 2025
Exit Code: 0
Duration: 1s

‚úÖ TEST 4 PASSED: Validation Command
üîß TEST 5: Custom VSS Support
Started: Wed Jun 18 10:37:04 AM +07 2025
‚ÑπÔ∏è  [INFO] Workspace: /quickbuild

‚ÑπÔ∏è  [INFO] üöÄ Velocitas C++ Quick Build Utility
‚ÑπÔ∏è  [INFO] ‚îÅ‚îÅ‚îÅ‚îÅ‚îÅ‚îÅ‚îÅ‚îÅ‚îÅ‚îÅ‚îÅ‚îÅ‚îÅ‚îÅ‚îÅ‚îÅ‚îÅ‚îÅ‚îÅ‚îÅ‚îÅ‚îÅ‚îÅ‚îÅ‚îÅ‚îÅ‚îÅ‚îÅ‚îÅ‚îÅ‚îÅ‚îÅ‚îÅ‚îÅ‚îÅ‚îÅ‚îÅ‚îÅ‚îÅ‚îÅ‚îÅ‚îÅ‚îÅ‚îÅ‚îÅ‚îÅ‚îÅ‚îÅ‚îÅ‚îÅ‚îÅ‚îÅ‚îÅ‚îÅ‚îÅ‚îÅ‚îÅ
‚ÑπÔ∏è  [INFO] üì¶ Zero-setup containerized build for Velocitas vehicle apps

‚ÑπÔ∏è  [INFO] üîß STEP 1/5: Processing input...
‚ÑπÔ∏è  [INFO] Reading user VehicleApp.cpp...
‚ÑπÔ∏è  [INFO] Reading from stdin...
‚úÖ [SUCCESS] VehicleApp.cpp validation passed
‚úÖ [SUCCESS] VehicleApp.cpp loaded successfully (454 lines)

‚ÑπÔ∏è  [INFO] üîß STEP 2/5: Preparing build workspace...
‚ÑπÔ∏è  [INFO] Preparing build workspace...
‚ÑπÔ∏è  [INFO] Configuring VSS specification...
‚ÑπÔ∏è  [INFO] Using custom VSS URL: https://raw.githubusercontent.com/COVESA/vehicle_signal_specification/main/spec/VehicleSignalSpecification.json
‚úÖ [SUCCESS] VSS configuration updated
‚ÑπÔ∏è  [INFO] VSS source: https://raw.githubusercontent.com/COVESA/vehicle_signal_specification/main/spec/VehicleSignalSpecification.json
‚ÑπÔ∏è  [INFO] Cleaning previous build artifacts...
‚úÖ [SUCCESS] Workspace prepared

‚ÑπÔ∏è  [INFO] üîß STEP 3/5: Vehicle signal model preparation...
‚ÑπÔ∏è  [INFO] Generating vehicle model from VSS...
‚úÖ [SUCCESS] VSS specification downloaded
‚úÖ [SUCCESS] Vehicle model generated
‚úÖ [SUCCESS] Vehicle model generated

‚ÑπÔ∏è  [INFO] üîß STEP 4/5: Building C++ application...
‚ÑπÔ∏è  [INFO] Building C++ application...
‚ÑπÔ∏è  [INFO] üîß Configuring build environment...
‚ÑπÔ∏è  [INFO] üì¶ Installing dependencies (if needed)...
‚ö†Ô∏è  [WARNING] Dependency installation had issues, continuing with build...
‚ÑπÔ∏è  [INFO]    üí° Use VERBOSE_BUILD=1 to see detailed output
‚ÑπÔ∏è  [INFO] üèóÔ∏è  Starting compilation (Release mode for optimization)...
‚ÑπÔ∏è  [INFO]    This may take 60-90 seconds depending on code complexity...
‚úÖ [SUCCESS] C++ compilation completed successfully
‚ÑπÔ∏è  [INFO] üîç Verifying build output...
‚úÖ [SUCCESS] Build completed successfully!
‚ÑπÔ∏è  [INFO] üìç Executable location: /quickbuild/build/bin/app
‚ÑπÔ∏è  [INFO] üìè Executable size: 14M
‚ÑπÔ∏è  [INFO] üîê Permissions: -rwxr-xr-x

‚ÑπÔ∏è  [INFO] üîß STEP 5/5: Finalizing build...
‚ÑπÔ∏è  [INFO] Build Summary:
============================================
‚úÖ VehicleApp.cpp: Validated and compiled
‚úÖ Dependencies: Pre-installed (cached)
‚úÖ Vehicle Model: Generated from VSS
‚úÖ Executable: /quickbuild/build/bin/app
üìä Size: 13.3MiB
üïê Completed: Wed Jun 18 03:37:15 UTC 2025
============================================

‚úÖ [SUCCESS] üéâ Quick build completed successfully!
‚ÑπÔ∏è  [INFO] üí° Your vehicle app is ready to run!
Completed: Wed Jun 18 10:37:15 AM +07 2025
Exit Code: 0
Duration: 11s

‚úÖ TEST 5 PASSED: Custom VSS Support
üîß TEST 6: Error Handling
Started: Wed Jun 18 10:37:15 AM +07 2025
‚ÑπÔ∏è  [INFO] Workspace: /quickbuild

‚ÑπÔ∏è  [INFO] üöÄ Velocitas C++ Quick Build Utility
‚ÑπÔ∏è  [INFO] ‚îÅ‚îÅ‚îÅ‚îÅ‚îÅ‚îÅ‚îÅ‚îÅ‚îÅ‚îÅ‚îÅ‚îÅ‚îÅ‚îÅ‚îÅ‚îÅ‚îÅ‚îÅ‚îÅ‚îÅ‚îÅ‚îÅ‚îÅ‚îÅ‚îÅ‚îÅ‚îÅ‚îÅ‚îÅ‚îÅ‚îÅ‚îÅ‚îÅ‚îÅ‚îÅ‚îÅ‚îÅ‚îÅ‚îÅ‚îÅ‚îÅ‚îÅ‚îÅ‚îÅ‚îÅ‚îÅ‚îÅ‚îÅ‚îÅ‚îÅ‚îÅ‚îÅ‚îÅ‚îÅ‚îÅ‚îÅ‚îÅ
‚ÑπÔ∏è  [INFO] üì¶ Zero-setup containerized build for Velocitas vehicle apps

‚ÑπÔ∏è  [INFO] üîß STEP 1/5: Processing input...
‚ÑπÔ∏è  [INFO] Reading user VehicleApp.cpp...
‚ÑπÔ∏è  [INFO] Reading from stdin...
‚ùå [ERROR] Invalid VehicleApp.cpp: Missing VehicleApp class definition
Completed: Wed Jun 18 10:37:16 AM +07 2025
Exit Code: 0
Duration: 1s

‚úÖ TEST 6 PASSED: Error Handling
üîß TEST 7: File Mount Input
Started: Wed Jun 18 10:37:16 AM +07 2025
‚ÑπÔ∏è  [INFO] Workspace: /quickbuild

‚ÑπÔ∏è  [INFO] üöÄ Velocitas C++ Quick Build Utility
‚ÑπÔ∏è  [INFO] ‚îÅ‚îÅ‚îÅ‚îÅ‚îÅ‚îÅ‚îÅ‚îÅ‚îÅ‚îÅ‚îÅ‚îÅ‚îÅ‚îÅ‚îÅ‚îÅ‚îÅ‚îÅ‚îÅ‚îÅ‚îÅ‚îÅ‚îÅ‚îÅ‚îÅ‚îÅ‚îÅ‚îÅ‚îÅ‚îÅ‚îÅ‚îÅ‚îÅ‚îÅ‚îÅ‚îÅ‚îÅ‚îÅ‚îÅ‚îÅ‚îÅ‚îÅ‚îÅ‚îÅ‚îÅ‚îÅ‚îÅ‚îÅ‚îÅ‚îÅ‚îÅ‚îÅ‚îÅ‚îÅ‚îÅ‚îÅ‚îÅ
‚ÑπÔ∏è  [INFO] üì¶ Zero-setup containerized build for Velocitas vehicle apps

‚ÑπÔ∏è  [INFO] üîß STEP 1/5: Processing input...
‚ÑπÔ∏è  [INFO] Reading user VehicleApp.cpp...
‚ÑπÔ∏è  [INFO] Reading from mounted file: /input
‚úÖ [SUCCESS] VehicleApp.cpp validation passed
‚úÖ [SUCCESS] VehicleApp.cpp loaded successfully (454 lines)

‚ÑπÔ∏è  [INFO] üîß STEP 2/5: Preparing build workspace...
‚ÑπÔ∏è  [INFO] Preparing build workspace...
‚ÑπÔ∏è  [INFO] Configuring VSS specification...
‚ÑπÔ∏è  [INFO] Using default VSS 4.0 specification
‚ÑπÔ∏è  [INFO] Cleaning previous build artifacts...
‚úÖ [SUCCESS] Workspace prepared

‚ÑπÔ∏è  [INFO] üîß STEP 3/5: Vehicle signal model preparation...
‚ÑπÔ∏è  [INFO] Generating vehicle model from VSS...
‚úÖ [SUCCESS] VSS specification downloaded
‚úÖ [SUCCESS] Vehicle model generated
‚úÖ [SUCCESS] Vehicle model generated

‚ÑπÔ∏è  [INFO] üîß STEP 4/5: Building C++ application...
‚ÑπÔ∏è  [INFO] Building C++ application...
‚ÑπÔ∏è  [INFO] üîß Configuring build environment...
‚ÑπÔ∏è  [INFO] üì¶ Installing dependencies (if needed)...
‚ö†Ô∏è  [WARNING] Dependency installation had issues, continuing with build...
‚ÑπÔ∏è  [INFO]    üí° Use VERBOSE_BUILD=1 to see detailed output
‚ÑπÔ∏è  [INFO] üèóÔ∏è  Starting compilation (Release mode for optimization)...
‚ÑπÔ∏è  [INFO]    This may take 60-90 seconds depending on code complexity...
‚úÖ [SUCCESS] C++ compilation completed successfully
‚ÑπÔ∏è  [INFO] üîç Verifying build output...
‚úÖ [SUCCESS] Build completed successfully!
‚ÑπÔ∏è  [INFO] üìç Executable location: /quickbuild/build/bin/app
‚ÑπÔ∏è  [INFO] üìè Executable size: 14M
‚ÑπÔ∏è  [INFO] üîê Permissions: -rwxr-xr-x

‚ÑπÔ∏è  [INFO] üîß STEP 5/5: Finalizing build...
‚ÑπÔ∏è  [INFO] Build Summary:
============================================
‚úÖ VehicleApp.cpp: Validated and compiled
‚úÖ Dependencies: Pre-installed (cached)
‚úÖ Vehicle Model: Generated from VSS
‚úÖ Executable: /quickbuild/build/bin/app
üìä Size: 13.3MiB
üïê Completed: Wed Jun 18 03:37:27 UTC 2025
============================================

‚úÖ [SUCCESS] üéâ Quick build completed successfully!
‚ÑπÔ∏è  [INFO] üí° Your vehicle app is ready to run!
Completed: Wed Jun 18 10:37:27 AM +07 2025
Exit Code: 0
Duration: 11s

‚úÖ TEST 7 PASSED: File Mount Input
üîß TEST 8: Directory Mount Input
Started: Wed Jun 18 10:37:27 AM +07 2025
‚ÑπÔ∏è  [INFO] Workspace: /quickbuild

‚ÑπÔ∏è  [INFO] üöÄ Velocitas C++ Quick Build Utility
‚ÑπÔ∏è  [INFO] ‚îÅ‚îÅ‚îÅ‚îÅ‚îÅ‚îÅ‚îÅ‚îÅ‚îÅ‚îÅ‚îÅ‚îÅ‚îÅ‚îÅ‚îÅ‚îÅ‚îÅ‚îÅ‚îÅ‚îÅ‚îÅ‚îÅ‚îÅ‚îÅ‚îÅ‚îÅ‚îÅ‚îÅ‚îÅ‚îÅ‚îÅ‚îÅ‚îÅ‚îÅ‚îÅ‚îÅ‚îÅ‚îÅ‚îÅ‚îÅ‚îÅ‚îÅ‚îÅ‚îÅ‚îÅ‚îÅ‚îÅ‚îÅ‚îÅ‚îÅ‚îÅ‚îÅ‚îÅ‚îÅ‚îÅ‚îÅ‚îÅ
‚ÑπÔ∏è  [INFO] üì¶ Zero-setup containerized build for Velocitas vehicle apps

‚ÑπÔ∏è  [INFO] üîß STEP 1/5: Processing input...
‚ÑπÔ∏è  [INFO] Reading user VehicleApp.cpp...
‚ÑπÔ∏è  [INFO] Reading from mounted directory: /input/VehicleApp.cpp
‚úÖ [SUCCESS] VehicleApp.cpp validation passed
‚úÖ [SUCCESS] VehicleApp.cpp loaded successfully (454 lines)

‚ÑπÔ∏è  [INFO] üîß STEP 2/5: Preparing build workspace...
‚ÑπÔ∏è  [INFO] Preparing build workspace...
‚ÑπÔ∏è  [INFO] Configuring VSS specification...
‚ÑπÔ∏è  [INFO] Using default VSS 4.0 specification
‚ÑπÔ∏è  [INFO] Cleaning previous build artifacts...
‚úÖ [SUCCESS] Workspace prepared

‚ÑπÔ∏è  [INFO] üîß STEP 3/5: Vehicle signal model preparation...
‚ÑπÔ∏è  [INFO] Generating vehicle model from VSS...
‚úÖ [SUCCESS] VSS specification downloaded
‚úÖ [SUCCESS] Vehicle model generated
‚úÖ [SUCCESS] Vehicle model generated

‚ÑπÔ∏è  [INFO] üîß STEP 4/5: Building C++ application...
‚ÑπÔ∏è  [INFO] Building C++ application...
‚ÑπÔ∏è  [INFO] üîß Configuring build environment...
‚ÑπÔ∏è  [INFO] üì¶ Installing dependencies (if needed)...
‚ö†Ô∏è  [WARNING] Dependency installation had issues, continuing with build...
‚ÑπÔ∏è  [INFO]    üí° Use VERBOSE_BUILD=1 to see detailed output
‚ÑπÔ∏è  [INFO] üèóÔ∏è  Starting compilation (Release mode for optimization)...
‚ÑπÔ∏è  [INFO]    This may take 60-90 seconds depending on code complexity...
‚úÖ [SUCCESS] C++ compilation completed successfully
‚ÑπÔ∏è  [INFO] üîç Verifying build output...
‚úÖ [SUCCESS] Build completed successfully!
‚ÑπÔ∏è  [INFO] üìç Executable location: /quickbuild/build/bin/app
‚ÑπÔ∏è  [INFO] üìè Executable size: 14M
‚ÑπÔ∏è  [INFO] üîê Permissions: -rwxr-xr-x

‚ÑπÔ∏è  [INFO] üîß STEP 5/5: Finalizing build...
‚ÑπÔ∏è  [INFO] Build Summary:
============================================
‚úÖ VehicleApp.cpp: Validated and compiled
‚úÖ Dependencies: Pre-installed (cached)
‚úÖ Vehicle Model: Generated from VSS
‚úÖ Executable: /quickbuild/build/bin/app
üìä Size: 13.3MiB
üïê Completed: Wed Jun 18 03:37:39 UTC 2025
============================================

‚úÖ [SUCCESS] üéâ Quick build completed successfully!
‚ÑπÔ∏è  [INFO] üí° Your vehicle app is ready to run!
Completed: Wed Jun 18 10:37:39 AM +07 2025
Exit Code: 0
Duration: 12s

‚úÖ TEST 8 PASSED: Directory Mount Input
üîß TEST 9: Granular Command - gen-model
Started: Wed Jun 18 10:37:39 AM +07 2025
‚ÑπÔ∏è  [INFO] Workspace: /quickbuild

‚ÑπÔ∏è  [INFO] üöÄ Velocitas C++ Model Generation Utility
‚ÑπÔ∏è  [INFO] ‚îÅ‚îÅ‚îÅ‚îÅ‚îÅ‚îÅ‚îÅ‚îÅ‚îÅ‚îÅ‚îÅ‚îÅ‚îÅ‚îÅ‚îÅ‚îÅ‚îÅ‚îÅ‚îÅ‚îÅ‚îÅ‚îÅ‚îÅ‚îÅ‚îÅ‚îÅ‚îÅ‚îÅ‚îÅ‚îÅ‚îÅ‚îÅ‚îÅ‚îÅ‚îÅ‚îÅ‚îÅ‚îÅ‚îÅ‚îÅ‚îÅ‚îÅ‚îÅ‚îÅ‚îÅ‚îÅ‚îÅ‚îÅ‚îÅ‚îÅ‚îÅ‚îÅ‚îÅ‚îÅ‚îÅ‚îÅ‚îÅ
‚ÑπÔ∏è  [INFO] üîß STEP 3: Vehicle signal model preparation

‚ÑπÔ∏è  [INFO] Preparing build workspace...
‚ÑπÔ∏è  [INFO] Configuring VSS specification...
‚ÑπÔ∏è  [INFO] Using default VSS 4.0 specification
‚ÑπÔ∏è  [INFO] Cleaning previous build artifacts...
‚úÖ [SUCCESS] Workspace prepared

‚ÑπÔ∏è  [INFO] Generating vehicle model from VSS...
‚úÖ [SUCCESS] VSS specification downloaded
‚úÖ [SUCCESS] Vehicle model generated
‚úÖ [SUCCESS] Vehicle model generated
‚úÖ [SUCCESS] Model generation completed successfully!
Completed: Wed Jun 18 10:37:44 AM +07 2025
Exit Code: 0
Duration: 5s

‚úÖ TEST 9 PASSED: Granular Command - gen-model
üîß TEST 10: Granular Command - model (alias)
Started: Wed Jun 18 10:37:44 AM +07 2025
‚ÑπÔ∏è  [INFO] Workspace: /quickbuild

‚ÑπÔ∏è  [INFO] üöÄ Velocitas C++ Model Generation Utility
‚ÑπÔ∏è  [INFO] ‚îÅ‚îÅ‚îÅ‚îÅ‚îÅ‚îÅ‚îÅ‚îÅ‚îÅ‚îÅ‚îÅ‚îÅ‚îÅ‚îÅ‚îÅ‚îÅ‚îÅ‚îÅ‚îÅ‚îÅ‚îÅ‚îÅ‚îÅ‚îÅ‚îÅ‚îÅ‚îÅ‚îÅ‚îÅ‚îÅ‚îÅ‚îÅ‚îÅ‚îÅ‚îÅ‚îÅ‚îÅ‚îÅ‚îÅ‚îÅ‚îÅ‚îÅ‚îÅ‚îÅ‚îÅ‚îÅ‚îÅ‚îÅ‚îÅ‚îÅ‚îÅ‚îÅ‚îÅ‚îÅ‚îÅ‚îÅ‚îÅ
‚ÑπÔ∏è  [INFO] üîß STEP 3: Vehicle signal model preparation

‚ÑπÔ∏è  [INFO] Preparing build workspace...
‚ÑπÔ∏è  [INFO] Configuring VSS specification...
‚ÑπÔ∏è  [INFO] Using default VSS 4.0 specification
‚ÑπÔ∏è  [INFO] Cleaning previous build artifacts...
‚úÖ [SUCCESS] Workspace prepared

‚ÑπÔ∏è  [INFO] Generating vehicle model from VSS...
‚úÖ [SUCCESS] VSS specification downloaded
‚úÖ [SUCCESS] Vehicle model generated
‚úÖ [SUCCESS] Vehicle model generated
‚úÖ [SUCCESS] Model generation completed successfully!
Completed: Wed Jun 18 10:37:50 AM +07 2025
Exit Code: 0
Duration: 6s

‚úÖ TEST 10 PASSED: Granular Command - model (alias)
üîß TEST 11: Granular Command - compile
Started: Wed Jun 18 10:37:50 AM +07 2025
‚ÑπÔ∏è  [INFO] Workspace: /quickbuild

‚ÑπÔ∏è  [INFO] üöÄ Velocitas C++ Compilation Utility
‚ÑπÔ∏è  [INFO] ‚îÅ‚îÅ‚îÅ‚îÅ‚îÅ‚îÅ‚îÅ‚îÅ‚îÅ‚îÅ‚îÅ‚îÅ‚îÅ‚îÅ‚îÅ‚îÅ‚îÅ‚îÅ‚îÅ‚îÅ‚îÅ‚îÅ‚îÅ‚îÅ‚îÅ‚îÅ‚îÅ‚îÅ‚îÅ‚îÅ‚îÅ‚îÅ‚îÅ‚îÅ‚îÅ‚îÅ‚îÅ‚îÅ‚îÅ‚îÅ‚îÅ‚îÅ‚îÅ‚îÅ‚îÅ‚îÅ‚îÅ‚îÅ‚îÅ‚îÅ‚îÅ‚îÅ‚îÅ‚îÅ‚îÅ‚îÅ‚îÅ
‚ÑπÔ∏è  [INFO] üîß STEP 4: C++ application building

‚ÑπÔ∏è  [INFO] Reading user VehicleApp.cpp...
‚ÑπÔ∏è  [INFO] Reading from stdin...
‚úÖ [SUCCESS] VehicleApp.cpp validation passed
‚úÖ [SUCCESS] VehicleApp.cpp loaded successfully (454 lines)

‚ÑπÔ∏è  [INFO] Building C++ application...
‚ÑπÔ∏è  [INFO] üîß Configuring build environment...
‚ÑπÔ∏è  [INFO] üì¶ Installing dependencies (if needed)...
--> "MIXED" build type detected - preparing build for pure Release and "mixed" buid type:

--> Installing dependencies for "mixed" build: Dependencies in Release mode, local stuff in Debug mode ...
[1m[35m
======== Input profiles ========[0m
[1m[36mProfile host:[0m
[settings]
arch=x86_64
build_type=Release
compiler=gcc
compiler.cppstd=17
compiler.libcxx=libstdc++11
compiler.version=11
os=Linux
&:build_type=Debug
[buildenv]
CC=x86_64-linux-gnu-gcc-11
CXX=x86_64-linux-gnu-g++-11
LD=x86_64-linux-gnu-ld
[0m
[1m[36mProfile build:[0m
[settings]
arch=x86_64
build_type=Release
compiler=gcc
compiler.cppstd=17
compiler.libcxx=libstdc++11
compiler.version=11
os=Linux
[buildenv]
CC=x86_64-linux-gnu-gcc-11
CXX=x86_64-linux-gnu-g++-11
LD=x86_64-linux-gnu-ld
[0m
[1m[35m
======== Computing dependency graph ========[0m
[1m[33mGraph root[0m
[1m[36m    conanfile.txt: /quickbuild/conanfile.txt[0m
[1m[33mRequirements[0m
[1m[36m    abseil/20230802.1#cd8012e2f333d4008dcf43cb39b031b8 - Cache[0m
[1m[36m    c-ares/1.34.3#55aa867c731f23300cd544f6d90a794d - Cache[0m
[1m[36m    fmt/11.1.1#9d84ca70128ab4b84d80140b45d76b21 - Cache[0m
[1m[36m    grpc/1.50.1#11ca9ad5502889e7b32e5122a7000037 - Cache[0m
[1m[36m    nlohmann_json/3.11.3#45828be26eb619a2e04ca517bb7b828d - Cache[0m
[1m[36m    openssl/3.4.1#638c4c4df8ecdef1f7aa73fc0d07fde6 - Cache[0m
[1m[36m    paho-mqtt-c/1.3.13#398643eeb183ad7536157ea96b6fad52 - Cache[0m
[1m[36m    paho-mqtt-cpp/1.4.0#5faa2a31ae8c1c1acfd3ab6bcbecd9bc - Cache[0m
[1m[36m    protobuf/3.21.12#1815c278fa25d4447be035f7bb52ed7e - Cache[0m
[1m[36m    re2/20230301#e8d673155a0494f27c7589b611e8350d - Cache[0m
[1m[36m    vehicle-app-sdk/0.7.0#30d6b025245b59e189d5087e7a8aca26 - Cache[0m
[1m[36m    vehicle-model/generated#ea8604cd048ba7a3baeb82b505ca53da - Cache[0m
[1m[36m    zlib/1.3.1#b8bc2603263cf7eccbd6e17e66b0ed76 - Cache[0m
[1m[33mBuild requirements[0m
[1m[36m    abseil/20230802.1#cd8012e2f333d4008dcf43cb39b031b8 - Cache[0m
[1m[36m    c-ares/1.34.3#55aa867c731f23300cd544f6d90a794d - Cache[0m
[1m[36m    cmake/3.31.6#ed0e6c1d49bd564ce6fed1a19653b86d - Cache[0m
[1m[36m    grpc/1.50.1#11ca9ad5502889e7b32e5122a7000037 - Cache[0m
[1m[36m    openssl/3.4.1#638c4c4df8ecdef1f7aa73fc0d07fde6 - Cache[0m
[1m[36m    protobuf/3.21.12#1815c278fa25d4447be035f7bb52ed7e - Cache[0m
[1m[36m    re2/20230301#e8d673155a0494f27c7589b611e8350d - Cache[0m
[1m[36m    zlib/1.3.1#b8bc2603263cf7eccbd6e17e66b0ed76 - Cache[0m
[1m[33mResolved version ranges[0m
[1m[36m    abseil/[>=20230125.3 <=20230802.1]: abseil/20230802.1[0m
[1m[36m    c-ares/[>=1.19.1 <2]: c-ares/1.34.3[0m
[1m[36m    cmake/[>=3.25 <4]: cmake/3.31.6[0m
[1m[36m    openssl/[>=1.1 <4]: openssl/3.4.1[0m
[1m[36m    zlib/[>=1.2.11 <2]: zlib/1.3.1[0m
[1m[35m
======== Computing necessary packages ========[0m
Connecting to remote 'conancenter' anonymously[0m
[31mERROR: Failed checking for binary 'cmake/3.31.6:63fead0844576fc02943e16909f08fcdddd6f44b' in remote 'conancenter': remote not available[0m
[31mERROR: HTTPSConnectionPool(host='center2.conan.io', port=443): Max retries exceeded with url: /v1/ping (Caused by ProxyError('Unable to connect to proxy', NewConnectionError('<urllib3.connection.HTTPSConnection object at 0x7d0a6cf4ac50>: Failed to establish a new connection: [Errno 111] Connection refused')))

Unable to connect to remote conancenter=https://center2.conan.io
1. Make sure the remote is reachable or,
2. Disable it with 'conan remote disable <remote>' or,
3. Use the '-nr/--no-remote' argument
Then try again.[0m
[0mTraceback (most recent call last):
  File "/home/vscode/.velocitas/packages/devenv-devcontainer-setup/v3.0.0/build-system/./cpp-cmake-conan/src/install_deps.py", line 162, in <module>
    cli()
  File "/home/vscode/.velocitas/packages/devenv-devcontainer-setup/v3.0.0/build-system/./cpp-cmake-conan/src/install_deps.py", line 158, in cli
    install_deps_via_conan(build_arch, host_arch, build_type, args.build_all_deps)
  File "/home/vscode/.velocitas/packages/devenv-devcontainer-setup/v3.0.0/build-system/./cpp-cmake-conan/src/install_deps.py", line 75, in install_deps_via_conan
    subprocess.check_call(
  File "/usr/lib/python3.10/subprocess.py", line 369, in check_call
    raise CalledProcessError(retcode, cmd)
subprocess.CalledProcessError: Command '['conan', 'install', '-pr:h', PosixPath('/home/vscode/.velocitas/packages/devenv-devcontainer-setup/v3.0.0/build-system/cpp-cmake-conan/src/.conan/profiles/linux-x86_64'), '-pr:b', PosixPath('/home/vscode/.velocitas/packages/devenv-devcontainer-setup/v3.0.0/build-system/cpp-cmake-conan/src/.conan/profiles/linux-x86_64'), '-s:a=build_type=Release', '-s:h=&:build_type=Debug', '--build', 'missing', '-of', '/quickbuild/build-linux-x86_64/Debug/generators', '/quickbuild']' returned non-zero exit status 1.
 ‚Ä∫   Error: Program returned exit code: 1
‚úÖ [SUCCESS] Dependencies installed/verified successfully
‚ÑπÔ∏è  [INFO] üèóÔ∏è  Starting compilation (Release mode for optimization)...
‚ÑπÔ∏è  [INFO]    This may take 60-90 seconds depending on code complexity...
CMake version      cmake version 3.22.1

CMake suite maintained and supported by Kitware (kitware.com/cmake).
Conan version      Conan version 2.15.1
Build arch         x86_64
Host arch          x86_64
Build type         Release
Build target       all
Static build       no
Coverage enabled   no
Not searching for unused variables given on the command line.
-- Using Conan toolchain: /quickbuild/build-linux-x86_64/Release/generators/conan_toolchain.cmake
-- Conan toolchain: Defining architecture flag: -m64
-- Conan toolchain: C++ Standard 17 with extensions OFF
-- Conan: Target declared 'vehicle-app-sdk::vehicle-app-sdk'
-- Conan: Component target declared 'fmt::fmt'
-- Conan: Component target declared 'gRPC::address_sorting'
-- Conan: Component target declared 'gRPC::gpr'
-- Conan: Component target declared 'gRPC::grpc_plugin_support'
-- Conan: Component target declared 'gRPC::upb'
-- Conan: Component target declared 'gRPC::grpc'
-- Conan: Component target declared 'gRPC::grpc_unsecure'
-- Conan: Component target declared 'gRPC::grpc++'
-- Conan: Component target declared 'gRPC::grpc++_unsecure'
-- Conan: Component target declared 'gRPC::grpc++_alts'
-- Conan: Component target declared 'gRPC::grpc++_error_details'
-- Conan: Component target declared 'gRPC::grpc++_reflection'
-- Conan: Component target declared 'gRPC::grpcpp_channelz'
-- Conan: Target declared 'grpc::grpc'
-- Conan: Component target declared 'absl::config'
-- Conan: Component target declared 'absl::pretty_function'
-- Conan: Component target declared 'absl::civil_time'
-- Conan: Component target declared 'absl::time_zone'
-- Conan: Component target declared 'absl::errno_saver'
-- Conan: Component target declared 'absl::dynamic_annotations'
-- Conan: Component target declared 'absl::core_headers'
-- Conan: Component target declared 'absl::fast_type_id'
-- Conan: Component target declared 'absl::algorithm'
-- Conan: Component target declared 'absl::counting_allocator'
-- Conan: Component target declared 'absl::hashtable_debug_hooks'
-- Conan: Component target declared 'absl::node_slot_policy'
-- Conan: Component target declared 'absl::non_temporal_arm_intrinsics'
-- Conan: Component target declared 'absl::log_internal_voidify'
-- Conan: Component target declared 'absl::numeric_representation'
-- Conan: Component target declared 'absl::random_seed_gen_exception'
-- Conan: Component target declared 'absl::random_internal_traits'
-- Conan: Component target declared 'absl::random_internal_fast_uniform_bits'
-- Conan: Component target declared 'absl::random_internal_platform'
-- Conan: Component target declared 'absl::cordz_update_tracker'
-- Conan: Component target declared 'absl::if_constexpr'
-- Conan: Component target declared 'absl::atomic_hook'
-- Conan: Component target declared 'absl::log_severity'
-- Conan: Component target declared 'absl::strerror'
-- Conan: Component target declared 'absl::prefetch'
-- Conan: Component target declared 'absl::hashtable_debug'
-- Conan: Component target declared 'absl::non_temporal_memcpy'
-- Conan: Component target declared 'absl::leak_check'
-- Conan: Component target declared 'absl::flags_commandlineflag_internal'
-- Conan: Component target declared 'absl::log_internal_config'
-- Conan: Component target declared 'absl::log_internal_nullguard'
-- Conan: Component target declared 'absl::type_traits'
-- Conan: Component target declared 'absl::bits'
-- Conan: Component target declared 'absl::exponential_biased'
-- Conan: Component target declared 'absl::random_internal_randen_slow'
-- Conan: Component target declared 'absl::random_internal_randen_hwaes_impl'
-- Conan: Component target declared 'absl::nullability'
-- Conan: Component target declared 'absl::raw_logging_internal'
-- Conan: Component target declared 'absl::base_internal'
-- Conan: Component target declared 'absl::container_common'
-- Conan: Component target declared 'absl::meta'
-- Conan: Component target declared 'absl::int128'
-- Conan: Component target declared 'absl::periodic_sampler'
-- Conan: Component target declared 'absl::random_internal_fastmath'
-- Conan: Component target declared 'absl::random_internal_randen_hwaes'
-- Conan: Component target declared 'absl::random_internal_uniform_helper'
-- Conan: Component target declared 'absl::compare'
-- Conan: Component target declared 'absl::spinlock_wait'
-- Conan: Component target declared 'absl::throw_delegate'
-- Conan: Component target declared 'absl::scoped_set_env'
-- Conan: Component target declared 'absl::algorithm_container'
-- Conan: Component target declared 'absl::common_policy_traits'
-- Conan: Component target declared 'absl::debugging_internal'
-- Conan: Component target declared 'absl::memory'
-- Conan: Component target declared 'absl::numeric'
-- Conan: Component target declared 'absl::random_internal_iostream_state_saver'
-- Conan: Component target declared 'absl::random_internal_generate_real'
-- Conan: Component target declared 'absl::random_internal_wide_multiply'
-- Conan: Component target declared 'absl::random_internal_randen'
-- Conan: Component target declared 'absl::cordz_functions'
-- Conan: Component target declared 'absl::bad_any_cast_impl'
-- Conan: Component target declared 'absl::bad_optional_access'
-- Conan: Component target declared 'absl::bad_variant_access'
-- Conan: Component target declared 'absl::utility'
-- Conan: Component target declared 'absl::base'
-- Conan: Component target declared 'absl::cleanup_internal'
-- Conan: Component target declared 'absl::compressed_tuple'
-- Conan: Component target declared 'absl::container_memory'
-- Conan: Component target declared 'absl::hash_policy_traits'
-- Conan: Component target declared 'absl::stacktrace'
-- Conan: Component target declared 'absl::any_invocable'
-- Conan: Component target declared 'absl::random_internal_distribution_caller'
-- Conan: Component target declared 'absl::random_internal_pcg_engine'
-- Conan: Component target declared 'absl::bad_any_cast'
-- Conan: Component target declared 'absl::span'
-- Conan: Component target declared 'absl::optional'
-- Conan: Component target declared 'absl::variant'
-- Conan: Component target declared 'absl::malloc_internal'
-- Conan: Component target declared 'absl::endian'
-- Conan: Component target declared 'absl::cleanup'
-- Conan: Component target declared 'absl::fixed_array'
-- Conan: Component target declared 'absl::inlined_vector_internal'
-- Conan: Component target declared 'absl::crc_cpu_detect'
-- Conan: Component target declared 'absl::demangle_internal'
-- Conan: Component target declared 'absl::debugging'
-- Conan: Component target declared 'absl::bind_front'
-- Conan: Component target declared 'absl::function_ref'
-- Conan: Component target declared 'absl::log_internal_conditions'
-- Conan: Component target declared 'absl::random_bit_gen_ref'
-- Conan: Component target declared 'absl::random_internal_mock_helpers'
-- Conan: Component target declared 'absl::string_view'
-- Conan: Component target declared 'absl::any'
-- Conan: Component target declared 'absl::inlined_vector'
-- Conan: Component target declared 'absl::crc_internal'
-- Conan: Component target declared 'absl::city'
-- Conan: Component target declared 'absl::low_level_hash'
-- Conan: Component target declared 'absl::random_internal_randen_engine'
-- Conan: Component target declared 'absl::strings_internal'
-- Conan: Component target declared 'absl::graphcycles_internal'
-- Conan: Component target declared 'absl::strings'
-- Conan: Component target declared 'absl::layout'
-- Conan: Component target declared 'absl::symbolize'
-- Conan: Component target declared 'absl::flags_path_util'
-- Conan: Component target declared 'absl::flags_commandlineflag'
-- Conan: Component target declared 'absl::hash'
-- Conan: Component target declared 'absl::log_internal_proto'
-- Conan: Component target declared 'absl::log_internal_nullstream'
-- Conan: Component target declared 'absl::log_internal_append_truncated'
-- Conan: Component target declared 'absl::random_distributions'
-- Conan: Component target declared 'absl::random_internal_seed_material'
-- Conan: Component target declared 'absl::str_format_internal'
-- Conan: Component target declared 'absl::time'
-- Conan: Component target declared 'absl::examine_stack'
-- Conan: Component target declared 'absl::flags_private_handle_accessor'
-- Conan: Component target declared 'absl::log_internal_globals'
-- Conan: Component target declared 'absl::log_globals'
-- Conan: Component target declared 'absl::log_entry'
-- Conan: Component target declared 'absl::random_internal_pool_urbg'
-- Conan: Component target declared 'absl::random_internal_salted_seed_seq'
-- Conan: Component target declared 'absl::str_format'
-- Conan: Component target declared 'absl::kernel_timeout_internal'
-- Conan: Component target declared 'absl::crc32c'
-- Conan: Component target declared 'absl::failure_signal_handler'
-- Conan: Component target declared 'absl::flags_marshalling'
-- Conan: Component target declared 'absl::log_internal_format'
-- Conan: Component target declared 'absl::log_initialize'
-- Conan: Component target declared 'absl::log_sink'
-- Conan: Component target declared 'absl::random_seed_sequences'
-- Conan: Component target declared 'absl::random_internal_nonsecure_base'
-- Conan: Component target declared 'absl::random_internal_distribution_test_util'
-- Conan: Component target declared 'absl::synchronization'
-- Conan: Component target declared 'absl::crc_cord_state'
-- Conan: Component target declared 'absl::flags_program_name'
-- Conan: Component target declared 'absl::log_internal_log_sink_set'
-- Conan: Component target declared 'absl::sample_recorder'
-- Conan: Component target declared 'absl::random_random'
-- Conan: Component target declared 'absl::cordz_statistics'
-- Conan: Component target declared 'absl::cordz_handle'
-- Conan: Component target declared 'absl::hashtablez_sampler'
-- Conan: Component target declared 'absl::flags_config'
-- Conan: Component target declared 'absl::log_sink_registry'
-- Conan: Component target declared 'absl::cord_internal'
-- Conan: Component target declared 'absl::raw_hash_set'
-- Conan: Component target declared 'absl::flags_internal'
-- Conan: Component target declared 'absl::log_internal_message'
-- Conan: Component target declared 'absl::cordz_info'
-- Conan: Component target declared 'absl::raw_hash_map'
-- Conan: Component target declared 'absl::log_internal_strip'
-- Conan: Component target declared 'absl::log_internal_structured'
-- Conan: Component target declared 'absl::cordz_sample_token'
-- Conan: Component target declared 'absl::cordz_update_scope'
-- Conan: Component target declared 'absl::log_internal_check_op'
-- Conan: Component target declared 'absl::log_internal_log_impl'
-- Conan: Component target declared 'absl::log_structured'
-- Conan: Component target declared 'absl::cord'
-- Conan: Component target declared 'absl::btree'
-- Conan: Component target declared 'absl::hash_function_defaults'
-- Conan: Component target declared 'absl::log_internal_check_impl'
-- Conan: Component target declared 'absl::absl_log'
-- Conan: Component target declared 'absl::log'
-- Conan: Component target declared 'absl::status'
-- Conan: Component target declared 'absl::flat_hash_map'
-- Conan: Component target declared 'absl::flat_hash_set'
-- Conan: Component target declared 'absl::node_hash_map'
-- Conan: Component target declared 'absl::node_hash_set'
-- Conan: Component target declared 'absl::absl_check'
-- Conan: Component target declared 'absl::check'
-- Conan: Component target declared 'absl::die_if_null'
-- Conan: Component target declared 'absl::log_streamer'
-- Conan: Component target declared 'absl::statusor'
-- Conan: Component target declared 'absl::flags_reflection'
-- Conan: Component target declared 'absl::flags'
-- Conan: Component target declared 'absl::flags_usage_internal'
-- Conan: Component target declared 'absl::log_internal_flags'
-- Conan: Component target declared 'absl::flags_usage'
-- Conan: Component target declared 'absl::log_flags'
-- Conan: Component target declared 'absl::flags_parse'
-- Conan: Target declared 'abseil::abseil'
-- Conan: Including build module from '/home/vscode/.conan2/p/absei72989cb28aac1/p/lib/cmake/conan_trick/cxx_std.cmake'
-- Conan: Component target declared 'protobuf::libprotobuf'
-- Conan: Component target declared 'protobuf::libprotoc'
-- Conan: Target declared 'protobuf::protobuf'
-- Conan: Target declared 'ZLIB::ZLIB'
-- Conan: Including build module from '/home/vscode/.conan2/p/protof8266396c9bed/p/lib/cmake/protobuf/protobuf-generate.cmake'
-- Conan: Including build module from '/home/vscode/.conan2/p/protof8266396c9bed/p/lib/cmake/protobuf/protobuf-module.cmake'
-- Conan: Including build module from '/home/vscode/.conan2/p/protof8266396c9bed/p/lib/cmake/protobuf/protobuf-options.cmake'
-- Conan: Including build module from '/home/vscode/.conan2/p/protof8266396c9bed/p/lib/cmake/protobuf/protobuf-conan-protoc-target.cmake'
-- Conan: Component target declared 'c-ares::cares'
-- Conan: Target declared 're2::re2'
-- Conan: Component target declared 'OpenSSL::Crypto'
-- Conan: Component target declared 'OpenSSL::SSL'
-- Conan: Target declared 'openssl::openssl'
-- Conan: Including build module from '/home/vscode/.conan2/p/opensa9484b37acb9b/p/lib/cmake/conan-official-openssl-variables.cmake'
-- Conan: Including build module from '/home/vscode/.conan2/p/grpc43d6dda3fd901/p/lib/cmake/conan_trick/grpc_cpp_plugin.cmake'
-- Conan: Including build module from '/home/vscode/.conan2/p/grpc43d6dda3fd901/p/lib/cmake/conan_trick/grpc_csharp_plugin.cmake'
-- Conan: Including build module from '/home/vscode/.conan2/p/grpc43d6dda3fd901/p/lib/cmake/conan_trick/grpc_node_plugin.cmake'
-- Conan: Including build module from '/home/vscode/.conan2/p/grpc43d6dda3fd901/p/lib/cmake/conan_trick/grpc_objective_c_plugin.cmake'
-- Conan: Including build module from '/home/vscode/.conan2/p/grpc43d6dda3fd901/p/lib/cmake/conan_trick/grpc_php_plugin.cmake'
-- Conan: Including build module from '/home/vscode/.conan2/p/grpc43d6dda3fd901/p/lib/cmake/conan_trick/grpc_python_plugin.cmake'
-- Conan: Including build module from '/home/vscode/.conan2/p/grpc43d6dda3fd901/p/lib/cmake/conan_trick/grpc_ruby_plugin.cmake'
-- Conan: Target declared 'nlohmann_json::nlohmann_json'
-- Conan: Component target declared 'PahoMqttCpp::paho-mqttpp3-static'
-- Conan: Component target declared 'eclipse-paho-mqtt-c::paho-mqtt3as-static'
-- Conan: Target declared 'vehicle-model::vehicle-model'
[0mFound ccache installation[0m
-- Configuring done
-- Generating done
-- Build files have been written to: /quickbuild/build-linux-x86_64/Release
[0/2] Building CXX object app/src/CMakeFiles/app.dir/VehicleApp.cpp.o[K[1/2] Building CXX object app/src/CMakeFiles/app.dir/VehicleApp.cpp.o[K[1/2] Linking CXX executable bin/app[K[2/2] Linking CXX executable bin/app[K
‚úÖ [SUCCESS] C++ compilation completed successfully
‚ÑπÔ∏è  [INFO] üîç Verifying build output...
‚úÖ [SUCCESS] Build completed successfully!
‚ÑπÔ∏è  [INFO] üìç Executable location: /quickbuild/build/bin/app
‚ÑπÔ∏è  [INFO] üìè Executable size: 14M
‚ÑπÔ∏è  [INFO] üîê Permissions: -rwxr-xr-x
‚úÖ [SUCCESS] Compilation completed successfully!
Completed: Wed Jun 18 10:37:56 AM +07 2025
Exit Code: 0
Duration: 6s

‚úÖ TEST 11 PASSED: Granular Command - compile
üîß TEST 12: Granular Command - build-cpp (alias)
Started: Wed Jun 18 10:37:56 AM +07 2025
‚ÑπÔ∏è  [INFO] Workspace: /quickbuild

‚ÑπÔ∏è  [INFO] üöÄ Velocitas C++ Compilation Utility
‚ÑπÔ∏è  [INFO] ‚îÅ‚îÅ‚îÅ‚îÅ‚îÅ‚îÅ‚îÅ‚îÅ‚îÅ‚îÅ‚îÅ‚îÅ‚îÅ‚îÅ‚îÅ‚îÅ‚îÅ‚îÅ‚îÅ‚îÅ‚îÅ‚îÅ‚îÅ‚îÅ‚îÅ‚îÅ‚îÅ‚îÅ‚îÅ‚îÅ‚îÅ‚îÅ‚îÅ‚îÅ‚îÅ‚îÅ‚îÅ‚îÅ‚îÅ‚îÅ‚îÅ‚îÅ‚îÅ‚îÅ‚îÅ‚îÅ‚îÅ‚îÅ‚îÅ‚îÅ‚îÅ‚îÅ‚îÅ‚îÅ‚îÅ‚îÅ‚îÅ
‚ÑπÔ∏è  [INFO] üîß STEP 4: C++ application building

‚ÑπÔ∏è  [INFO] Reading user VehicleApp.cpp...
‚ÑπÔ∏è  [INFO] Reading from stdin...
‚úÖ [SUCCESS] VehicleApp.cpp validation passed
‚úÖ [SUCCESS] VehicleApp.cpp loaded successfully (454 lines)

‚ÑπÔ∏è  [INFO] Building C++ application...
‚ÑπÔ∏è  [INFO] üîß Configuring build environment...
‚ÑπÔ∏è  [INFO] üì¶ Installing dependencies (if needed)...
‚ö†Ô∏è  [WARNING] Dependency installation had issues, continuing with build...
‚ÑπÔ∏è  [INFO]    üí° Use VERBOSE_BUILD=1 to see detailed output
‚ÑπÔ∏è  [INFO] üèóÔ∏è  Starting compilation (Release mode for optimization)...
‚ÑπÔ∏è  [INFO]    This may take 60-90 seconds depending on code complexity...
‚úÖ [SUCCESS] C++ compilation completed successfully
‚ÑπÔ∏è  [INFO] üîç Verifying build output...
‚úÖ [SUCCESS] Build completed successfully!
‚ÑπÔ∏è  [INFO] üìç Executable location: /quickbuild/build/bin/app
‚ÑπÔ∏è  [INFO] üìè Executable size: 14M
‚ÑπÔ∏è  [INFO] üîê Permissions: -rwxr-xr-x
‚úÖ [SUCCESS] Compilation completed successfully!
Completed: Wed Jun 18 10:38:03 AM +07 2025
Exit Code: 0
Duration: 7s

‚úÖ TEST 12 PASSED: Granular Command - build-cpp (alias)
üîß TEST 13: Granular Command - finalize
Started: Wed Jun 18 10:38:03 AM +07 2025
‚ÑπÔ∏è  [INFO] Workspace: /quickbuild

‚ÑπÔ∏è  [INFO] üöÄ Velocitas C++ Build Finalization Utility
‚ÑπÔ∏è  [INFO] ‚îÅ‚îÅ‚îÅ‚îÅ‚îÅ‚îÅ‚îÅ‚îÅ‚îÅ‚îÅ‚îÅ‚îÅ‚îÅ‚îÅ‚îÅ‚îÅ‚îÅ‚îÅ‚îÅ‚îÅ‚îÅ‚îÅ‚îÅ‚îÅ‚îÅ‚îÅ‚îÅ‚îÅ‚îÅ‚îÅ‚îÅ‚îÅ‚îÅ‚îÅ‚îÅ‚îÅ‚îÅ‚îÅ‚îÅ‚îÅ‚îÅ‚îÅ‚îÅ‚îÅ‚îÅ‚îÅ‚îÅ‚îÅ‚îÅ‚îÅ‚îÅ‚îÅ‚îÅ‚îÅ‚îÅ‚îÅ‚îÅ
‚ÑπÔ∏è  [INFO] üîß STEP 5: Finalizing build

‚ÑπÔ∏è  [INFO] Build Summary:
============================================
‚úÖ VehicleApp.cpp: Validated and compiled
‚úÖ Dependencies: Pre-installed (cached)
‚úÖ Vehicle Model: Generated from VSS
‚úÖ Executable: /quickbuild/build/bin/app
üìä Size: 13.3MiB
üïê Completed: Wed Jun 18 03:38:03 UTC 2025
============================================
‚úÖ [SUCCESS] Build finalization completed successfully!
Completed: Wed Jun 18 10:38:04 AM +07 2025
Exit Code: 0
Duration: 1s

‚úÖ TEST 13 PASSED: Granular Command - finalize
üîß TEST 14: Run Command (build and run)
Started: Wed Jun 18 10:38:04 AM +07 2025
‚ÑπÔ∏è  [INFO] Workspace: /quickbuild

‚ÑπÔ∏è  [INFO] üèÉ Velocitas C++ Quick Build & Run Utility
‚ÑπÔ∏è  [INFO] ‚îÅ‚îÅ‚îÅ‚îÅ‚îÅ‚îÅ‚îÅ‚îÅ‚îÅ‚îÅ‚îÅ‚îÅ‚îÅ‚îÅ‚îÅ‚îÅ‚îÅ‚îÅ‚îÅ‚îÅ‚îÅ‚îÅ‚îÅ‚îÅ‚îÅ‚îÅ‚îÅ‚îÅ‚îÅ‚îÅ‚îÅ‚îÅ‚îÅ‚îÅ‚îÅ‚îÅ‚îÅ‚îÅ‚îÅ‚îÅ‚îÅ‚îÅ‚îÅ‚îÅ‚îÅ‚îÅ‚îÅ‚îÅ‚îÅ‚îÅ‚îÅ‚îÅ‚îÅ‚îÅ‚îÅ‚îÅ‚îÅ
‚ÑπÔ∏è  [INFO] üöÄ Build your VehicleApp.cpp and run it with live output

‚ÑπÔ∏è  [INFO] üîß STEP 1/5: Found existing application...
‚úÖ [SUCCESS] ‚úÖ Using existing executable - no changes detected!
‚ÑπÔ∏è  [INFO] üìè Executable: /quickbuild/build/bin/app (14M)
‚ÑπÔ∏è  [INFO] üèÉ Proceeding to run the vehicle application...

‚ÑπÔ∏è  [INFO] üîß STEP 2/5: Checking service environment...
‚ÑπÔ∏è  [INFO] üîç Checking external service availability...
‚ÑπÔ∏è  [INFO]    Testing MQTT broker connection (127.0.0.1:1883)...
‚ö†Ô∏è  [WARNING] MQTT broker not available at 127.0.0.1:1883
‚ÑπÔ∏è  [INFO]    üì± Starting in simulation mode (no external services required)
‚ÑπÔ∏è  [INFO]    üí° App will run with simulated vehicle data
‚ö†Ô∏è  [WARNING] Vehicle Data Broker not available at 127.0.0.1:55555
‚ÑπÔ∏è  [INFO] Starting in simulation mode (no VDB connection)

‚ÑπÔ∏è  [INFO] üîß STEP 3/5: Running vehicle application...
‚ÑπÔ∏è  [INFO] üöÄ Running vehicle application...
‚ÑπÔ∏è  [INFO] üîç Checking executable location...
‚úÖ [SUCCESS] Found executable: /quickbuild/build/bin/app
‚ÑπÔ∏è  [INFO] üìè Executable size: 14M
‚ÑπÔ∏è  [INFO] üîê Setting executable permissions...
‚ÑπÔ∏è  [INFO] ‚è∞ Starting application with 15s timeout for demonstration...
‚ÑπÔ∏è  [INFO] üí° Watch for vehicle signal processing and app behavior
‚ÑπÔ∏è  [INFO] üîÑ Application will automatically stop after 15s

============================================
üì± Vehicle Application Live Output:
============================================
[38;2;255;255;255m2025-06-18 03:38:04.461818898, INFO  : üöÄ Starting your Vehicle Application...
[0m[38;2;255;255;255m2025-06-18 03:38:04.461847810, INFO  : üí° Press Ctrl+C to stop the application
[0m[38;2;255;255;255m2025-06-18 03:38:04.461851788, INFO  : Using Kuksa Databroker sdv.databroker.v1 API
[0m[38;2;255;255;255m2025-06-18 03:38:04.461862962, INFO  : Connecting to data broker service 'vehicledatabroker' via 'disabled'
[0m[38;2;255;255;255m2025-06-18 03:38:04.462805812, INFO  : üöó Vehicle App Template starting...
[0m[38;2;255;255;255m2025-06-18 03:38:04.462823790, INFO  : Starting app ...
[0m[38;2;255;255;255m2025-06-18 03:38:04.462831163, INFO  : üöÄ Vehicle App Template starting - setting up signal subscriptions
[0m[38;2;255;255;255m2025-06-18 03:38:04.467012693, INFO  : ‚úÖ Signal subscription completed - waiting for vehicle data...
[0m[38;2;255;255;255m2025-06-18 03:38:04.467026287, INFO  : App is running.
[0mE0618 03:38:05.893022603      82 hpack_parser.cc:1228]       Error parsing metadata: error=invalid value key=content-type value=text/html; charset=utf-8
[38;2;255;000;000m2025-06-18 03:38:05.895144554, ERROR : ‚ùå Signal subscription error: RPC 'Subscribe' failed: Stream removed
[0m============================================

‚úÖ [SUCCESS] ‚úÖ Application completed 15s demonstration run

‚ÑπÔ∏è  [INFO] üîß STEP 4/5: Analyzing application behavior...
‚ÑπÔ∏è  [INFO] Analyzing application behavior...
‚úÖ [SUCCESS] Application initialization detected
‚ö†Ô∏è  [WARNING] Errors detected in application output
Error summary:
[0mE0618 03:38:05.893022603      82 hpack_parser.cc:1228]       Error parsing metadata: error=invalid value key=content-type value=text/html; charset=utf-8
[38;2;255;000;000m2025-06-18 03:38:05.895144554, ERROR : ‚ùå Signal subscription error: RPC 'Subscribe' failed: Stream removed
‚ö†Ô∏è  [WARNING] Errors detected in application output

‚ÑπÔ∏è  [INFO] üîß STEP 5/5: Generating run summary...
‚ÑπÔ∏è  [INFO] Run Summary:
============================================
üèÉ Application Runtime: 15s
üìä Log Summary:
   - Info messages: 24
   - Successes: 4
   - Warnings: 3
   - Errors: 0
0
üïê Completed: Wed Jun 18 03:38:19 UTC 2025
============================================
‚úÖ [SUCCESS] Quick run completed successfully!
Completed: Wed Jun 18 10:38:19 AM +07 2025
Exit Code: 0
Duration: 15s

‚úÖ TEST 14 PASSED: Run Command (build and run)
üîß TEST 15: Rerun Command (pre-built template)
Started: Wed Jun 18 10:38:19 AM +07 2025
‚ÑπÔ∏è  [INFO] Workspace: /quickbuild

‚ÑπÔ∏è  [INFO] üèÉ Velocitas C++ Quick Rerun Utility
‚ÑπÔ∏è  [INFO] ‚îÅ‚îÅ‚îÅ‚îÅ‚îÅ‚îÅ‚îÅ‚îÅ‚îÅ‚îÅ‚îÅ‚îÅ‚îÅ‚îÅ‚îÅ‚îÅ‚îÅ‚îÅ‚îÅ‚îÅ‚îÅ‚îÅ‚îÅ‚îÅ‚îÅ‚îÅ‚îÅ‚îÅ‚îÅ‚îÅ‚îÅ‚îÅ‚îÅ‚îÅ‚îÅ‚îÅ‚îÅ‚îÅ‚îÅ‚îÅ‚îÅ‚îÅ‚îÅ‚îÅ‚îÅ‚îÅ‚îÅ‚îÅ‚îÅ‚îÅ‚îÅ‚îÅ‚îÅ‚îÅ‚îÅ‚îÅ‚îÅ
‚ÑπÔ∏è  [INFO] üöÄ Running pre-built template binary

‚úÖ [SUCCESS] ‚úÖ Found executable: /quickbuild/build/bin/app
‚ÑπÔ∏è  [INFO] üìè Executable size: 14M

‚ÑπÔ∏è  [INFO] üîß Checking service environment...
‚ÑπÔ∏è  [INFO] üîç Checking external service availability...
‚ÑπÔ∏è  [INFO]    Testing MQTT broker connection (127.0.0.1:1883)...
‚ö†Ô∏è  [WARNING] MQTT broker not available at 127.0.0.1:1883
‚ÑπÔ∏è  [INFO]    üì± Starting in simulation mode (no external services required)
‚ÑπÔ∏è  [INFO]    üí° App will run with simulated vehicle data
‚ö†Ô∏è  [WARNING] Vehicle Data Broker not available at 127.0.0.1:55555
‚ÑπÔ∏è  [INFO] Starting in simulation mode (no VDB connection)

‚ÑπÔ∏è  [INFO] üîß Running vehicle application...
‚ÑπÔ∏è  [INFO] üöÄ Running vehicle application...
‚ÑπÔ∏è  [INFO] üîç Checking executable location...
‚úÖ [SUCCESS] Found executable: /quickbuild/build/bin/app
‚ÑπÔ∏è  [INFO] üìè Executable size: 14M
‚ÑπÔ∏è  [INFO] üîê Setting executable permissions...
‚ÑπÔ∏è  [INFO] ‚è∞ Starting application with 15s timeout for demonstration...
‚ÑπÔ∏è  [INFO] üí° Watch for vehicle signal processing and app behavior
‚ÑπÔ∏è  [INFO] üîÑ Application will automatically stop after 15s

============================================
üì± Vehicle Application Live Output:
============================================
[38;2;255;255;255m2025-06-18 03:38:19.946285694, INFO  : üöÄ Starting your Vehicle Application...
[0m[38;2;255;255;255m2025-06-18 03:38:19.946316472, INFO  : üí° Press Ctrl+C to stop the application
[0m[38;2;255;255;255m2025-06-18 03:38:19.946321351, INFO  : Using Kuksa Databroker sdv.databroker.v1 API
[0m[38;2;255;255;255m2025-06-18 03:38:19.946337334, INFO  : Connecting to data broker service 'vehicledatabroker' via 'disabled'
[0m[38;2;255;255;255m2025-06-18 03:38:19.947296053, INFO  : üöó Vehicle App Template starting...
[0m[38;2;255;255;255m2025-06-18 03:38:19.947306486, INFO  : Starting app ...
[0m[38;2;255;255;255m2025-06-18 03:38:19.947310224, INFO  : üöÄ Vehicle App Template starting - setting up signal subscriptions
[0m[38;2;255;255;255m2025-06-18 03:38:19.951256273, INFO  : ‚úÖ Signal subscription completed - waiting for vehicle data...
[0m[38;2;255;255;255m2025-06-18 03:38:19.951268858, INFO  : App is running.
[0mE0618 03:38:20.806498216      83 hpack_parser.cc:1228]       Error parsing metadata: error=invalid value key=content-type value=text/html; charset=utf-8
[38;2;255;000;000m2025-06-18 03:38:20.806774546, ERROR : ‚ùå Signal subscription error: RPC 'Subscribe' failed: Received http2 header with status: 404
[0m============================================

‚úÖ [SUCCESS] ‚úÖ Application completed 15s demonstration run

‚ÑπÔ∏è  [INFO] üîß Analyzing application behavior...
‚ÑπÔ∏è  [INFO] Analyzing application behavior...
‚úÖ [SUCCESS] Application initialization detected
‚ö†Ô∏è  [WARNING] Errors detected in application output
Error summary:
[0mE0618 03:38:20.806498216      83 hpack_parser.cc:1228]       Error parsing metadata: error=invalid value key=content-type value=text/html; charset=utf-8
[38;2;255;000;000m2025-06-18 03:38:20.806774546, ERROR : ‚ùå Signal subscription error: RPC 'Subscribe' failed: Received http2 header with status: 404
‚ö†Ô∏è  [WARNING] Errors detected in application output

‚ÑπÔ∏è  [INFO] üîß Generating run summary...
‚ÑπÔ∏è  [INFO] Run Summary:
============================================
üèÉ Application Runtime: 15s
üìä Log Summary:
   - Info messages: 22
   - Successes: 4
   - Warnings: 3
   - Errors: 0
0
üïê Completed: Wed Jun 18 03:38:35 UTC 2025
============================================
‚úÖ [SUCCESS] Quick rerun completed successfully!
Completed: Wed Jun 18 10:38:35 AM +07 2025
Exit Code: 0
Duration: 16s

‚úÖ TEST 15 PASSED: Rerun Command (pre-built template)
üîß TEST 16: Granular Workflow (sequential steps)
Started: Wed Jun 18 10:38:35 AM +07 2025
Step 1: Generate model...
‚ÑπÔ∏è  [INFO] Workspace: /quickbuild

‚ÑπÔ∏è  [INFO] üöÄ Velocitas C++ Model Generation Utility
‚ÑπÔ∏è  [INFO] ‚îÅ‚îÅ‚îÅ‚îÅ‚îÅ‚îÅ‚îÅ‚îÅ‚îÅ‚îÅ‚îÅ‚îÅ‚îÅ‚îÅ‚îÅ‚îÅ‚îÅ‚îÅ‚îÅ‚îÅ‚îÅ‚îÅ‚îÅ‚îÅ‚îÅ‚îÅ‚îÅ‚îÅ‚îÅ‚îÅ‚îÅ‚îÅ‚îÅ‚îÅ‚îÅ‚îÅ‚îÅ‚îÅ‚îÅ‚îÅ‚îÅ‚îÅ‚îÅ‚îÅ‚îÅ‚îÅ‚îÅ‚îÅ‚îÅ‚îÅ‚îÅ‚îÅ‚îÅ‚îÅ‚îÅ‚îÅ‚îÅ
‚ÑπÔ∏è  [INFO] üîß STEP 3: Vehicle signal model preparation

‚ÑπÔ∏è  [INFO] Preparing build workspace...
‚ÑπÔ∏è  [INFO] Configuring VSS specification...
‚ÑπÔ∏è  [INFO] Using default VSS 4.0 specification
‚ÑπÔ∏è  [INFO] Cleaning previous build artifacts...
‚úÖ [SUCCESS] Workspace prepared

‚ÑπÔ∏è  [INFO] Generating vehicle model from VSS...
‚úÖ [SUCCESS] VSS specification downloaded
‚úÖ [SUCCESS] Vehicle model generated
‚úÖ [SUCCESS] Vehicle model generated
‚úÖ [SUCCESS] Model generation completed successfully!
Step 2: Compile application...
‚ÑπÔ∏è  [INFO] Workspace: /quickbuild

‚ÑπÔ∏è  [INFO] üöÄ Velocitas C++ Compilation Utility
‚ÑπÔ∏è  [INFO] ‚îÅ‚îÅ‚îÅ‚îÅ‚îÅ‚îÅ‚îÅ‚îÅ‚îÅ‚îÅ‚îÅ‚îÅ‚îÅ‚îÅ‚îÅ‚îÅ‚îÅ‚îÅ‚îÅ‚îÅ‚îÅ‚îÅ‚îÅ‚îÅ‚îÅ‚îÅ‚îÅ‚îÅ‚îÅ‚îÅ‚îÅ‚îÅ‚îÅ‚îÅ‚îÅ‚îÅ‚îÅ‚îÅ‚îÅ‚îÅ‚îÅ‚îÅ‚îÅ‚îÅ‚îÅ‚îÅ‚îÅ‚îÅ‚îÅ‚îÅ‚îÅ‚îÅ‚îÅ‚îÅ‚îÅ‚îÅ‚îÅ
‚ÑπÔ∏è  [INFO] üîß STEP 4: C++ application building

‚ÑπÔ∏è  [INFO] Reading user VehicleApp.cpp...
‚ÑπÔ∏è  [INFO] Reading from stdin...
‚úÖ [SUCCESS] VehicleApp.cpp validation passed
‚úÖ [SUCCESS] VehicleApp.cpp loaded successfully (454 lines)

‚ÑπÔ∏è  [INFO] Building C++ application...
‚ÑπÔ∏è  [INFO] üîß Configuring build environment...
‚ÑπÔ∏è  [INFO] üì¶ Installing dependencies (if needed)...
‚ö†Ô∏è  [WARNING] Dependency installation had issues, continuing with build...
‚ÑπÔ∏è  [INFO]    üí° Use VERBOSE_BUILD=1 to see detailed output
‚ÑπÔ∏è  [INFO] üèóÔ∏è  Starting compilation (Release mode for optimization)...
‚ÑπÔ∏è  [INFO]    This may take 60-90 seconds depending on code complexity...
‚úÖ [SUCCESS] C++ compilation completed successfully
‚ÑπÔ∏è  [INFO] üîç Verifying build output...
‚úÖ [SUCCESS] Build completed successfully!
‚ÑπÔ∏è  [INFO] üìç Executable location: /quickbuild/build/bin/app
‚ÑπÔ∏è  [INFO] üìè Executable size: 14M
‚ÑπÔ∏è  [INFO] üîê Permissions: -rwxr-xr-x
‚úÖ [SUCCESS] Compilation completed successfully!
Step 3: Finalize build...
‚ÑπÔ∏è  [INFO] Workspace: /quickbuild

‚ÑπÔ∏è  [INFO] üöÄ Velocitas C++ Build Finalization Utility
‚ÑπÔ∏è  [INFO] ‚îÅ‚îÅ‚îÅ‚îÅ‚îÅ‚îÅ‚îÅ‚îÅ‚îÅ‚îÅ‚îÅ‚îÅ‚îÅ‚îÅ‚îÅ‚îÅ‚îÅ‚îÅ‚îÅ‚îÅ‚îÅ‚îÅ‚îÅ‚îÅ‚îÅ‚îÅ‚îÅ‚îÅ‚îÅ‚îÅ‚îÅ‚îÅ‚îÅ‚îÅ‚îÅ‚îÅ‚îÅ‚îÅ‚îÅ‚îÅ‚îÅ‚îÅ‚îÅ‚îÅ‚îÅ‚îÅ‚îÅ‚îÅ‚îÅ‚îÅ‚îÅ‚îÅ‚îÅ‚îÅ‚îÅ‚îÅ‚îÅ
‚ÑπÔ∏è  [INFO] üîß STEP 5: Finalizing build

‚ÑπÔ∏è  [INFO] Build Summary:
============================================
‚úÖ VehicleApp.cpp: Validated and compiled
‚úÖ Dependencies: Pre-installed (cached)
‚úÖ Vehicle Model: Generated from VSS
‚úÖ Executable: /quickbuild/build/bin/app
üìä Size: 13.3MiB
üïê Completed: Wed Jun 18 03:38:48 UTC 2025
============================================
‚úÖ [SUCCESS] Build finalization completed successfully!
Completed: Wed Jun 18 10:38:48 AM +07 2025
Exit Code: 0
Duration: 13s

‚úÖ TEST 16 PASSED: Granular Workflow (sequential steps)
üîß TEST 17: Verbose Build Mode
Started: Wed Jun 18 10:38:48 AM +07 2025
‚ÑπÔ∏è  [INFO] Workspace: /quickbuild

‚ÑπÔ∏è  [INFO] üöÄ Velocitas C++ Quick Build Utility
‚ÑπÔ∏è  [INFO] ‚îÅ‚îÅ‚îÅ‚îÅ‚îÅ‚îÅ‚îÅ‚îÅ‚îÅ‚îÅ‚îÅ‚îÅ‚îÅ‚îÅ‚îÅ‚îÅ‚îÅ‚îÅ‚îÅ‚îÅ‚îÅ‚îÅ‚îÅ‚îÅ‚îÅ‚îÅ‚îÅ‚îÅ‚îÅ‚îÅ‚îÅ‚îÅ‚îÅ‚îÅ‚îÅ‚îÅ‚îÅ‚îÅ‚îÅ‚îÅ‚îÅ‚îÅ‚îÅ‚îÅ‚îÅ‚îÅ‚îÅ‚îÅ‚îÅ‚îÅ‚îÅ‚îÅ‚îÅ‚îÅ‚îÅ‚îÅ‚îÅ
‚ÑπÔ∏è  [INFO] üì¶ Zero-setup containerized build for Velocitas vehicle apps

‚ÑπÔ∏è  [INFO] üîß STEP 1/5: Processing input...
‚ÑπÔ∏è  [INFO] Reading user VehicleApp.cpp...
‚ÑπÔ∏è  [INFO] Reading from stdin...
‚úÖ [SUCCESS] VehicleApp.cpp validation passed
‚úÖ [SUCCESS] VehicleApp.cpp loaded successfully (454 lines)

‚ÑπÔ∏è  [INFO] üîß STEP 2/5: Preparing build workspace...
‚ÑπÔ∏è  [INFO] Preparing build workspace...
‚ÑπÔ∏è  [INFO] Configuring VSS specification...
‚ÑπÔ∏è  [INFO] Using default VSS 4.0 specification
‚ÑπÔ∏è  [INFO] Cleaning previous build artifacts...
‚úÖ [SUCCESS] Workspace prepared

‚ÑπÔ∏è  [INFO] üîß STEP 3/5: Vehicle signal model preparation...
‚ÑπÔ∏è  [INFO] Generating vehicle model from VSS...
[WARING] No internet connection -> using cached file /home/vscode/.velocitas/projects/20c9e89591b7712bd6517500cc120486/vspec.json
vspec_file_path='/home/vscode/.velocitas/projects/20c9e89591b7712bd6517500cc120486/vspec.json' >> VELOCITAS_CACHE
unit_file_path_list=["/home/vscode/.velocitas/packages/devenv-devcontainer-setup/v3.0.0/vehicle-model-lifecycle/units.yaml"] >> VELOCITAS_CACHE
‚úÖ [SUCCESS] VSS specification downloaded
Deleting old model at '/home/vscode/.velocitas/projects/20c9e89591b7712bd6517500cc120486/vehicle_model'
Invoking model generator for language cpp and file '/home/vscode/.velocitas/projects/20c9e89591b7712bd6517500cc120486/vspec.json' with units from ['/home/vscode/.velocitas/packages/devenv-devcontainer-setup/v3.0.0/vehicle-model-lifecycle/units.yaml']
Loading json...
Generating tree from json...
Recursing tree and creating c++ code...
All done.
Exporting Conan project
‚úÖ [SUCCESS] Vehicle model generated
‚úÖ [SUCCESS] Vehicle model generated

‚ÑπÔ∏è  [INFO] üîß STEP 4/5: Building C++ application...
‚ÑπÔ∏è  [INFO] Building C++ application...
‚ÑπÔ∏è  [INFO] üîß Configuring build environment...
‚ÑπÔ∏è  [INFO] üì¶ Installing dependencies (if needed)...
--> "MIXED" build type detected - preparing build for pure Release and "mixed" buid type:

--> Installing dependencies for "mixed" build: Dependencies in Release mode, local stuff in Debug mode ...
[1m[35m
======== Input profiles ========[0m
[1m[36mProfile host:[0m
[settings]
arch=x86_64
build_type=Release
compiler=gcc
compiler.cppstd=17
compiler.libcxx=libstdc++11
compiler.version=11
os=Linux
&:build_type=Debug
[buildenv]
CC=x86_64-linux-gnu-gcc-11
CXX=x86_64-linux-gnu-g++-11
LD=x86_64-linux-gnu-ld
[0m
[1m[36mProfile build:[0m
[settings]
arch=x86_64
build_type=Release
compiler=gcc
compiler.cppstd=17
compiler.libcxx=libstdc++11
compiler.version=11
os=Linux
[buildenv]
CC=x86_64-linux-gnu-gcc-11
CXX=x86_64-linux-gnu-g++-11
LD=x86_64-linux-gnu-ld
[0m
[1m[35m
======== Computing dependency graph ========[0m
[1m[33mGraph root[0m
[1m[36m    conanfile.txt: /quickbuild/conanfile.txt[0m
[1m[33mRequirements[0m
[1m[36m    abseil/20230802.1#cd8012e2f333d4008dcf43cb39b031b8 - Cache[0m
[1m[36m    c-ares/1.34.3#55aa867c731f23300cd544f6d90a794d - Cache[0m
[1m[36m    fmt/11.1.1#9d84ca70128ab4b84d80140b45d76b21 - Cache[0m
[1m[36m    grpc/1.50.1#11ca9ad5502889e7b32e5122a7000037 - Cache[0m
[1m[36m    nlohmann_json/3.11.3#45828be26eb619a2e04ca517bb7b828d - Cache[0m
[1m[36m    openssl/3.4.1#638c4c4df8ecdef1f7aa73fc0d07fde6 - Cache[0m
[1m[36m    paho-mqtt-c/1.3.13#398643eeb183ad7536157ea96b6fad52 - Cache[0m
[1m[36m    paho-mqtt-cpp/1.4.0#5faa2a31ae8c1c1acfd3ab6bcbecd9bc - Cache[0m
[1m[36m    protobuf/3.21.12#1815c278fa25d4447be035f7bb52ed7e - Cache[0m
[1m[36m    re2/20230301#e8d673155a0494f27c7589b611e8350d - Cache[0m
[1m[36m    vehicle-app-sdk/0.7.0#30d6b025245b59e189d5087e7a8aca26 - Cache[0m
[1m[36m    vehicle-model/generated#ea8604cd048ba7a3baeb82b505ca53da - Cache[0m
[1m[36m    zlib/1.3.1#b8bc2603263cf7eccbd6e17e66b0ed76 - Cache[0m
[1m[33mBuild requirements[0m
[1m[36m    abseil/20230802.1#cd8012e2f333d4008dcf43cb39b031b8 - Cache[0m
[1m[36m    c-ares/1.34.3#55aa867c731f23300cd544f6d90a794d - Cache[0m
[1m[36m    cmake/3.31.6#ed0e6c1d49bd564ce6fed1a19653b86d - Cache[0m
[1m[36m    grpc/1.50.1#11ca9ad5502889e7b32e5122a7000037 - Cache[0m
[1m[36m    openssl/3.4.1#638c4c4df8ecdef1f7aa73fc0d07fde6 - Cache[0m
[1m[36m    protobuf/3.21.12#1815c278fa25d4447be035f7bb52ed7e - Cache[0m
[1m[36m    re2/20230301#e8d673155a0494f27c7589b611e8350d - Cache[0m
[1m[36m    zlib/1.3.1#b8bc2603263cf7eccbd6e17e66b0ed76 - Cache[0m
[1m[33mResolved version ranges[0m
[1m[36m    abseil/[>=20230125.3 <=20230802.1]: abseil/20230802.1[0m
[1m[36m    c-ares/[>=1.19.1 <2]: c-ares/1.34.3[0m
[1m[36m    cmake/[>=3.25 <4]: cmake/3.31.6[0m
[1m[36m    openssl/[>=1.1 <4]: openssl/3.4.1[0m
[1m[36m    zlib/[>=1.2.11 <2]: zlib/1.3.1[0m
[1m[35m
======== Computing necessary packages ========[0m
Connecting to remote 'conancenter' anonymously[0m
[31mERROR: Failed checking for binary 'cmake/3.31.6:63fead0844576fc02943e16909f08fcdddd6f44b' in remote 'conancenter': remote not available[0m
[31mERROR: HTTPSConnectionPool(host='center2.conan.io', port=443): Max retries exceeded with url: /v1/ping (Caused by ProxyError('Unable to connect to proxy', NewConnectionError('<urllib3.connection.HTTPSConnection object at 0x7614f9842c50>: Failed to establish a new connection: [Errno 111] Connection refused')))

Unable to connect to remote conancenter=https://center2.conan.io
1. Make sure the remote is reachable or,
2. Disable it with 'conan remote disable <remote>' or,
3. Use the '-nr/--no-remote' argument
Then try again.[0m
[0mTraceback (most recent call last):
  File "/home/vscode/.velocitas/packages/devenv-devcontainer-setup/v3.0.0/build-system/./cpp-cmake-conan/src/install_deps.py", line 162, in <module>
    cli()
  File "/home/vscode/.velocitas/packages/devenv-devcontainer-setup/v3.0.0/build-system/./cpp-cmake-conan/src/install_deps.py", line 158, in cli
    install_deps_via_conan(build_arch, host_arch, build_type, args.build_all_deps)
  File "/home/vscode/.velocitas/packages/devenv-devcontainer-setup/v3.0.0/build-system/./cpp-cmake-conan/src/install_deps.py", line 75, in install_deps_via_conan
    subprocess.check_call(
  File "/usr/lib/python3.10/subprocess.py", line 369, in check_call
    raise CalledProcessError(retcode, cmd)
subprocess.CalledProcessError: Command '['conan', 'install', '-pr:h', PosixPath('/home/vscode/.velocitas/packages/devenv-devcontainer-setup/v3.0.0/build-system/cpp-cmake-conan/src/.conan/profiles/linux-x86_64'), '-pr:b', PosixPath('/home/vscode/.velocitas/packages/devenv-devcontainer-setup/v3.0.0/build-system/cpp-cmake-conan/src/.conan/profiles/linux-x86_64'), '-s:a=build_type=Release', '-s:h=&:build_type=Debug', '--build', 'missing', '-of', '/quickbuild/build-linux-x86_64/Debug/generators', '/quickbuild']' returned non-zero exit status 1.
 ‚Ä∫   Error: Program returned exit code: 1
‚úÖ [SUCCESS] Dependencies installed/verified successfully
‚ÑπÔ∏è  [INFO] üèóÔ∏è  Starting compilation (Release mode for optimization)...
‚ÑπÔ∏è  [INFO]    This may take 60-90 seconds depending on code complexity...
CMake version      cmake version 3.22.1

CMake suite maintained and supported by Kitware (kitware.com/cmake).
Conan version      Conan version 2.15.1
Build arch         x86_64
Host arch          x86_64
Build type         Release
Build target       all
Static build       no
Coverage enabled   no
Not searching for unused variables given on the command line.
-- Using Conan toolchain: /quickbuild/build-linux-x86_64/Release/generators/conan_toolchain.cmake
-- Conan toolchain: Defining architecture flag: -m64
-- Conan toolchain: C++ Standard 17 with extensions OFF
-- Conan: Target declared 'vehicle-app-sdk::vehicle-app-sdk'
-- Conan: Component target declared 'fmt::fmt'
-- Conan: Component target declared 'gRPC::address_sorting'
-- Conan: Component target declared 'gRPC::gpr'
-- Conan: Component target declared 'gRPC::grpc_plugin_support'
-- Conan: Component target declared 'gRPC::upb'
-- Conan: Component target declared 'gRPC::grpc'
-- Conan: Component target declared 'gRPC::grpc_unsecure'
-- Conan: Component target declared 'gRPC::grpc++'
-- Conan: Component target declared 'gRPC::grpc++_unsecure'
-- Conan: Component target declared 'gRPC::grpc++_alts'
-- Conan: Component target declared 'gRPC::grpc++_error_details'
-- Conan: Component target declared 'gRPC::grpc++_reflection'
-- Conan: Component target declared 'gRPC::grpcpp_channelz'
-- Conan: Target declared 'grpc::grpc'
-- Conan: Component target declared 'absl::config'
-- Conan: Component target declared 'absl::pretty_function'
-- Conan: Component target declared 'absl::civil_time'
-- Conan: Component target declared 'absl::time_zone'
-- Conan: Component target declared 'absl::errno_saver'
-- Conan: Component target declared 'absl::dynamic_annotations'
-- Conan: Component target declared 'absl::core_headers'
-- Conan: Component target declared 'absl::fast_type_id'
-- Conan: Component target declared 'absl::algorithm'
-- Conan: Component target declared 'absl::counting_allocator'
-- Conan: Component target declared 'absl::hashtable_debug_hooks'
-- Conan: Component target declared 'absl::node_slot_policy'
-- Conan: Component target declared 'absl::non_temporal_arm_intrinsics'
-- Conan: Component target declared 'absl::log_internal_voidify'
-- Conan: Component target declared 'absl::numeric_representation'
-- Conan: Component target declared 'absl::random_seed_gen_exception'
-- Conan: Component target declared 'absl::random_internal_traits'
-- Conan: Component target declared 'absl::random_internal_fast_uniform_bits'
-- Conan: Component target declared 'absl::random_internal_platform'
-- Conan: Component target declared 'absl::cordz_update_tracker'
-- Conan: Component target declared 'absl::if_constexpr'
-- Conan: Component target declared 'absl::atomic_hook'
-- Conan: Component target declared 'absl::log_severity'
-- Conan: Component target declared 'absl::strerror'
-- Conan: Component target declared 'absl::prefetch'
-- Conan: Component target declared 'absl::hashtable_debug'
-- Conan: Component target declared 'absl::non_temporal_memcpy'
-- Conan: Component target declared 'absl::leak_check'
-- Conan: Component target declared 'absl::flags_commandlineflag_internal'
-- Conan: Component target declared 'absl::log_internal_config'
-- Conan: Component target declared 'absl::log_internal_nullguard'
-- Conan: Component target declared 'absl::type_traits'
-- Conan: Component target declared 'absl::bits'
-- Conan: Component target declared 'absl::exponential_biased'
-- Conan: Component target declared 'absl::random_internal_randen_slow'
-- Conan: Component target declared 'absl::random_internal_randen_hwaes_impl'
-- Conan: Component target declared 'absl::nullability'
-- Conan: Component target declared 'absl::raw_logging_internal'
-- Conan: Component target declared 'absl::base_internal'
-- Conan: Component target declared 'absl::container_common'
-- Conan: Component target declared 'absl::meta'
-- Conan: Component target declared 'absl::int128'
-- Conan: Component target declared 'absl::periodic_sampler'
-- Conan: Component target declared 'absl::random_internal_fastmath'
-- Conan: Component target declared 'absl::random_internal_randen_hwaes'
-- Conan: Component target declared 'absl::random_internal_uniform_helper'
-- Conan: Component target declared 'absl::compare'
-- Conan: Component target declared 'absl::spinlock_wait'
-- Conan: Component target declared 'absl::throw_delegate'
-- Conan: Component target declared 'absl::scoped_set_env'
-- Conan: Component target declared 'absl::algorithm_container'
-- Conan: Component target declared 'absl::common_policy_traits'
-- Conan: Component target declared 'absl::debugging_internal'
-- Conan: Component target declared 'absl::memory'
-- Conan: Component target declared 'absl::numeric'
-- Conan: Component target declared 'absl::random_internal_iostream_state_saver'
-- Conan: Component target declared 'absl::random_internal_generate_real'
-- Conan: Component target declared 'absl::random_internal_wide_multiply'
-- Conan: Component target declared 'absl::random_internal_randen'
-- Conan: Component target declared 'absl::cordz_functions'
-- Conan: Component target declared 'absl::bad_any_cast_impl'
-- Conan: Component target declared 'absl::bad_optional_access'
-- Conan: Component target declared 'absl::bad_variant_access'
-- Conan: Component target declared 'absl::utility'
-- Conan: Component target declared 'absl::base'
-- Conan: Component target declared 'absl::cleanup_internal'
-- Conan: Component target declared 'absl::compressed_tuple'
-- Conan: Component target declared 'absl::container_memory'
-- Conan: Component target declared 'absl::hash_policy_traits'
-- Conan: Component target declared 'absl::stacktrace'
-- Conan: Component target declared 'absl::any_invocable'
-- Conan: Component target declared 'absl::random_internal_distribution_caller'
-- Conan: Component target declared 'absl::random_internal_pcg_engine'
-- Conan: Component target declared 'absl::bad_any_cast'
-- Conan: Component target declared 'absl::span'
-- Conan: Component target declared 'absl::optional'
-- Conan: Component target declared 'absl::variant'
-- Conan: Component target declared 'absl::malloc_internal'
-- Conan: Component target declared 'absl::endian'
-- Conan: Component target declared 'absl::cleanup'
-- Conan: Component target declared 'absl::fixed_array'
-- Conan: Component target declared 'absl::inlined_vector_internal'
-- Conan: Component target declared 'absl::crc_cpu_detect'
-- Conan: Component target declared 'absl::demangle_internal'
-- Conan: Component target declared 'absl::debugging'
-- Conan: Component target declared 'absl::bind_front'
-- Conan: Component target declared 'absl::function_ref'
-- Conan: Component target declared 'absl::log_internal_conditions'
-- Conan: Component target declared 'absl::random_bit_gen_ref'
-- Conan: Component target declared 'absl::random_internal_mock_helpers'
-- Conan: Component target declared 'absl::string_view'
-- Conan: Component target declared 'absl::any'
-- Conan: Component target declared 'absl::inlined_vector'
-- Conan: Component target declared 'absl::crc_internal'
-- Conan: Component target declared 'absl::city'
-- Conan: Component target declared 'absl::low_level_hash'
-- Conan: Component target declared 'absl::random_internal_randen_engine'
-- Conan: Component target declared 'absl::strings_internal'
-- Conan: Component target declared 'absl::graphcycles_internal'
-- Conan: Component target declared 'absl::strings'
-- Conan: Component target declared 'absl::layout'
-- Conan: Component target declared 'absl::symbolize'
-- Conan: Component target declared 'absl::flags_path_util'
-- Conan: Component target declared 'absl::flags_commandlineflag'
-- Conan: Component target declared 'absl::hash'
-- Conan: Component target declared 'absl::log_internal_proto'
-- Conan: Component target declared 'absl::log_internal_nullstream'
-- Conan: Component target declared 'absl::log_internal_append_truncated'
-- Conan: Component target declared 'absl::random_distributions'
-- Conan: Component target declared 'absl::random_internal_seed_material'
-- Conan: Component target declared 'absl::str_format_internal'
-- Conan: Component target declared 'absl::time'
-- Conan: Component target declared 'absl::examine_stack'
-- Conan: Component target declared 'absl::flags_private_handle_accessor'
-- Conan: Component target declared 'absl::log_internal_globals'
-- Conan: Component target declared 'absl::log_globals'
-- Conan: Component target declared 'absl::log_entry'
-- Conan: Component target declared 'absl::random_internal_pool_urbg'
-- Conan: Component target declared 'absl::random_internal_salted_seed_seq'
-- Conan: Component target declared 'absl::str_format'
-- Conan: Component target declared 'absl::kernel_timeout_internal'
-- Conan: Component target declared 'absl::crc32c'
-- Conan: Component target declared 'absl::failure_signal_handler'
-- Conan: Component target declared 'absl::flags_marshalling'
-- Conan: Component target declared 'absl::log_internal_format'
-- Conan: Component target declared 'absl::log_initialize'
-- Conan: Component target declared 'absl::log_sink'
-- Conan: Component target declared 'absl::random_seed_sequences'
-- Conan: Component target declared 'absl::random_internal_nonsecure_base'
-- Conan: Component target declared 'absl::random_internal_distribution_test_util'
-- Conan: Component target declared 'absl::synchronization'
-- Conan: Component target declared 'absl::crc_cord_state'
-- Conan: Component target declared 'absl::flags_program_name'
-- Conan: Component target declared 'absl::log_internal_log_sink_set'
-- Conan: Component target declared 'absl::sample_recorder'
-- Conan: Component target declared 'absl::random_random'
-- Conan: Component target declared 'absl::cordz_statistics'
-- Conan: Component target declared 'absl::cordz_handle'
-- Conan: Component target declared 'absl::hashtablez_sampler'
-- Conan: Component target declared 'absl::flags_config'
-- Conan: Component target declared 'absl::log_sink_registry'
-- Conan: Component target declared 'absl::cord_internal'
-- Conan: Component target declared 'absl::raw_hash_set'
-- Conan: Component target declared 'absl::flags_internal'
-- Conan: Component target declared 'absl::log_internal_message'
-- Conan: Component target declared 'absl::cordz_info'
-- Conan: Component target declared 'absl::raw_hash_map'
-- Conan: Component target declared 'absl::log_internal_strip'
-- Conan: Component target declared 'absl::log_internal_structured'
-- Conan: Component target declared 'absl::cordz_sample_token'
-- Conan: Component target declared 'absl::cordz_update_scope'
-- Conan: Component target declared 'absl::log_internal_check_op'
-- Conan: Component target declared 'absl::log_internal_log_impl'
-- Conan: Component target declared 'absl::log_structured'
-- Conan: Component target declared 'absl::cord'
-- Conan: Component target declared 'absl::btree'
-- Conan: Component target declared 'absl::hash_function_defaults'
-- Conan: Component target declared 'absl::log_internal_check_impl'
-- Conan: Component target declared 'absl::absl_log'
-- Conan: Component target declared 'absl::log'
-- Conan: Component target declared 'absl::status'
-- Conan: Component target declared 'absl::flat_hash_map'
-- Conan: Component target declared 'absl::flat_hash_set'
-- Conan: Component target declared 'absl::node_hash_map'
-- Conan: Component target declared 'absl::node_hash_set'
-- Conan: Component target declared 'absl::absl_check'
-- Conan: Component target declared 'absl::check'
-- Conan: Component target declared 'absl::die_if_null'
-- Conan: Component target declared 'absl::log_streamer'
-- Conan: Component target declared 'absl::statusor'
-- Conan: Component target declared 'absl::flags_reflection'
-- Conan: Component target declared 'absl::flags'
-- Conan: Component target declared 'absl::flags_usage_internal'
-- Conan: Component target declared 'absl::log_internal_flags'
-- Conan: Component target declared 'absl::flags_usage'
-- Conan: Component target declared 'absl::log_flags'
-- Conan: Component target declared 'absl::flags_parse'
-- Conan: Target declared 'abseil::abseil'
-- Conan: Including build module from '/home/vscode/.conan2/p/absei72989cb28aac1/p/lib/cmake/conan_trick/cxx_std.cmake'
-- Conan: Component target declared 'protobuf::libprotobuf'
-- Conan: Component target declared 'protobuf::libprotoc'
-- Conan: Target declared 'protobuf::protobuf'
-- Conan: Target declared 'ZLIB::ZLIB'
-- Conan: Including build module from '/home/vscode/.conan2/p/protof8266396c9bed/p/lib/cmake/protobuf/protobuf-generate.cmake'
-- Conan: Including build module from '/home/vscode/.conan2/p/protof8266396c9bed/p/lib/cmake/protobuf/protobuf-module.cmake'
-- Conan: Including build module from '/home/vscode/.conan2/p/protof8266396c9bed/p/lib/cmake/protobuf/protobuf-options.cmake'
-- Conan: Including build module from '/home/vscode/.conan2/p/protof8266396c9bed/p/lib/cmake/protobuf/protobuf-conan-protoc-target.cmake'
-- Conan: Component target declared 'c-ares::cares'
-- Conan: Target declared 're2::re2'
-- Conan: Component target declared 'OpenSSL::Crypto'
-- Conan: Component target declared 'OpenSSL::SSL'
-- Conan: Target declared 'openssl::openssl'
-- Conan: Including build module from '/home/vscode/.conan2/p/opensa9484b37acb9b/p/lib/cmake/conan-official-openssl-variables.cmake'
-- Conan: Including build module from '/home/vscode/.conan2/p/grpc43d6dda3fd901/p/lib/cmake/conan_trick/grpc_cpp_plugin.cmake'
-- Conan: Including build module from '/home/vscode/.conan2/p/grpc43d6dda3fd901/p/lib/cmake/conan_trick/grpc_csharp_plugin.cmake'
-- Conan: Including build module from '/home/vscode/.conan2/p/grpc43d6dda3fd901/p/lib/cmake/conan_trick/grpc_node_plugin.cmake'
-- Conan: Including build module from '/home/vscode/.conan2/p/grpc43d6dda3fd901/p/lib/cmake/conan_trick/grpc_objective_c_plugin.cmake'
-- Conan: Including build module from '/home/vscode/.conan2/p/grpc43d6dda3fd901/p/lib/cmake/conan_trick/grpc_php_plugin.cmake'
-- Conan: Including build module from '/home/vscode/.conan2/p/grpc43d6dda3fd901/p/lib/cmake/conan_trick/grpc_python_plugin.cmake'
-- Conan: Including build module from '/home/vscode/.conan2/p/grpc43d6dda3fd901/p/lib/cmake/conan_trick/grpc_ruby_plugin.cmake'
-- Conan: Target declared 'nlohmann_json::nlohmann_json'
-- Conan: Component target declared 'PahoMqttCpp::paho-mqttpp3-static'
-- Conan: Component target declared 'eclipse-paho-mqtt-c::paho-mqtt3as-static'
-- Conan: Target declared 'vehicle-model::vehicle-model'
[0mFound ccache installation[0m
-- Configuring done
-- Generating done
-- Build files have been written to: /quickbuild/build-linux-x86_64/Release
[0/2] Building CXX object app/src/CMakeFiles/app.dir/VehicleApp.cpp.o[K[1/2] Building CXX object app/src/CMakeFiles/app.dir/VehicleApp.cpp.o[K[1/2] Linking CXX executable bin/app[K[2/2] Linking CXX executable bin/app[K
‚úÖ [SUCCESS] C++ compilation completed successfully
‚ÑπÔ∏è  [INFO] üîç Verifying build output...
‚úÖ [SUCCESS] Build completed successfully!
‚ÑπÔ∏è  [INFO] üìç Executable location: /quickbuild/build/bin/app
‚ÑπÔ∏è  [INFO] üìè Executable size: 14M
‚ÑπÔ∏è  [INFO] üîê Permissions: -rwxr-xr-x

‚ÑπÔ∏è  [INFO] üîß STEP 5/5: Finalizing build...
‚ÑπÔ∏è  [INFO] Build Summary:
============================================
‚úÖ VehicleApp.cpp: Validated and compiled
‚úÖ Dependencies: Pre-installed (cached)
‚úÖ Vehicle Model: Generated from VSS
‚úÖ Executable: /quickbuild/build/bin/app
üìä Size: 13.3MiB
üïê Completed: Wed Jun 18 03:39:00 UTC 2025
============================================

‚úÖ [SUCCESS] üéâ Quick build completed successfully!
‚ÑπÔ∏è  [INFO] üí° Your vehicle app is ready to run!
Completed: Wed Jun 18 10:39:00 AM +07 2025
Exit Code: 0
Duration: 12s

‚úÖ TEST 17 PASSED: Verbose Build Mode

üìä TEST SUMMARY
============================================
Total Tests: 17
Passed: 17
Failed: 0
Success Rate: 100%
Completed: Wed Jun 18 10:39:00 AM +07 2025
